Permission denied (publickey).
--------------------------------------------------------------------------
A daemon (pid 2170) died unexpectedly with status 255 while attempting
to launch so we are aborting.

There may be more information reported by the environment (see above).

This may be because the daemon was unable to find all the needed shared
libraries on the remote node. You may set your LD_LIBRARY_PATH to have the
location of the shared libraries on the remote nodes and this will
automatically be forwarded to the remote nodes.
--------------------------------------------------------------------------
--------------------------------------------------------------------------
mpirun noticed that the job aborted, but has no info as to the process
that caused that situation.
--------------------------------------------------------------------------
Permission denied (publickey).
Permission denied (publickey).
Permission denied (publickey).
Permission denied (publickey).
Permission denied (publickey).
Permission denied (publickey).
Permission denied (publickey).
--------------------------------------------------------------------------
A daemon (pid 2179) died unexpectedly with status 255 while attempting
to launch so we are aborting.

There may be more information reported by the environment (see above).

This may be because the daemon was unable to find all the needed shared
libraries on the remote node. You may set your LD_LIBRARY_PATH to have the
location of the shared libraries on the remote nodes and this will
automatically be forwarded to the remote nodes.
--------------------------------------------------------------------------
--------------------------------------------------------------------------
mpirun noticed that the job aborted, but has no info as to the process
that caused that situation.
--------------------------------------------------------------------------
Permission denied (publickey).
Permission denied (publickey).
Permission denied (publickey).
Permission denied (publickey).
Permission denied (publickey).
Permission denied (publickey).
Permission denied (publickey).
--------------------------------------------------------------------------
A daemon (pid 2185) died unexpectedly with status 255 while attempting
to launch so we are aborting.

There may be more information reported by the environment (see above).

This may be because the daemon was unable to find all the needed shared
libraries on the remote node. You may set your LD_LIBRARY_PATH to have the
location of the shared libraries on the remote nodes and this will
automatically be forwarded to the remote nodes.
--------------------------------------------------------------------------
--------------------------------------------------------------------------
mpirun noticed that the job aborted, but has no info as to the process
that caused that situation.
--------------------------------------------------------------------------
Permission denied (publickey).
Permission denied (publickey).
Permission denied (publickey).
Permission denied (publickey).
Permission denied (publickey).
Permission denied (publickey).
Permission denied (publickey).
--------------------------------------------------------------------------
A daemon (pid 2194) died unexpectedly with status 255 while attempting
to launch so we are aborting.

There may be more information reported by the environment (see above).

This may be because the daemon was unable to find all the needed shared
libraries on the remote node. You may set your LD_LIBRARY_PATH to have the
location of the shared libraries on the remote nodes and this will
automatically be forwarded to the remote nodes.
--------------------------------------------------------------------------
--------------------------------------------------------------------------
mpirun noticed that the job aborted, but has no info as to the process
that caused that situation.
--------------------------------------------------------------------------
Permission denied (publickey).
Permission denied (publickey).
Permission denied (publickey).
Permission denied (publickey).
Permission denied (publickey).
Permission denied (publickey).
Permission denied (publickey).
--------------------------------------------------------------------------
A daemon (pid 2200) died unexpectedly with status 255 while attempting
to launch so we are aborting.

There may be more information reported by the environment (see above).

This may be because the daemon was unable to find all the needed shared
libraries on the remote node. You may set your LD_LIBRARY_PATH to have the
location of the shared libraries on the remote nodes and this will
automatically be forwarded to the remote nodes.
--------------------------------------------------------------------------
--------------------------------------------------------------------------
mpirun noticed that the job aborted, but has no info as to the process
that caused that situation.
--------------------------------------------------------------------------
Permission denied (publickey).
Permission denied (publickey).
Permission denied (publickey).
Permission denied (publickey).
Permission denied (publickey).
Permission denied (publickey).
Permission denied (publickey).
--------------------------------------------------------------------------
A daemon (pid 2210) died unexpectedly with status 255 while attempting
to launch so we are aborting.

There may be more information reported by the environment (see above).

This may be because the daemon was unable to find all the needed shared
libraries on the remote node. You may set your LD_LIBRARY_PATH to have the
location of the shared libraries on the remote nodes and this will
automatically be forwarded to the remote nodes.
--------------------------------------------------------------------------
--------------------------------------------------------------------------
mpirun noticed that the job aborted, but has no info as to the process
that caused that situation.
--------------------------------------------------------------------------
Permission denied (publickey).
Permission denied (publickey).
Permission denied (publickey).
Permission denied (publickey).
Permission denied (publickey).
Permission denied (publickey).
Permission denied (publickey).
--------------------------------------------------------------------------
A daemon (pid 2219) died unexpectedly with status 255 while attempting
to launch so we are aborting.

There may be more information reported by the environment (see above).

This may be because the daemon was unable to find all the needed shared
libraries on the remote node. You may set your LD_LIBRARY_PATH to have the
location of the shared libraries on the remote nodes and this will
automatically be forwarded to the remote nodes.
--------------------------------------------------------------------------
--------------------------------------------------------------------------
mpirun noticed that the job aborted, but has no info as to the process
that caused that situation.
--------------------------------------------------------------------------
Permission denied (publickey).
Permission denied (publickey).
Permission denied (publickey).
Permission denied (publickey).
Permission denied (publickey).
Permission denied (publickey).
Permission denied (publickey).
--------------------------------------------------------------------------
A daemon (pid 2224) died unexpectedly with status 255 while attempting
to launch so we are aborting.

There may be more information reported by the environment (see above).

This may be because the daemon was unable to find all the needed shared
libraries on the remote node. You may set your LD_LIBRARY_PATH to have the
location of the shared libraries on the remote nodes and this will
automatically be forwarded to the remote nodes.
--------------------------------------------------------------------------
--------------------------------------------------------------------------
mpirun noticed that the job aborted, but has no info as to the process
that caused that situation.
--------------------------------------------------------------------------
Permission denied (publickey).
Permission denied (publickey).
Permission denied (publickey).
Permission denied (publickey).
Permission denied (publickey).
Permission denied (publickey).
Permission denied (publickey).
--------------------------------------------------------------------------
A daemon (pid 2233) died unexpectedly with status 255 while attempting
to launch so we are aborting.

There may be more information reported by the environment (see above).

This may be because the daemon was unable to find all the needed shared
libraries on the remote node. You may set your LD_LIBRARY_PATH to have the
location of the shared libraries on the remote nodes and this will
automatically be forwarded to the remote nodes.
--------------------------------------------------------------------------
--------------------------------------------------------------------------
mpirun noticed that the job aborted, but has no info as to the process
that caused that situation.
--------------------------------------------------------------------------
Permission denied (publickey).
Permission denied (publickey).
Permission denied (publickey).
Permission denied (publickey).
Permission denied (publickey).
Permission denied (publickey).
Permission denied (publickey).
--------------------------------------------------------------------------
A daemon (pid 2242) died unexpectedly with status 255 while attempting
to launch so we are aborting.

There may be more information reported by the environment (see above).

This may be because the daemon was unable to find all the needed shared
libraries on the remote node. You may set your LD_LIBRARY_PATH to have the
location of the shared libraries on the remote nodes and this will
automatically be forwarded to the remote nodes.
--------------------------------------------------------------------------
--------------------------------------------------------------------------
mpirun noticed that the job aborted, but has no info as to the process
that caused that situation.
--------------------------------------------------------------------------
Permission denied (publickey).
Permission denied (publickey).
Permission denied (publickey).

 Performance counter stats for 'mpirun -np 8 -hostfile hostfile ./mandelbrot_mpi --allow-run-as-root 0.175 0.375 -0.1 0.1 8192' (10 runs):

        108.116438      task-clock (msec)         #    0.189 CPUs utilized            ( +-  8.47% )
               105      context-switches          #    0.971 K/sec                    ( +-  4.05% )
                 0      cpu-migrations            #    0.000 K/sec                  
             3,186      page-faults               #    0.029 M/sec                    ( +-  0.13% )
   <not supported>      cycles                   
   <not supported>      stalled-cycles-frontend  
   <not supported>      stalled-cycles-backend   
   <not supported>      instructions             
   <not supported>      branches                 
   <not supported>      branch-misses            

       0.572104382 seconds time elapsed                                          ( +-  1.46% )

Permission denied (publickey).
Permission denied (publickey).
Permission denied (publickey).
