Permission denied (publickey).
--------------------------------------------------------------------------
A daemon (pid 2001) died unexpectedly with status 255 while attempting
to launch so we are aborting.

There may be more information reported by the environment (see above).

This may be because the daemon was unable to find all the needed shared
libraries on the remote node. You may set your LD_LIBRARY_PATH to have the
location of the shared libraries on the remote nodes and this will
automatically be forwarded to the remote nodes.
--------------------------------------------------------------------------
--------------------------------------------------------------------------
mpirun noticed that the job aborted, but has no info as to the process
that caused that situation.
--------------------------------------------------------------------------
Permission denied (publickey).
Permission denied (publickey).
Permission denied (publickey).
Permission denied (publickey).
Permission denied (publickey).
Permission denied (publickey).
Permission denied (publickey).
--------------------------------------------------------------------------
A daemon (pid 2012) died unexpectedly with status 255 while attempting
to launch so we are aborting.

There may be more information reported by the environment (see above).

This may be because the daemon was unable to find all the needed shared
libraries on the remote node. You may set your LD_LIBRARY_PATH to have the
location of the shared libraries on the remote nodes and this will
automatically be forwarded to the remote nodes.
--------------------------------------------------------------------------
--------------------------------------------------------------------------
mpirun noticed that the job aborted, but has no info as to the process
that caused that situation.
--------------------------------------------------------------------------
Permission denied (publickey).
Permission denied (publickey).
Permission denied (publickey).
Permission denied (publickey).
Permission denied (publickey).
Permission denied (publickey).
Permission denied (publickey).
--------------------------------------------------------------------------
A daemon (pid 2019) died unexpectedly with status 255 while attempting
to launch so we are aborting.

There may be more information reported by the environment (see above).

This may be because the daemon was unable to find all the needed shared
libraries on the remote node. You may set your LD_LIBRARY_PATH to have the
location of the shared libraries on the remote nodes and this will
automatically be forwarded to the remote nodes.
--------------------------------------------------------------------------
--------------------------------------------------------------------------
mpirun noticed that the job aborted, but has no info as to the process
that caused that situation.
--------------------------------------------------------------------------
Permission denied (publickey).
Permission denied (publickey).
Permission denied (publickey).
Permission denied (publickey).
Permission denied (publickey).
Permission denied (publickey).
Permission denied (publickey).
--------------------------------------------------------------------------
A daemon (pid 2028) died unexpectedly with status 255 while attempting
to launch so we are aborting.

There may be more information reported by the environment (see above).

This may be because the daemon was unable to find all the needed shared
libraries on the remote node. You may set your LD_LIBRARY_PATH to have the
location of the shared libraries on the remote nodes and this will
automatically be forwarded to the remote nodes.
--------------------------------------------------------------------------
--------------------------------------------------------------------------
mpirun noticed that the job aborted, but has no info as to the process
that caused that situation.
--------------------------------------------------------------------------
Permission denied (publickey).
Permission denied (publickey).
Permission denied (publickey).
Permission denied (publickey).
Permission denied (publickey).
Permission denied (publickey).
Permission denied (publickey).
--------------------------------------------------------------------------
A daemon (pid 2039) died unexpectedly with status 255 while attempting
to launch so we are aborting.

There may be more information reported by the environment (see above).

This may be because the daemon was unable to find all the needed shared
libraries on the remote node. You may set your LD_LIBRARY_PATH to have the
location of the shared libraries on the remote nodes and this will
automatically be forwarded to the remote nodes.
--------------------------------------------------------------------------
--------------------------------------------------------------------------
mpirun noticed that the job aborted, but has no info as to the process
that caused that situation.
--------------------------------------------------------------------------
Permission denied (publickey).
Permission denied (publickey).
Permission denied (publickey).
Permission denied (publickey).
Permission denied (publickey).
Permission denied (publickey).
Permission denied (publickey).
--------------------------------------------------------------------------
A daemon (pid 2044) died unexpectedly with status 255 while attempting
to launch so we are aborting.

There may be more information reported by the environment (see above).

This may be because the daemon was unable to find all the needed shared
libraries on the remote node. You may set your LD_LIBRARY_PATH to have the
location of the shared libraries on the remote nodes and this will
automatically be forwarded to the remote nodes.
--------------------------------------------------------------------------
--------------------------------------------------------------------------
mpirun noticed that the job aborted, but has no info as to the process
that caused that situation.
--------------------------------------------------------------------------
Permission denied (publickey).
Permission denied (publickey).
Permission denied (publickey).
Permission denied (publickey).
Permission denied (publickey).
Permission denied (publickey).
Permission denied (publickey).
--------------------------------------------------------------------------
A daemon (pid 2052) died unexpectedly with status 255 while attempting
to launch so we are aborting.

There may be more information reported by the environment (see above).

This may be because the daemon was unable to find all the needed shared
libraries on the remote node. You may set your LD_LIBRARY_PATH to have the
location of the shared libraries on the remote nodes and this will
automatically be forwarded to the remote nodes.
--------------------------------------------------------------------------
--------------------------------------------------------------------------
mpirun noticed that the job aborted, but has no info as to the process
that caused that situation.
--------------------------------------------------------------------------
Permission denied (publickey).
Permission denied (publickey).
Permission denied (publickey).
Permission denied (publickey).
Permission denied (publickey).
Permission denied (publickey).
Permission denied (publickey).
--------------------------------------------------------------------------
A daemon (pid 2058) died unexpectedly with status 255 while attempting
to launch so we are aborting.

There may be more information reported by the environment (see above).

This may be because the daemon was unable to find all the needed shared
libraries on the remote node. You may set your LD_LIBRARY_PATH to have the
location of the shared libraries on the remote nodes and this will
automatically be forwarded to the remote nodes.
--------------------------------------------------------------------------
--------------------------------------------------------------------------
mpirun noticed that the job aborted, but has no info as to the process
that caused that situation.
--------------------------------------------------------------------------
Permission denied (publickey).
Permission denied (publickey).
Permission denied (publickey).
Permission denied (publickey).
Permission denied (publickey).
Permission denied (publickey).
Permission denied (publickey).
--------------------------------------------------------------------------
A daemon (pid 2069) died unexpectedly with status 255 while attempting
to launch so we are aborting.

There may be more information reported by the environment (see above).

This may be because the daemon was unable to find all the needed shared
libraries on the remote node. You may set your LD_LIBRARY_PATH to have the
location of the shared libraries on the remote nodes and this will
automatically be forwarded to the remote nodes.
--------------------------------------------------------------------------
--------------------------------------------------------------------------
mpirun noticed that the job aborted, but has no info as to the process
that caused that situation.
--------------------------------------------------------------------------
Permission denied (publickey).
Permission denied (publickey).
Permission denied (publickey).
Permission denied (publickey).
Permission denied (publickey).
Permission denied (publickey).
Permission denied (publickey).
--------------------------------------------------------------------------
A daemon (pid 2075) died unexpectedly with status 255 while attempting
to launch so we are aborting.

There may be more information reported by the environment (see above).

This may be because the daemon was unable to find all the needed shared
libraries on the remote node. You may set your LD_LIBRARY_PATH to have the
location of the shared libraries on the remote nodes and this will
automatically be forwarded to the remote nodes.
--------------------------------------------------------------------------
--------------------------------------------------------------------------
mpirun noticed that the job aborted, but has no info as to the process
that caused that situation.
--------------------------------------------------------------------------

 Performance counter stats for 'mpirun -np 8 -hostfile hostfile ./mandelbrot_mpi --allow-run-as-root -2.5 1.5 -2.0 2.0 8192' (10 runs):

        110.686950      task-clock (msec)         #    0.172 CPUs utilized            ( +-  4.72% )
               103      context-switches          #    0.931 K/sec                    ( +-  3.28% )
                 0      cpu-migrations            #    0.000 K/sec                  
             3,188      page-faults               #    0.029 M/sec                    ( +-  0.12% )
   <not supported>      cycles                   
   <not supported>      stalled-cycles-frontend  
   <not supported>      stalled-cycles-backend   
   <not supported>      instructions             
   <not supported>      branches                 
   <not supported>      branch-misses            

       0.644633084 seconds time elapsed                                          ( +-  8.92% )

Permission denied (publickey).
Permission denied (publickey).
Permission denied (publickey).
Permission denied (publickey).
Permission denied (publickey).
Permission denied (publickey).
