Permission denied (publickey).
--------------------------------------------------------------------------
A daemon (pid 2088) died unexpectedly with status 255 while attempting
to launch so we are aborting.

There may be more information reported by the environment (see above).

This may be because the daemon was unable to find all the needed shared
libraries on the remote node. You may set your LD_LIBRARY_PATH to have the
location of the shared libraries on the remote nodes and this will
automatically be forwarded to the remote nodes.
--------------------------------------------------------------------------
--------------------------------------------------------------------------
mpirun noticed that the job aborted, but has no info as to the process
that caused that situation.
--------------------------------------------------------------------------
Permission denied (publickey).
Permission denied (publickey).
Permission denied (publickey).
Permission denied (publickey).
Permission denied (publickey).
Permission denied (publickey).
Permission denied (publickey).
--------------------------------------------------------------------------
A daemon (pid 2094) died unexpectedly with status 255 while attempting
to launch so we are aborting.

There may be more information reported by the environment (see above).

This may be because the daemon was unable to find all the needed shared
libraries on the remote node. You may set your LD_LIBRARY_PATH to have the
location of the shared libraries on the remote nodes and this will
automatically be forwarded to the remote nodes.
--------------------------------------------------------------------------
--------------------------------------------------------------------------
mpirun noticed that the job aborted, but has no info as to the process
that caused that situation.
--------------------------------------------------------------------------
Permission denied (publickey).
Permission denied (publickey).
Permission denied (publickey).
Permission denied (publickey).
Permission denied (publickey).
Permission denied (publickey).
Permission denied (publickey).
--------------------------------------------------------------------------
A daemon (pid 2105) died unexpectedly with status 255 while attempting
to launch so we are aborting.

There may be more information reported by the environment (see above).

This may be because the daemon was unable to find all the needed shared
libraries on the remote node. You may set your LD_LIBRARY_PATH to have the
location of the shared libraries on the remote nodes and this will
automatically be forwarded to the remote nodes.
--------------------------------------------------------------------------
--------------------------------------------------------------------------
mpirun noticed that the job aborted, but has no info as to the process
that caused that situation.
--------------------------------------------------------------------------
Permission denied (publickey).
Permission denied (publickey).
Permission denied (publickey).
Permission denied (publickey).
Permission denied (publickey).
Permission denied (publickey).
Permission denied (publickey).
Permission denied (publickey).
--------------------------------------------------------------------------
A daemon (pid 2113) died unexpectedly with status 255 while attempting
to launch so we are aborting.

There may be more information reported by the environment (see above).

This may be because the daemon was unable to find all the needed shared
libraries on the remote node. You may set your LD_LIBRARY_PATH to have the
location of the shared libraries on the remote nodes and this will
automatically be forwarded to the remote nodes.
--------------------------------------------------------------------------
--------------------------------------------------------------------------
mpirun noticed that the job aborted, but has no info as to the process
that caused that situation.
--------------------------------------------------------------------------
Permission denied (publickey).
Permission denied (publickey).
Permission denied (publickey).
Permission denied (publickey).
Permission denied (publickey).
Permission denied (publickey).
--------------------------------------------------------------------------
A daemon (pid 2116) died unexpectedly with status 255 while attempting
to launch so we are aborting.

There may be more information reported by the environment (see above).

This may be because the daemon was unable to find all the needed shared
libraries on the remote node. You may set your LD_LIBRARY_PATH to have the
location of the shared libraries on the remote nodes and this will
automatically be forwarded to the remote nodes.
--------------------------------------------------------------------------
--------------------------------------------------------------------------
mpirun noticed that the job aborted, but has no info as to the process
that caused that situation.
--------------------------------------------------------------------------
Permission denied (publickey).
Permission denied (publickey).
Permission denied (publickey).
Permission denied (publickey).
Permission denied (publickey).
Permission denied (publickey).
Permission denied (publickey).
Permission denied (publickey).
--------------------------------------------------------------------------
A daemon (pid 2129) died unexpectedly with status 255 while attempting
to launch so we are aborting.

There may be more information reported by the environment (see above).

This may be because the daemon was unable to find all the needed shared
libraries on the remote node. You may set your LD_LIBRARY_PATH to have the
location of the shared libraries on the remote nodes and this will
automatically be forwarded to the remote nodes.
--------------------------------------------------------------------------
--------------------------------------------------------------------------
mpirun noticed that the job aborted, but has no info as to the process
that caused that situation.
--------------------------------------------------------------------------
Permission denied (publickey).
Permission denied (publickey).
Permission denied (publickey).
Permission denied (publickey).
Permission denied (publickey).
Permission denied (publickey).
--------------------------------------------------------------------------
A daemon (pid 2137) died unexpectedly with status 255 while attempting
to launch so we are aborting.

There may be more information reported by the environment (see above).

This may be because the daemon was unable to find all the needed shared
libraries on the remote node. You may set your LD_LIBRARY_PATH to have the
location of the shared libraries on the remote nodes and this will
automatically be forwarded to the remote nodes.
--------------------------------------------------------------------------
--------------------------------------------------------------------------
mpirun noticed that the job aborted, but has no info as to the process
that caused that situation.
--------------------------------------------------------------------------
Permission denied (publickey).
Permission denied (publickey).
Permission denied (publickey).
Permission denied (publickey).
Permission denied (publickey).
Permission denied (publickey).
Permission denied (publickey).
--------------------------------------------------------------------------
A daemon (pid 2144) died unexpectedly with status 255 while attempting
to launch so we are aborting.

There may be more information reported by the environment (see above).

This may be because the daemon was unable to find all the needed shared
libraries on the remote node. You may set your LD_LIBRARY_PATH to have the
location of the shared libraries on the remote nodes and this will
automatically be forwarded to the remote nodes.
--------------------------------------------------------------------------
--------------------------------------------------------------------------
mpirun noticed that the job aborted, but has no info as to the process
that caused that situation.
--------------------------------------------------------------------------
Permission denied (publickey).
Permission denied (publickey).
Permission denied (publickey).
Permission denied (publickey).
Permission denied (publickey).
Permission denied (publickey).
Permission denied (publickey).
--------------------------------------------------------------------------
A daemon (pid 2148) died unexpectedly with status 255 while attempting
to launch so we are aborting.

There may be more information reported by the environment (see above).

This may be because the daemon was unable to find all the needed shared
libraries on the remote node. You may set your LD_LIBRARY_PATH to have the
location of the shared libraries on the remote nodes and this will
automatically be forwarded to the remote nodes.
--------------------------------------------------------------------------
--------------------------------------------------------------------------
mpirun noticed that the job aborted, but has no info as to the process
that caused that situation.
--------------------------------------------------------------------------
Permission denied (publickey).
Permission denied (publickey).
Permission denied (publickey).
Permission denied (publickey).
Permission denied (publickey).
Permission denied (publickey).
Permission denied (publickey).
--------------------------------------------------------------------------
A daemon (pid 2160) died unexpectedly with status 255 while attempting
to launch so we are aborting.

There may be more information reported by the environment (see above).

This may be because the daemon was unable to find all the needed shared
libraries on the remote node. You may set your LD_LIBRARY_PATH to have the
location of the shared libraries on the remote nodes and this will
automatically be forwarded to the remote nodes.
--------------------------------------------------------------------------
--------------------------------------------------------------------------
mpirun noticed that the job aborted, but has no info as to the process
that caused that situation.
--------------------------------------------------------------------------

 Performance counter stats for 'mpirun -np 8 -hostfile hostfile ./mandelbrot_mpi --allow-run-as-root -0.8 -0.7 0.05 0.15 8192' (10 runs):

        112.936097      task-clock (msec)         #    0.195 CPUs utilized            ( +-  5.09% )
               103      context-switches          #    0.913 K/sec                    ( +-  3.19% )
                 0      cpu-migrations            #    0.000 K/sec                  
             3,184      page-faults               #    0.028 M/sec                    ( +-  0.14% )
   <not supported>      cycles                   
   <not supported>      stalled-cycles-frontend  
   <not supported>      stalled-cycles-backend   
   <not supported>      instructions             
   <not supported>      branches                 
   <not supported>      branch-misses            

       0.579594411 seconds time elapsed                                          ( +-  1.41% )

Permission denied (publickey).
Permission denied (publickey).
Permission denied (publickey).
Permission denied (publickey).
Permission denied (publickey).
Permission denied (publickey).
