Permission denied (publickey).
--------------------------------------------------------------------------
A daemon (pid 2253) died unexpectedly with status 255 while attempting
to launch so we are aborting.

There may be more information reported by the environment (see above).

This may be because the daemon was unable to find all the needed shared
libraries on the remote node. You may set your LD_LIBRARY_PATH to have the
location of the shared libraries on the remote nodes and this will
automatically be forwarded to the remote nodes.
--------------------------------------------------------------------------
--------------------------------------------------------------------------
mpirun noticed that the job aborted, but has no info as to the process
that caused that situation.
--------------------------------------------------------------------------
Permission denied (publickey).
Permission denied (publickey).
Permission denied (publickey).
Permission denied (publickey).
Permission denied (publickey).
Permission denied (publickey).
Permission denied (publickey).
--------------------------------------------------------------------------
A daemon (pid 2261) died unexpectedly with status 255 while attempting
to launch so we are aborting.

There may be more information reported by the environment (see above).

This may be because the daemon was unable to find all the needed shared
libraries on the remote node. You may set your LD_LIBRARY_PATH to have the
location of the shared libraries on the remote nodes and this will
automatically be forwarded to the remote nodes.
--------------------------------------------------------------------------
--------------------------------------------------------------------------
mpirun noticed that the job aborted, but has no info as to the process
that caused that situation.
--------------------------------------------------------------------------
Permission denied (publickey).
Permission denied (publickey).
Permission denied (publickey).
Permission denied (publickey).
Permission denied (publickey).
Permission denied (publickey).
Permission denied (publickey).
Permission denied (publickey).
--------------------------------------------------------------------------
A daemon (pid 2269) died unexpectedly with status 255 while attempting
to launch so we are aborting.

There may be more information reported by the environment (see above).

This may be because the daemon was unable to find all the needed shared
libraries on the remote node. You may set your LD_LIBRARY_PATH to have the
location of the shared libraries on the remote nodes and this will
automatically be forwarded to the remote nodes.
--------------------------------------------------------------------------
--------------------------------------------------------------------------
mpirun noticed that the job aborted, but has no info as to the process
that caused that situation.
--------------------------------------------------------------------------
Permission denied (publickey).
Permission denied (publickey).
Permission denied (publickey).
Permission denied (publickey).
Permission denied (publickey).
Permission denied (publickey).
--------------------------------------------------------------------------
A daemon (pid 2273) died unexpectedly with status 255 while attempting
to launch so we are aborting.

There may be more information reported by the environment (see above).

This may be because the daemon was unable to find all the needed shared
libraries on the remote node. You may set your LD_LIBRARY_PATH to have the
location of the shared libraries on the remote nodes and this will
automatically be forwarded to the remote nodes.
--------------------------------------------------------------------------
--------------------------------------------------------------------------
mpirun noticed that the job aborted, but has no info as to the process
that caused that situation.
--------------------------------------------------------------------------
Permission denied (publickey).
Permission denied (publickey).
Permission denied (publickey).
Permission denied (publickey).
Permission denied (publickey).
Permission denied (publickey).
Permission denied (publickey).
--------------------------------------------------------------------------
A daemon (pid 2281) died unexpectedly with status 255 while attempting
to launch so we are aborting.

There may be more information reported by the environment (see above).

This may be because the daemon was unable to find all the needed shared
libraries on the remote node. You may set your LD_LIBRARY_PATH to have the
location of the shared libraries on the remote nodes and this will
automatically be forwarded to the remote nodes.
--------------------------------------------------------------------------
--------------------------------------------------------------------------
mpirun noticed that the job aborted, but has no info as to the process
that caused that situation.
--------------------------------------------------------------------------
Permission denied (publickey).
Permission denied (publickey).
Permission denied (publickey).
Permission denied (publickey).
Permission denied (publickey).
Permission denied (publickey).
Permission denied (publickey).
--------------------------------------------------------------------------
A daemon (pid 2293) died unexpectedly with status 255 while attempting
to launch so we are aborting.

There may be more information reported by the environment (see above).

This may be because the daemon was unable to find all the needed shared
libraries on the remote node. You may set your LD_LIBRARY_PATH to have the
location of the shared libraries on the remote nodes and this will
automatically be forwarded to the remote nodes.
--------------------------------------------------------------------------
--------------------------------------------------------------------------
mpirun noticed that the job aborted, but has no info as to the process
that caused that situation.
--------------------------------------------------------------------------
Permission denied (publickey).
Permission denied (publickey).
Permission denied (publickey).
Permission denied (publickey).
Permission denied (publickey).
Permission denied (publickey).
Permission denied (publickey).
--------------------------------------------------------------------------
A daemon (pid 2300) died unexpectedly with status 255 while attempting
to launch so we are aborting.

There may be more information reported by the environment (see above).

This may be because the daemon was unable to find all the needed shared
libraries on the remote node. You may set your LD_LIBRARY_PATH to have the
location of the shared libraries on the remote nodes and this will
automatically be forwarded to the remote nodes.
--------------------------------------------------------------------------
--------------------------------------------------------------------------
mpirun noticed that the job aborted, but has no info as to the process
that caused that situation.
--------------------------------------------------------------------------
Permission denied (publickey).
Permission denied (publickey).
Permission denied (publickey).
Permission denied (publickey).
Permission denied (publickey).
Permission denied (publickey).
Permission denied (publickey).
--------------------------------------------------------------------------
A daemon (pid 2308) died unexpectedly with status 255 while attempting
to launch so we are aborting.

There may be more information reported by the environment (see above).

This may be because the daemon was unable to find all the needed shared
libraries on the remote node. You may set your LD_LIBRARY_PATH to have the
location of the shared libraries on the remote nodes and this will
automatically be forwarded to the remote nodes.
--------------------------------------------------------------------------
--------------------------------------------------------------------------
mpirun noticed that the job aborted, but has no info as to the process
that caused that situation.
--------------------------------------------------------------------------
Permission denied (publickey).
Permission denied (publickey).
Permission denied (publickey).
Permission denied (publickey).
Permission denied (publickey).
Permission denied (publickey).
Permission denied (publickey).
--------------------------------------------------------------------------
A daemon (pid 2312) died unexpectedly with status 255 while attempting
to launch so we are aborting.

There may be more information reported by the environment (see above).

This may be because the daemon was unable to find all the needed shared
libraries on the remote node. You may set your LD_LIBRARY_PATH to have the
location of the shared libraries on the remote nodes and this will
automatically be forwarded to the remote nodes.
--------------------------------------------------------------------------
--------------------------------------------------------------------------
mpirun noticed that the job aborted, but has no info as to the process
that caused that situation.
--------------------------------------------------------------------------
Permission denied (publickey).
Permission denied (publickey).
Permission denied (publickey).
Permission denied (publickey).
Permission denied (publickey).
Permission denied (publickey).
Permission denied (publickey).
Permission denied (publickey).
Permission denied (publickey).
--------------------------------------------------------------------------
A daemon (pid 2325) died unexpectedly with status 255 while attempting
to launch so we are aborting.

There may be more information reported by the environment (see above).

This may be because the daemon was unable to find all the needed shared
libraries on the remote node. You may set your LD_LIBRARY_PATH to have the
location of the shared libraries on the remote nodes and this will
automatically be forwarded to the remote nodes.
--------------------------------------------------------------------------
--------------------------------------------------------------------------
mpirun noticed that the job aborted, but has no info as to the process
that caused that situation.
--------------------------------------------------------------------------

 Performance counter stats for 'mpirun -np 8 -hostfile hostfile ./mandelbrot_mpi --allow-run-as-root -0.188 -0.012 0.554 0.754 8192' (10 runs):

        117.075856      task-clock (msec)         #    0.202 CPUs utilized            ( +-  5.04% )
               103      context-switches          #    0.879 K/sec                    ( +-  4.32% )
                 0      cpu-migrations            #    0.000 K/sec                  
             3,185      page-faults               #    0.027 M/sec                    ( +-  0.15% )
   <not supported>      cycles                   
   <not supported>      stalled-cycles-frontend  
   <not supported>      stalled-cycles-backend   
   <not supported>      instructions             
   <not supported>      branches                 
   <not supported>      branch-misses            

       0.579707850 seconds time elapsed                                          ( +-  0.88% )

Permission denied (publickey).
Permission denied (publickey).
Permission denied (publickey).
Permission denied (publickey).
