
 Performance counter stats for './mandelbrot_pth 0.175 0.375 -0.1 0.1 16 2' (10 runs):

          0.870237      task-clock (msec)         #    0.850 CPUs utilized            ( +-  1.43% )
                 1      context-switches          #    0.001 M/sec                  
                 2      cpu-migrations            #    0.002 M/sec                  
                62      page-faults               #    0.071 M/sec                    ( +-  0.56% )
   <not supported>      cycles                   
   <not supported>      stalled-cycles-frontend  
   <not supported>      stalled-cycles-backend   
   <not supported>      instructions             
   <not supported>      branches                 
   <not supported>      branch-misses            

       0.001023393 seconds time elapsed                                          ( +-  1.43% )


 Performance counter stats for './mandelbrot_pth 0.175 0.375 -0.1 0.1 16 4' (10 runs):

          0.912971      task-clock (msec)         #    1.070 CPUs utilized            ( +-  2.57% )
                 1      context-switches          #    0.002 M/sec                    ( +- 15.79% )
                 4      cpu-migrations            #    0.004 M/sec                  
                66      page-faults               #    0.073 M/sec                    ( +-  0.38% )
   <not supported>      cycles                   
   <not supported>      stalled-cycles-frontend  
   <not supported>      stalled-cycles-backend   
   <not supported>      instructions             
   <not supported>      branches                 
   <not supported>      branch-misses            

       0.000853089 seconds time elapsed                                          ( +-  2.85% )


 Performance counter stats for './mandelbrot_pth 0.175 0.375 -0.1 0.1 16 8' (10 runs):

          1.056734      task-clock (msec)         #    1.199 CPUs utilized            ( +-  1.12% )
                 6      context-switches          #    0.006 M/sec                    ( +- 18.12% )
                 8      cpu-migrations            #    0.007 M/sec                    ( +-  1.71% )
                74      page-faults               #    0.071 M/sec                    ( +-  0.30% )
   <not supported>      cycles                   
   <not supported>      stalled-cycles-frontend  
   <not supported>      stalled-cycles-backend   
   <not supported>      instructions             
   <not supported>      branches                 
   <not supported>      branch-misses            

       0.000881636 seconds time elapsed                                          ( +-  1.24% )


 Performance counter stats for './mandelbrot_pth 0.175 0.375 -0.1 0.1 16 16' (10 runs):

          1.301103      task-clock (msec)         #    1.182 CPUs utilized            ( +-  1.16% )
                19      context-switches          #    0.014 M/sec                    ( +-  5.25% )
                16      cpu-migrations            #    0.012 M/sec                  
                91      page-faults               #    0.070 M/sec                    ( +-  0.24% )
   <not supported>      cycles                   
   <not supported>      stalled-cycles-frontend  
   <not supported>      stalled-cycles-backend   
   <not supported>      instructions             
   <not supported>      branches                 
   <not supported>      branch-misses            

       0.001101196 seconds time elapsed                                          ( +-  2.22% )


 Performance counter stats for './mandelbrot_pth 0.175 0.375 -0.1 0.1 16 32' (10 runs):

          1.340364      task-clock (msec)         #    0.939 CPUs utilized            ( +-  5.80% )
                23      context-switches          #    0.017 M/sec                    ( +- 10.37% )
                32      cpu-migrations            #    0.024 M/sec                  
               124      page-faults               #    0.093 M/sec                    ( +-  0.25% )
   <not supported>      cycles                   
   <not supported>      stalled-cycles-frontend  
   <not supported>      stalled-cycles-backend   
   <not supported>      instructions             
   <not supported>      branches                 
   <not supported>      branch-misses            

       0.001427125 seconds time elapsed                                          ( +-  5.96% )


 Performance counter stats for './mandelbrot_pth 0.175 0.375 -0.1 0.1 32 2' (10 runs):

          1.948085      task-clock (msec)         #    1.153 CPUs utilized            ( +-  0.58% )
                 1      context-switches          #    0.513 K/sec                  
                 2      cpu-migrations            #    0.001 M/sec                    ( +-  9.09% )
                70      page-faults               #    0.036 M/sec                    ( +-  0.31% )
   <not supported>      cycles                   
   <not supported>      stalled-cycles-frontend  
   <not supported>      stalled-cycles-backend   
   <not supported>      instructions             
   <not supported>      branches                 
   <not supported>      branch-misses            

       0.001689996 seconds time elapsed                                          ( +-  0.58% )


 Performance counter stats for './mandelbrot_pth 0.175 0.375 -0.1 0.1 32 4' (10 runs):

          1.999941      task-clock (msec)         #    1.611 CPUs utilized            ( +-  0.41% )
                 2      context-switches          #    0.750 K/sec                    ( +- 11.11% )
                 4      cpu-migrations            #    0.002 M/sec                  
                74      page-faults               #    0.037 M/sec                    ( +-  0.34% )
   <not supported>      cycles                   
   <not supported>      stalled-cycles-frontend  
   <not supported>      stalled-cycles-backend   
   <not supported>      instructions             
   <not supported>      branches                 
   <not supported>      branch-misses            

       0.001241163 seconds time elapsed                                          ( +-  0.74% )


 Performance counter stats for './mandelbrot_pth 0.175 0.375 -0.1 0.1 32 8' (10 runs):

          2.190789      task-clock (msec)         #    1.946 CPUs utilized            ( +-  0.86% )
                 2      context-switches          #    0.913 K/sec                    ( +- 12.91% )
                 7      cpu-migrations            #    0.003 M/sec                  
                82      page-faults               #    0.037 M/sec                    ( +-  0.26% )
   <not supported>      cycles                   
   <not supported>      stalled-cycles-frontend  
   <not supported>      stalled-cycles-backend   
   <not supported>      instructions             
   <not supported>      branches                 
   <not supported>      branch-misses            

       0.001125591 seconds time elapsed                                          ( +-  1.81% )


 Performance counter stats for './mandelbrot_pth 0.175 0.375 -0.1 0.1 32 16' (10 runs):

          2.440097      task-clock (msec)         #    2.057 CPUs utilized            ( +-  0.95% )
                20      context-switches          #    0.008 M/sec                    ( +- 13.32% )
                17      cpu-migrations            #    0.007 M/sec                    ( +-  3.28% )
                99      page-faults               #    0.041 M/sec                    ( +-  0.29% )
   <not supported>      cycles                   
   <not supported>      stalled-cycles-frontend  
   <not supported>      stalled-cycles-backend   
   <not supported>      instructions             
   <not supported>      branches                 
   <not supported>      branch-misses            

       0.001186252 seconds time elapsed                                          ( +-  1.34% )


 Performance counter stats for './mandelbrot_pth 0.175 0.375 -0.1 0.1 32 32' (10 runs):

          2.908031      task-clock (msec)         #    1.973 CPUs utilized            ( +-  0.80% )
                37      context-switches          #    0.013 M/sec                    ( +-  5.32% )
                33      cpu-migrations            #    0.011 M/sec                    ( +-  0.94% )
               132      page-faults               #    0.045 M/sec                    ( +-  0.18% )
   <not supported>      cycles                   
   <not supported>      stalled-cycles-frontend  
   <not supported>      stalled-cycles-backend   
   <not supported>      instructions             
   <not supported>      branches                 
   <not supported>      branch-misses            

       0.001473655 seconds time elapsed                                          ( +-  1.84% )


 Performance counter stats for './mandelbrot_pth 0.175 0.375 -0.1 0.1 64 2' (10 runs):

          6.309593      task-clock (msec)         #    1.366 CPUs utilized            ( +-  0.38% )
                 1      context-switches          #    0.158 K/sec                  
                 2      cpu-migrations            #    0.317 K/sec                  
               100      page-faults               #    0.016 M/sec                    ( +-  0.29% )
   <not supported>      cycles                   
   <not supported>      stalled-cycles-frontend  
   <not supported>      stalled-cycles-backend   
   <not supported>      instructions             
   <not supported>      branches                 
   <not supported>      branch-misses            

       0.004618730 seconds time elapsed                                          ( +-  0.56% )


 Performance counter stats for './mandelbrot_pth 0.175 0.375 -0.1 0.1 64 4' (10 runs):

          6.349933      task-clock (msec)         #    2.247 CPUs utilized            ( +-  0.20% )
                 2      context-switches          #    0.283 K/sec                    ( +-  7.41% )
                 4      cpu-migrations            #    0.646 K/sec                    ( +-  2.44% )
               104      page-faults               #    0.016 M/sec                    ( +-  0.29% )
   <not supported>      cycles                   
   <not supported>      stalled-cycles-frontend  
   <not supported>      stalled-cycles-backend   
   <not supported>      instructions             
   <not supported>      branches                 
   <not supported>      branch-misses            

       0.002825453 seconds time elapsed                                          ( +-  0.62% )


 Performance counter stats for './mandelbrot_pth 0.175 0.375 -0.1 0.1 64 8' (10 runs):

          6.578179      task-clock (msec)         #    3.385 CPUs utilized            ( +-  0.75% )
                 2      context-switches          #    0.228 K/sec                    ( +- 14.91% )
                 7      cpu-migrations            #    0.001 M/sec                  
               112      page-faults               #    0.017 M/sec                    ( +-  0.30% )
   <not supported>      cycles                   
   <not supported>      stalled-cycles-frontend  
   <not supported>      stalled-cycles-backend   
   <not supported>      instructions             
   <not supported>      branches                 
   <not supported>      branch-misses            

       0.001943428 seconds time elapsed                                          ( +-  1.44% )


 Performance counter stats for './mandelbrot_pth 0.175 0.375 -0.1 0.1 64 16' (10 runs):

          7.042950      task-clock (msec)         #    3.414 CPUs utilized            ( +-  0.77% )
                12      context-switches          #    0.002 M/sec                    ( +-  4.48% )
                14      cpu-migrations            #    0.002 M/sec                    ( +-  0.71% )
               129      page-faults               #    0.018 M/sec                    ( +-  0.19% )
   <not supported>      cycles                   
   <not supported>      stalled-cycles-frontend  
   <not supported>      stalled-cycles-backend   
   <not supported>      instructions             
   <not supported>      branches                 
   <not supported>      branch-misses            

       0.002062954 seconds time elapsed                                          ( +-  1.11% )


 Performance counter stats for './mandelbrot_pth 0.175 0.375 -0.1 0.1 64 32' (10 runs):

          7.746391      task-clock (msec)         #    3.477 CPUs utilized            ( +-  1.01% )
                52      context-switches          #    0.007 M/sec                    ( +- 11.55% )
                35      cpu-migrations            #    0.004 M/sec                    ( +-  2.66% )
               162      page-faults               #    0.021 M/sec                    ( +-  0.18% )
   <not supported>      cycles                   
   <not supported>      stalled-cycles-frontend  
   <not supported>      stalled-cycles-backend   
   <not supported>      instructions             
   <not supported>      branches                 
   <not supported>      branch-misses            

       0.002227719 seconds time elapsed                                          ( +-  1.36% )


 Performance counter stats for './mandelbrot_pth 0.175 0.375 -0.1 0.1 128 2' (10 runs):

         24.002643      task-clock (msec)         #    1.438 CPUs utilized            ( +-  0.24% )
                 1      context-switches          #    0.046 K/sec                    ( +-  9.09% )
                 2      cpu-migrations            #    0.083 K/sec                  
               221      page-faults               #    0.009 M/sec                    ( +-  0.15% )
   <not supported>      cycles                   
   <not supported>      stalled-cycles-frontend  
   <not supported>      stalled-cycles-backend   
   <not supported>      instructions             
   <not supported>      branches                 
   <not supported>      branch-misses            

       0.016692724 seconds time elapsed                                          ( +-  0.39% )


 Performance counter stats for './mandelbrot_pth 0.175 0.375 -0.1 0.1 128 4' (10 runs):

         24.228870      task-clock (msec)         #    2.552 CPUs utilized            ( +-  0.22% )
                 2      context-switches          #    0.099 K/sec                    ( +-  9.21% )
                 4      cpu-migrations            #    0.169 K/sec                    ( +-  2.44% )
               225      page-faults               #    0.009 M/sec                    ( +-  0.15% )
   <not supported>      cycles                   
   <not supported>      stalled-cycles-frontend  
   <not supported>      stalled-cycles-backend   
   <not supported>      instructions             
   <not supported>      branches                 
   <not supported>      branch-misses            

       0.009495786 seconds time elapsed                                          ( +-  0.54% )


 Performance counter stats for './mandelbrot_pth 0.175 0.375 -0.1 0.1 128 8' (10 runs):

         24.421288      task-clock (msec)         #    4.151 CPUs utilized            ( +-  0.34% )
                 2      context-switches          #    0.086 K/sec                    ( +-  8.55% )
                 7      cpu-migrations            #    0.287 K/sec                  
               232      page-faults               #    0.010 M/sec                    ( +-  0.09% )
   <not supported>      cycles                   
   <not supported>      stalled-cycles-frontend  
   <not supported>      stalled-cycles-backend   
   <not supported>      instructions             
   <not supported>      branches                 
   <not supported>      branch-misses            

       0.005883772 seconds time elapsed                                          ( +-  1.37% )


 Performance counter stats for './mandelbrot_pth 0.175 0.375 -0.1 0.1 128 16' (10 runs):

         24.111888      task-clock (msec)         #    4.332 CPUs utilized            ( +-  0.39% )
                11      context-switches          #    0.452 K/sec                    ( +-  3.73% )
                14      cpu-migrations            #    0.589 K/sec                    ( +-  0.94% )
               250      page-faults               #    0.010 M/sec                    ( +-  0.16% )
   <not supported>      cycles                   
   <not supported>      stalled-cycles-frontend  
   <not supported>      stalled-cycles-backend   
   <not supported>      instructions             
   <not supported>      branches                 
   <not supported>      branch-misses            

       0.005565663 seconds time elapsed                                          ( +-  3.74% )


 Performance counter stats for './mandelbrot_pth 0.175 0.375 -0.1 0.1 128 32' (10 runs):

         25.172595      task-clock (msec)         #    4.807 CPUs utilized            ( +-  0.43% )
                28      context-switches          #    0.001 M/sec                    ( +- 12.38% )
                31      cpu-migrations            #    0.001 M/sec                    ( +-  2.60% )
               283      page-faults               #    0.011 M/sec                    ( +-  0.09% )
   <not supported>      cycles                   
   <not supported>      stalled-cycles-frontend  
   <not supported>      stalled-cycles-backend   
   <not supported>      instructions             
   <not supported>      branches                 
   <not supported>      branch-misses            

       0.005236337 seconds time elapsed                                          ( +-  0.82% )


 Performance counter stats for './mandelbrot_pth 0.175 0.375 -0.1 0.1 256 2' (10 runs):

         91.411753      task-clock (msec)         #    1.483 CPUs utilized            ( +-  0.05% )
                 1      context-switches          #    0.013 K/sec                    ( +- 16.67% )
                 2      cpu-migrations            #    0.023 K/sec                    ( +-  4.76% )
               701      page-faults               #    0.008 M/sec                    ( +-  0.04% )
   <not supported>      cycles                   
   <not supported>      stalled-cycles-frontend  
   <not supported>      stalled-cycles-backend   
   <not supported>      instructions             
   <not supported>      branches                 
   <not supported>      branch-misses            

       0.061628561 seconds time elapsed                                          ( +-  0.08% )


 Performance counter stats for './mandelbrot_pth 0.175 0.375 -0.1 0.1 256 4' (10 runs):

         92.504692      task-clock (msec)         #    2.712 CPUs utilized            ( +-  0.19% )
                 1      context-switches          #    0.011 K/sec                  
                 4      cpu-migrations            #    0.046 K/sec                    ( +-  3.55% )
               705      page-faults               #    0.008 M/sec                    ( +-  0.04% )
   <not supported>      cycles                   
   <not supported>      stalled-cycles-frontend  
   <not supported>      stalled-cycles-backend   
   <not supported>      instructions             
   <not supported>      branches                 
   <not supported>      branch-misses            

       0.034110019 seconds time elapsed                                          ( +-  0.26% )


 Performance counter stats for './mandelbrot_pth 0.175 0.375 -0.1 0.1 256 8' (10 runs):

         96.173501      task-clock (msec)         #    4.507 CPUs utilized            ( +-  0.64% )
                 4      context-switches          #    0.045 K/sec                    ( +-  8.53% )
                 7      cpu-migrations            #    0.074 K/sec                    ( +-  1.41% )
               713      page-faults               #    0.007 M/sec                    ( +-  0.05% )
   <not supported>      cycles                   
   <not supported>      stalled-cycles-frontend  
   <not supported>      stalled-cycles-backend   
   <not supported>      instructions             
   <not supported>      branches                 
   <not supported>      branch-misses            

       0.021339041 seconds time elapsed                                          ( +-  1.54% )


 Performance counter stats for './mandelbrot_pth 0.175 0.375 -0.1 0.1 256 16' (10 runs):

         98.093559      task-clock (msec)         #    4.661 CPUs utilized            ( +-  0.56% )
                14      context-switches          #    0.138 K/sec                    ( +-  1.99% )
                15      cpu-migrations            #    0.152 K/sec                    ( +-  1.57% )
               730      page-faults               #    0.007 M/sec                    ( +-  0.04% )
   <not supported>      cycles                   
   <not supported>      stalled-cycles-frontend  
   <not supported>      stalled-cycles-backend   
   <not supported>      instructions             
   <not supported>      branches                 
   <not supported>      branch-misses            

       0.021045914 seconds time elapsed                                          ( +-  1.10% )


 Performance counter stats for './mandelbrot_pth 0.175 0.375 -0.1 0.1 256 32' (10 runs):

         98.577640      task-clock (msec)         #    5.214 CPUs utilized            ( +-  0.82% )
                24      context-switches          #    0.247 K/sec                    ( +-  6.58% )
                30      cpu-migrations            #    0.299 K/sec                    ( +-  1.69% )
               763      page-faults               #    0.008 M/sec                    ( +-  0.05% )
   <not supported>      cycles                   
   <not supported>      stalled-cycles-frontend  
   <not supported>      stalled-cycles-backend   
   <not supported>      instructions             
   <not supported>      branches                 
   <not supported>      branch-misses            

       0.018905418 seconds time elapsed                                          ( +-  1.38% )


 Performance counter stats for './mandelbrot_pth 0.175 0.375 -0.1 0.1 512 2' (10 runs):

        364.639556      task-clock (msec)         #    1.491 CPUs utilized            ( +-  0.08% )
                 2      context-switches          #    0.005 K/sec                    ( +- 21.42% )
                 2      cpu-migrations            #    0.006 K/sec                    ( +-  6.06% )
             2,621      page-faults               #    0.007 M/sec                    ( +-  0.01% )
   <not supported>      cycles                   
   <not supported>      stalled-cycles-frontend  
   <not supported>      stalled-cycles-backend   
   <not supported>      instructions             
   <not supported>      branches                 
   <not supported>      branch-misses            

       0.244541331 seconds time elapsed                                          ( +-  0.08% )


 Performance counter stats for './mandelbrot_pth 0.175 0.375 -0.1 0.1 512 4' (10 runs):

        366.125018      task-clock (msec)         #    2.769 CPUs utilized            ( +-  0.30% )
                 2      context-switches          #    0.005 K/sec                    ( +- 26.87% )
                 4      cpu-migrations            #    0.012 K/sec                    ( +-  5.03% )
             2,625      page-faults               #    0.007 M/sec                    ( +-  0.01% )
   <not supported>      cycles                   
   <not supported>      stalled-cycles-frontend  
   <not supported>      stalled-cycles-backend   
   <not supported>      instructions             
   <not supported>      branches                 
   <not supported>      branch-misses            

       0.132243382 seconds time elapsed                                          ( +-  0.30% )


 Performance counter stats for './mandelbrot_pth 0.175 0.375 -0.1 0.1 512 8' (10 runs):

        378.045722      task-clock (msec)         #    4.736 CPUs utilized            ( +-  1.03% )
                12      context-switches          #    0.033 K/sec                    ( +-  7.47% )
                 7      cpu-migrations            #    0.019 K/sec                  
             2,633      page-faults               #    0.007 M/sec                    ( +-  0.01% )
   <not supported>      cycles                   
   <not supported>      stalled-cycles-frontend  
   <not supported>      stalled-cycles-backend   
   <not supported>      instructions             
   <not supported>      branches                 
   <not supported>      branch-misses            

       0.079825307 seconds time elapsed                                          ( +-  2.53% )


 Performance counter stats for './mandelbrot_pth 0.175 0.375 -0.1 0.1 512 16' (10 runs):

        452.374023      task-clock (msec)         #    5.677 CPUs utilized            ( +-  0.65% )
                34      context-switches          #    0.075 K/sec                    ( +-  3.07% )
                17      cpu-migrations            #    0.037 K/sec                    ( +-  1.84% )
             2,650      page-faults               #    0.006 M/sec                    ( +-  0.01% )
   <not supported>      cycles                   
   <not supported>      stalled-cycles-frontend  
   <not supported>      stalled-cycles-backend   
   <not supported>      instructions             
   <not supported>      branches                 
   <not supported>      branch-misses            

       0.079684684 seconds time elapsed                                          ( +-  1.48% )


 Performance counter stats for './mandelbrot_pth 0.175 0.375 -0.1 0.1 512 32' (10 runs):

        455.571798      task-clock (msec)         #    5.950 CPUs utilized            ( +-  0.18% )
                57      context-switches          #    0.125 K/sec                    ( +-  2.28% )
                30      cpu-migrations            #    0.067 K/sec                    ( +-  1.56% )
             2,683      page-faults               #    0.006 M/sec                    ( +-  0.01% )
   <not supported>      cycles                   
   <not supported>      stalled-cycles-frontend  
   <not supported>      stalled-cycles-backend   
   <not supported>      instructions             
   <not supported>      branches                 
   <not supported>      branch-misses            

       0.076563991 seconds time elapsed                                          ( +-  0.36% )


 Performance counter stats for './mandelbrot_pth 0.175 0.375 -0.1 0.1 1024 2' (10 runs):

       1459.543868      task-clock (msec)         #    1.491 CPUs utilized            ( +-  0.06% )
                 5      context-switches          #    0.003 K/sec                    ( +-  8.94% )
                 2      cpu-migrations            #    0.001 K/sec                  
            10,301      page-faults               #    0.007 M/sec                    ( +-  0.00% )
   <not supported>      cycles                   
   <not supported>      stalled-cycles-frontend  
   <not supported>      stalled-cycles-backend   
   <not supported>      instructions             
   <not supported>      branches                 
   <not supported>      branch-misses            

       0.978594838 seconds time elapsed                                          ( +-  0.08% )


 Performance counter stats for './mandelbrot_pth 0.175 0.375 -0.1 0.1 1024 4' (10 runs):

       1463.319645      task-clock (msec)         #    2.766 CPUs utilized            ( +-  0.05% )
                 5      context-switches          #    0.003 K/sec                    ( +- 19.09% )
                 4      cpu-migrations            #    0.003 K/sec                    ( +-  3.55% )
            10,305      page-faults               #    0.007 M/sec                    ( +-  0.00% )
   <not supported>      cycles                   
   <not supported>      stalled-cycles-frontend  
   <not supported>      stalled-cycles-backend   
   <not supported>      instructions             
   <not supported>      branches                 
   <not supported>      branch-misses            

       0.528966564 seconds time elapsed                                          ( +-  0.13% )


 Performance counter stats for './mandelbrot_pth 0.175 0.375 -0.1 0.1 1024 8' (10 runs):

       1718.520902      task-clock (msec)         #    4.888 CPUs utilized            ( +-  0.32% )
                22      context-switches          #    0.013 K/sec                    ( +- 17.41% )
                 7      cpu-migrations            #    0.004 K/sec                    ( +-  2.09% )
            10,313      page-faults               #    0.006 M/sec                    ( +-  0.00% )
   <not supported>      cycles                   
   <not supported>      stalled-cycles-frontend  
   <not supported>      stalled-cycles-backend   
   <not supported>      instructions             
   <not supported>      branches                 
   <not supported>      branch-misses            

       0.351565371 seconds time elapsed                                          ( +-  0.44% )


 Performance counter stats for './mandelbrot_pth 0.175 0.375 -0.1 0.1 1024 16' (10 runs):

       1820.834405      task-clock (msec)         #    5.883 CPUs utilized            ( +-  0.21% )
               114      context-switches          #    0.063 K/sec                    ( +-  1.50% )
                22      cpu-migrations            #    0.012 K/sec                    ( +-  2.80% )
            10,330      page-faults               #    0.006 M/sec                    ( +-  0.00% )
   <not supported>      cycles                   
   <not supported>      stalled-cycles-frontend  
   <not supported>      stalled-cycles-backend   
   <not supported>      instructions             
   <not supported>      branches                 
   <not supported>      branch-misses            

       0.309504262 seconds time elapsed                                          ( +-  0.56% )


 Performance counter stats for './mandelbrot_pth 0.175 0.375 -0.1 0.1 1024 32' (10 runs):

       1842.246373      task-clock (msec)         #    6.178 CPUs utilized            ( +-  0.05% )
               203      context-switches          #    0.110 K/sec                    ( +-  0.68% )
                36      cpu-migrations            #    0.019 K/sec                    ( +-  1.41% )
            10,363      page-faults               #    0.006 M/sec                    ( +-  0.00% )
   <not supported>      cycles                   
   <not supported>      stalled-cycles-frontend  
   <not supported>      stalled-cycles-backend   
   <not supported>      instructions             
   <not supported>      branches                 
   <not supported>      branch-misses            

       0.298216222 seconds time elapsed                                          ( +-  0.22% )


 Performance counter stats for './mandelbrot_pth 0.175 0.375 -0.1 0.1 2048 2' (10 runs):

       5883.381110      task-clock (msec)         #    1.489 CPUs utilized            ( +-  0.21% )
                14      context-switches          #    0.002 K/sec                    ( +-  2.19% )
                 2      cpu-migrations            #    0.000 K/sec                  
            41,021      page-faults               #    0.007 M/sec                    ( +-  0.00% )
   <not supported>      cycles                   
   <not supported>      stalled-cycles-frontend  
   <not supported>      stalled-cycles-backend   
   <not supported>      instructions             
   <not supported>      branches                 
   <not supported>      branch-misses            

       3.951770981 seconds time elapsed                                          ( +-  0.29% )


 Performance counter stats for './mandelbrot_pth 0.175 0.375 -0.1 0.1 2048 4' (10 runs):

       5917.078043      task-clock (msec)         #    2.762 CPUs utilized            ( +-  0.47% )
                14      context-switches          #    0.002 K/sec                    ( +-  5.44% )
                 4      cpu-migrations            #    0.001 K/sec                  
            41,025      page-faults               #    0.007 M/sec                    ( +-  0.00% )
   <not supported>      cycles                   
   <not supported>      stalled-cycles-frontend  
   <not supported>      stalled-cycles-backend   
   <not supported>      instructions             
   <not supported>      branches                 
   <not supported>      branch-misses            

       2.142407946 seconds time elapsed                                          ( +-  0.16% )


 Performance counter stats for './mandelbrot_pth 0.175 0.375 -0.1 0.1 2048 8' (10 runs):

       6933.068041      task-clock (msec)         #    4.872 CPUs utilized            ( +-  0.27% )
                21      context-switches          #    0.003 K/sec                    ( +-  5.79% )
                 8      cpu-migrations            #    0.001 K/sec                    ( +-  4.56% )
            41,034      page-faults               #    0.006 M/sec                    ( +-  0.00% )
   <not supported>      cycles                   
   <not supported>      stalled-cycles-frontend  
   <not supported>      stalled-cycles-backend   
   <not supported>      instructions             
   <not supported>      branches                 
   <not supported>      branch-misses            

       1.423152871 seconds time elapsed                                          ( +-  0.44% )


 Performance counter stats for './mandelbrot_pth 0.175 0.375 -0.1 0.1 2048 16' (10 runs):

       7248.275215      task-clock (msec)         #    5.968 CPUs utilized            ( +-  0.05% )
               351      context-switches          #    0.048 K/sec                    ( +-  0.71% )
                33      cpu-migrations            #    0.005 K/sec                    ( +-  4.24% )
            41,050      page-faults               #    0.006 M/sec                    ( +-  0.00% )
   <not supported>      cycles                   
   <not supported>      stalled-cycles-frontend  
   <not supported>      stalled-cycles-backend   
   <not supported>      instructions             
   <not supported>      branches                 
   <not supported>      branch-misses            

       1.214532112 seconds time elapsed                                          ( +-  0.54% )


 Performance counter stats for './mandelbrot_pth 0.175 0.375 -0.1 0.1 2048 32' (10 runs):

       7316.804371      task-clock (msec)         #    6.216 CPUs utilized            ( +-  0.14% )
               757      context-switches          #    0.103 K/sec                    ( +-  0.27% )
                62      cpu-migrations            #    0.009 K/sec                    ( +-  4.35% )
            41,082      page-faults               #    0.006 M/sec                    ( +-  0.00% )
   <not supported>      cycles                   
   <not supported>      stalled-cycles-frontend  
   <not supported>      stalled-cycles-backend   
   <not supported>      instructions             
   <not supported>      branches                 
   <not supported>      branch-misses            

       1.177035777 seconds time elapsed                                          ( +-  0.19% )


 Performance counter stats for './mandelbrot_pth 0.175 0.375 -0.1 0.1 4096 2' (10 runs):

      26252.104461      task-clock (msec)         #    1.534 CPUs utilized            ( +-  1.68% )
                52      context-switches          #    0.002 K/sec                    ( +-  2.51% )
                 2      cpu-migrations            #    0.000 K/sec                    ( +-  6.80% )
           163,901      page-faults               #    0.006 M/sec                    ( +-  0.00% )
   <not supported>      cycles                   
   <not supported>      stalled-cycles-frontend  
   <not supported>      stalled-cycles-backend   
   <not supported>      instructions             
   <not supported>      branches                 
   <not supported>      branch-misses            

      17.117355635 seconds time elapsed                                          ( +-  1.15% )


 Performance counter stats for './mandelbrot_pth 0.175 0.375 -0.1 0.1 4096 4' (10 runs):

      25648.319834      task-clock (msec)         #    2.740 CPUs utilized            ( +-  2.23% )
                52      context-switches          #    0.002 K/sec                    ( +-  2.55% )
                 4      cpu-migrations            #    0.000 K/sec                    ( +-  3.17% )
           163,905      page-faults               #    0.006 M/sec                    ( +-  0.00% )
   <not supported>      cycles                   
   <not supported>      stalled-cycles-frontend  
   <not supported>      stalled-cycles-backend   
   <not supported>      instructions             
   <not supported>      branches                 
   <not supported>      branch-misses            

       9.359641140 seconds time elapsed                                          ( +-  2.33% )


 Performance counter stats for './mandelbrot_pth 0.175 0.375 -0.1 0.1 4096 8' (10 runs):

      27837.235943      task-clock (msec)         #    4.912 CPUs utilized            ( +-  0.99% )
                67      context-switches          #    0.002 K/sec                    ( +-  1.83% )
                 8      cpu-migrations            #    0.000 K/sec                    ( +-  3.73% )
           163,914      page-faults               #    0.006 M/sec                    ( +-  0.00% )
   <not supported>      cycles                   
   <not supported>      stalled-cycles-frontend  
   <not supported>      stalled-cycles-backend   
   <not supported>      instructions             
   <not supported>      branches                 
   <not supported>      branch-misses            

       5.667012404 seconds time elapsed                                          ( +-  1.55% )


 Performance counter stats for './mandelbrot_pth 0.175 0.375 -0.1 0.1 4096 16' (10 runs):

      29130.264698      task-clock (msec)         #    5.949 CPUs utilized            ( +-  0.85% )
             1,169      context-switches          #    0.040 K/sec                    ( +-  0.71% )
                83      cpu-migrations            #    0.003 K/sec                    ( +-  3.49% )
           163,930      page-faults               #    0.006 M/sec                    ( +-  0.00% )
   <not supported>      cycles                   
   <not supported>      stalled-cycles-frontend  
   <not supported>      stalled-cycles-backend   
   <not supported>      instructions             
   <not supported>      branches                 
   <not supported>      branch-misses            

       4.896763812 seconds time elapsed                                          ( +-  1.41% )


 Performance counter stats for './mandelbrot_pth 0.175 0.375 -0.1 0.1 4096 32' (10 runs):

      29572.831372      task-clock (msec)         #    6.154 CPUs utilized            ( +-  1.16% )
             2,751      context-switches          #    0.093 K/sec                    ( +-  0.57% )
               124      cpu-migrations            #    0.004 K/sec                    ( +-  4.44% )
           163,963      page-faults               #    0.006 M/sec                    ( +-  0.00% )
   <not supported>      cycles                   
   <not supported>      stalled-cycles-frontend  
   <not supported>      stalled-cycles-backend   
   <not supported>      instructions             
   <not supported>      branches                 
   <not supported>      branch-misses            

       4.805351484 seconds time elapsed                                          ( +-  1.59% )


 Performance counter stats for './mandelbrot_pth 0.175 0.375 -0.1 0.1 8192 2' (10 runs):

      93102.441416      task-clock (msec)         #    1.464 CPUs utilized            ( +-  0.03% )
               190      context-switches          #    0.002 K/sec                    ( +-  0.59% )
                 3      cpu-migrations            #    0.000 K/sec                    ( +-  9.55% )
           655,421      page-faults               #    0.007 M/sec                    ( +-  0.00% )
   <not supported>      cycles                   
   <not supported>      stalled-cycles-frontend  
   <not supported>      stalled-cycles-backend   
   <not supported>      instructions             
   <not supported>      branches                 
   <not supported>      branch-misses            

      63.584272703 seconds time elapsed                                          ( +-  0.03% )


 Performance counter stats for './mandelbrot_pth 0.175 0.375 -0.1 0.1 8192 4' (10 runs):

      97611.119253      task-clock (msec)         #    2.715 CPUs utilized            ( +-  1.37% )
               205      context-switches          #    0.002 K/sec                    ( +-  1.71% )
                 5      cpu-migrations            #    0.000 K/sec                    ( +-  5.66% )
           655,425      page-faults               #    0.007 M/sec                    ( +-  0.00% )
   <not supported>      cycles                   
   <not supported>      stalled-cycles-frontend  
   <not supported>      stalled-cycles-backend   
   <not supported>      instructions             
   <not supported>      branches                 
   <not supported>      branch-misses            

      35.955840564 seconds time elapsed                                          ( +-  1.85% )


 Performance counter stats for './mandelbrot_pth 0.175 0.375 -0.1 0.1 8192 8' (10 runs):

     111394.944300      task-clock (msec)         #    4.702 CPUs utilized            ( +-  1.09% )
               270      context-switches          #    0.002 K/sec                    ( +-  2.29% )
                 9      cpu-migrations            #    0.000 K/sec                    ( +-  7.00% )
           655,433      page-faults               #    0.006 M/sec                    ( +-  0.00% )
   <not supported>      cycles                   
   <not supported>      stalled-cycles-frontend  
   <not supported>      stalled-cycles-backend   
   <not supported>      instructions             
   <not supported>      branches                 
   <not supported>      branch-misses            

      23.693219985 seconds time elapsed                                          ( +-  0.46% )


 Performance counter stats for './mandelbrot_pth 0.175 0.375 -0.1 0.1 8192 16' (10 runs):

     115782.003051      task-clock (msec)         #    5.780 CPUs utilized            ( +-  0.05% )
             4,463      context-switches          #    0.039 K/sec                    ( +-  0.38% )
               314      cpu-migrations            #    0.003 K/sec                    ( +-  1.27% )
           655,450      page-faults               #    0.006 M/sec                    ( +-  0.00% )
   <not supported>      cycles                   
   <not supported>      stalled-cycles-frontend  
   <not supported>      stalled-cycles-backend   
   <not supported>      instructions             
   <not supported>      branches                 
   <not supported>      branch-misses            

      20.031896681 seconds time elapsed                                          ( +-  0.25% )


 Performance counter stats for './mandelbrot_pth 0.175 0.375 -0.1 0.1 8192 32' (10 runs):

     117285.259144      task-clock (msec)         #    5.884 CPUs utilized            ( +-  0.94% )
            10,735      context-switches          #    0.092 K/sec                    ( +-  0.20% )
               368      cpu-migrations            #    0.003 K/sec                    ( +-  2.34% )
           655,483      page-faults               #    0.006 M/sec                    ( +-  0.00% )
   <not supported>      cycles                   
   <not supported>      stalled-cycles-frontend  
   <not supported>      stalled-cycles-backend   
   <not supported>      instructions             
   <not supported>      branches                 
   <not supported>      branch-misses            

      19.932306269 seconds time elapsed                                          ( +-  0.92% )

