
 Performance counter stats for './mandelbrot_pth -2.5 1.5 -2.0 2.0 16 2' (10 runs):

          0.533355      task-clock (msec)         #    0.728 CPUs utilized            ( +-  1.95% )
                 2      context-switches          #    0.004 M/sec                  
                 2      cpu-migrations            #    0.004 M/sec                  
                63      page-faults               #    0.117 M/sec                    ( +-  0.35% )
   <not supported>      cycles                   
   <not supported>      stalled-cycles-frontend  
   <not supported>      stalled-cycles-backend   
   <not supported>      instructions             
   <not supported>      branches                 
   <not supported>      branch-misses            

       0.000732644 seconds time elapsed                                          ( +-  1.98% )


 Performance counter stats for './mandelbrot_pth -2.5 1.5 -2.0 2.0 16 4' (10 runs):

          0.610284      task-clock (msec)         #    0.771 CPUs utilized            ( +-  3.17% )
                 2      context-switches          #    0.004 M/sec                    ( +- 11.34% )
                 4      cpu-migrations            #    0.007 M/sec                    ( +-  4.76% )
                66      page-faults               #    0.108 M/sec                    ( +-  0.39% )
   <not supported>      cycles                   
   <not supported>      stalled-cycles-frontend  
   <not supported>      stalled-cycles-backend   
   <not supported>      instructions             
   <not supported>      branches                 
   <not supported>      branch-misses            

       0.000791929 seconds time elapsed                                          ( +-  2.46% )


 Performance counter stats for './mandelbrot_pth -2.5 1.5 -2.0 2.0 16 8' (10 runs):

          0.812115      task-clock (msec)         #    0.869 CPUs utilized            ( +-  8.96% )
                 8      context-switches          #    0.010 M/sec                    ( +- 15.59% )
                 8      cpu-migrations            #    0.010 M/sec                  
                75      page-faults               #    0.092 M/sec                    ( +-  0.37% )
   <not supported>      cycles                   
   <not supported>      stalled-cycles-frontend  
   <not supported>      stalled-cycles-backend   
   <not supported>      instructions             
   <not supported>      branches                 
   <not supported>      branch-misses            

       0.000934585 seconds time elapsed                                          ( +-  7.60% )


 Performance counter stats for './mandelbrot_pth -2.5 1.5 -2.0 2.0 16 16' (10 runs):

          0.971884      task-clock (msec)         #    0.907 CPUs utilized            ( +-  1.34% )
                16      context-switches          #    0.016 M/sec                    ( +-  7.71% )
                16      cpu-migrations            #    0.016 M/sec                  
                91      page-faults               #    0.093 M/sec                    ( +-  0.27% )
   <not supported>      cycles                   
   <not supported>      stalled-cycles-frontend  
   <not supported>      stalled-cycles-backend   
   <not supported>      instructions             
   <not supported>      branches                 
   <not supported>      branch-misses            

       0.001071834 seconds time elapsed                                          ( +-  1.26% )


 Performance counter stats for './mandelbrot_pth -2.5 1.5 -2.0 2.0 16 32' (10 runs):

          1.227316      task-clock (msec)         #    0.915 CPUs utilized            ( +-  2.13% )
                22      context-switches          #    0.018 M/sec                    ( +- 10.33% )
                32      cpu-migrations            #    0.026 M/sec                  
               123      page-faults               #    0.100 M/sec                    ( +-  0.21% )
   <not supported>      cycles                   
   <not supported>      stalled-cycles-frontend  
   <not supported>      stalled-cycles-backend   
   <not supported>      instructions             
   <not supported>      branches                 
   <not supported>      branch-misses            

       0.001341018 seconds time elapsed                                          ( +-  1.86% )


 Performance counter stats for './mandelbrot_pth -2.5 1.5 -2.0 2.0 32 2' (10 runs):

          0.810697      task-clock (msec)         #    0.791 CPUs utilized            ( +-  2.71% )
                 2      context-switches          #    0.003 M/sec                    ( +-  4.76% )
                 2      cpu-migrations            #    0.002 M/sec                  
                70      page-faults               #    0.087 M/sec                    ( +-  0.28% )
   <not supported>      cycles                   
   <not supported>      stalled-cycles-frontend  
   <not supported>      stalled-cycles-backend   
   <not supported>      instructions             
   <not supported>      branches                 
   <not supported>      branch-misses            

       0.001025324 seconds time elapsed                                          ( +-  2.66% )


 Performance counter stats for './mandelbrot_pth -2.5 1.5 -2.0 2.0 32 4' (10 runs):

          0.841774      task-clock (msec)         #    0.875 CPUs utilized            ( +-  1.38% )
                 3      context-switches          #    0.003 M/sec                    ( +- 12.00% )
                 4      cpu-migrations            #    0.005 M/sec                  
                74      page-faults               #    0.088 M/sec                    ( +-  0.31% )
   <not supported>      cycles                   
   <not supported>      stalled-cycles-frontend  
   <not supported>      stalled-cycles-backend   
   <not supported>      instructions             
   <not supported>      branches                 
   <not supported>      branch-misses            

       0.000961561 seconds time elapsed                                          ( +-  1.25% )


 Performance counter stats for './mandelbrot_pth -2.5 1.5 -2.0 2.0 32 8' (10 runs):

          1.057179      task-clock (msec)         #    1.017 CPUs utilized            ( +-  2.52% )
                 6      context-switches          #    0.005 M/sec                    ( +- 21.32% )
                 8      cpu-migrations            #    0.008 M/sec                    ( +-  5.88% )
                82      page-faults               #    0.078 M/sec                    ( +-  0.27% )
   <not supported>      cycles                   
   <not supported>      stalled-cycles-frontend  
   <not supported>      stalled-cycles-backend   
   <not supported>      instructions             
   <not supported>      branches                 
   <not supported>      branch-misses            

       0.001039399 seconds time elapsed                                          ( +-  2.47% )


 Performance counter stats for './mandelbrot_pth -2.5 1.5 -2.0 2.0 32 16' (10 runs):

          1.392922      task-clock (msec)         #    1.072 CPUs utilized            ( +-  2.42% )
                17      context-switches          #    0.012 M/sec                    ( +- 10.17% )
                16      cpu-migrations            #    0.011 M/sec                  
                99      page-faults               #    0.071 M/sec                    ( +-  0.35% )
   <not supported>      cycles                   
   <not supported>      stalled-cycles-frontend  
   <not supported>      stalled-cycles-backend   
   <not supported>      instructions             
   <not supported>      branches                 
   <not supported>      branch-misses            

       0.001299657 seconds time elapsed                                          ( +-  3.10% )


 Performance counter stats for './mandelbrot_pth -2.5 1.5 -2.0 2.0 32 32' (10 runs):

          1.659688      task-clock (msec)         #    1.180 CPUs utilized            ( +-  0.90% )
                34      context-switches          #    0.021 M/sec                    ( +-  6.54% )
                32      cpu-migrations            #    0.019 M/sec                    ( +-  0.93% )
               132      page-faults               #    0.080 M/sec                    ( +-  0.26% )
   <not supported>      cycles                   
   <not supported>      stalled-cycles-frontend  
   <not supported>      stalled-cycles-backend   
   <not supported>      instructions             
   <not supported>      branches                 
   <not supported>      branch-misses            

       0.001406459 seconds time elapsed                                          ( +-  1.19% )


 Performance counter stats for './mandelbrot_pth -2.5 1.5 -2.0 2.0 64 2' (10 runs):

          1.761503      task-clock (msec)         #    1.047 CPUs utilized            ( +-  1.56% )
                 2      context-switches          #    0.001 M/sec                  
                 2      cpu-migrations            #    0.001 M/sec                  
               101      page-faults               #    0.057 M/sec                    ( +-  0.16% )
   <not supported>      cycles                   
   <not supported>      stalled-cycles-frontend  
   <not supported>      stalled-cycles-backend   
   <not supported>      instructions             
   <not supported>      branches                 
   <not supported>      branch-misses            

       0.001682714 seconds time elapsed                                          ( +-  1.97% )


 Performance counter stats for './mandelbrot_pth -2.5 1.5 -2.0 2.0 64 4' (10 runs):

          1.803401      task-clock (msec)         #    1.140 CPUs utilized            ( +-  1.10% )
                 3      context-switches          #    0.002 M/sec                  
                 4      cpu-migrations            #    0.002 M/sec                  
               104      page-faults               #    0.058 M/sec                    ( +-  0.27% )
   <not supported>      cycles                   
   <not supported>      stalled-cycles-frontend  
   <not supported>      stalled-cycles-backend   
   <not supported>      instructions             
   <not supported>      branches                 
   <not supported>      branch-misses            

       0.001582077 seconds time elapsed                                          ( +-  1.20% )


 Performance counter stats for './mandelbrot_pth -2.5 1.5 -2.0 2.0 64 8' (10 runs):

          1.946341      task-clock (msec)         #    1.410 CPUs utilized            ( +-  0.71% )
                 6      context-switches          #    0.003 M/sec                    ( +- 15.34% )
                 8      cpu-migrations            #    0.004 M/sec                  
               112      page-faults               #    0.058 M/sec                    ( +-  0.21% )
   <not supported>      cycles                   
   <not supported>      stalled-cycles-frontend  
   <not supported>      stalled-cycles-backend   
   <not supported>      instructions             
   <not supported>      branches                 
   <not supported>      branch-misses            

       0.001380832 seconds time elapsed                                          ( +-  0.82% )


 Performance counter stats for './mandelbrot_pth -2.5 1.5 -2.0 2.0 64 16' (10 runs):

          2.399255      task-clock (msec)         #    1.629 CPUs utilized            ( +-  2.01% )
                24      context-switches          #    0.010 M/sec                    ( +-  7.37% )
                16      cpu-migrations            #    0.007 M/sec                    ( +-  1.54% )
               129      page-faults               #    0.054 M/sec                    ( +-  0.25% )
   <not supported>      cycles                   
   <not supported>      stalled-cycles-frontend  
   <not supported>      stalled-cycles-backend   
   <not supported>      instructions             
   <not supported>      branches                 
   <not supported>      branch-misses            

       0.001473163 seconds time elapsed                                          ( +-  3.32% )


 Performance counter stats for './mandelbrot_pth -2.5 1.5 -2.0 2.0 64 32' (10 runs):

          2.908619      task-clock (msec)         #    1.644 CPUs utilized            ( +-  0.98% )
                33      context-switches          #    0.011 M/sec                    ( +-  5.24% )
                32      cpu-migrations            #    0.011 M/sec                    ( +-  1.32% )
               162      page-faults               #    0.056 M/sec                    ( +-  0.14% )
   <not supported>      cycles                   
   <not supported>      stalled-cycles-frontend  
   <not supported>      stalled-cycles-backend   
   <not supported>      instructions             
   <not supported>      branches                 
   <not supported>      branch-misses            

       0.001768767 seconds time elapsed                                          ( +-  1.85% )


 Performance counter stats for './mandelbrot_pth -2.5 1.5 -2.0 2.0 128 2' (10 runs):

          5.189996      task-clock (msec)         #    1.208 CPUs utilized            ( +-  0.86% )
                 2      context-switches          #    0.385 K/sec                  
                 3      cpu-migrations            #    0.501 K/sec                    ( +- 11.75% )
               221      page-faults               #    0.043 M/sec                    ( +-  0.14% )
   <not supported>      cycles                   
   <not supported>      stalled-cycles-frontend  
   <not supported>      stalled-cycles-backend   
   <not supported>      instructions             
   <not supported>      branches                 
   <not supported>      branch-misses            

       0.004295895 seconds time elapsed                                          ( +-  1.05% )


 Performance counter stats for './mandelbrot_pth -2.5 1.5 -2.0 2.0 128 4' (10 runs):

          5.381661      task-clock (msec)         #    1.249 CPUs utilized            ( +-  0.32% )
                 3      context-switches          #    0.557 K/sec                  
                 4      cpu-migrations            #    0.799 K/sec                    ( +-  3.55% )
               225      page-faults               #    0.042 M/sec                    ( +-  0.07% )
   <not supported>      cycles                   
   <not supported>      stalled-cycles-frontend  
   <not supported>      stalled-cycles-backend   
   <not supported>      instructions             
   <not supported>      branches                 
   <not supported>      branch-misses            

       0.004307767 seconds time elapsed                                          ( +-  0.50% )


 Performance counter stats for './mandelbrot_pth -2.5 1.5 -2.0 2.0 128 8' (10 runs):

          6.200149      task-clock (msec)         #    1.635 CPUs utilized            ( +-  1.88% )
                 6      context-switches          #    0.001 M/sec                    ( +-  3.45% )
                 7      cpu-migrations            #    0.001 M/sec                    ( +-  1.85% )
               233      page-faults               #    0.038 M/sec                    ( +-  0.12% )
   <not supported>      cycles                   
   <not supported>      stalled-cycles-frontend  
   <not supported>      stalled-cycles-backend   
   <not supported>      instructions             
   <not supported>      branches                 
   <not supported>      branch-misses            

       0.003792227 seconds time elapsed                                          ( +-  3.29% )


 Performance counter stats for './mandelbrot_pth -2.5 1.5 -2.0 2.0 128 16' (10 runs):

          6.242363      task-clock (msec)         #    2.112 CPUs utilized            ( +-  0.48% )
                15      context-switches          #    0.002 M/sec                    ( +-  7.72% )
                15      cpu-migrations            #    0.002 M/sec                    ( +-  1.32% )
               251      page-faults               #    0.040 M/sec                    ( +-  0.11% )
   <not supported>      cycles                   
   <not supported>      stalled-cycles-frontend  
   <not supported>      stalled-cycles-backend   
   <not supported>      instructions             
   <not supported>      branches                 
   <not supported>      branch-misses            

       0.002956311 seconds time elapsed                                          ( +-  1.07% )


 Performance counter stats for './mandelbrot_pth -2.5 1.5 -2.0 2.0 128 32' (10 runs):

          6.477919      task-clock (msec)         #    2.214 CPUs utilized            ( +-  1.00% )
                52      context-switches          #    0.008 M/sec                    ( +-  5.34% )
                37      cpu-migrations            #    0.006 M/sec                    ( +-  2.32% )
               283      page-faults               #    0.044 M/sec                    ( +-  0.11% )
   <not supported>      cycles                   
   <not supported>      stalled-cycles-frontend  
   <not supported>      stalled-cycles-backend   
   <not supported>      instructions             
   <not supported>      branches                 
   <not supported>      branch-misses            

       0.002925744 seconds time elapsed                                          ( +-  1.74% )


 Performance counter stats for './mandelbrot_pth -2.5 1.5 -2.0 2.0 256 2' (10 runs):

         18.546152      task-clock (msec)         #    1.265 CPUs utilized            ( +-  0.95% )
                 2      context-switches          #    0.119 K/sec                    ( +-  6.06% )
                 3      cpu-migrations            #    0.146 K/sec                    ( +- 11.11% )
               701      page-faults               #    0.038 M/sec                    ( +-  0.04% )
   <not supported>      cycles                   
   <not supported>      stalled-cycles-frontend  
   <not supported>      stalled-cycles-backend   
   <not supported>      instructions             
   <not supported>      branches                 
   <not supported>      branch-misses            

       0.014666243 seconds time elapsed                                          ( +-  1.19% )


 Performance counter stats for './mandelbrot_pth -2.5 1.5 -2.0 2.0 256 4' (10 runs):

         19.291337      task-clock (msec)         #    1.311 CPUs utilized            ( +-  0.57% )
                 3      context-switches          #    0.176 K/sec                    ( +-  7.84% )
                 4      cpu-migrations            #    0.218 K/sec                    ( +-  3.17% )
               705      page-faults               #    0.037 M/sec                    ( +-  0.04% )
   <not supported>      cycles                   
   <not supported>      stalled-cycles-frontend  
   <not supported>      stalled-cycles-backend   
   <not supported>      instructions             
   <not supported>      branches                 
   <not supported>      branch-misses            

       0.014712766 seconds time elapsed                                          ( +-  0.70% )


 Performance counter stats for './mandelbrot_pth -2.5 1.5 -2.0 2.0 256 8' (10 runs):

         19.654628      task-clock (msec)         #    1.777 CPUs utilized            ( +-  0.71% )
                 5      context-switches          #    0.275 K/sec                    ( +-  4.94% )
                 7      cpu-migrations            #    0.377 K/sec                    ( +-  2.21% )
               713      page-faults               #    0.036 M/sec                    ( +-  0.05% )
   <not supported>      cycles                   
   <not supported>      stalled-cycles-frontend  
   <not supported>      stalled-cycles-backend   
   <not supported>      instructions             
   <not supported>      branches                 
   <not supported>      branch-misses            

       0.011061521 seconds time elapsed                                          ( +-  1.13% )


 Performance counter stats for './mandelbrot_pth -2.5 1.5 -2.0 2.0 256 16' (10 runs):

         22.057337      task-clock (msec)         #    2.228 CPUs utilized            ( +-  1.37% )
                16      context-switches          #    0.716 K/sec                    ( +-  4.60% )
                15      cpu-migrations            #    0.685 K/sec                    ( +-  1.55% )
               730      page-faults               #    0.033 M/sec                    ( +-  0.03% )
   <not supported>      cycles                   
   <not supported>      stalled-cycles-frontend  
   <not supported>      stalled-cycles-backend   
   <not supported>      instructions             
   <not supported>      branches                 
   <not supported>      branch-misses            

       0.009901974 seconds time elapsed                                          ( +-  2.32% )


 Performance counter stats for './mandelbrot_pth -2.5 1.5 -2.0 2.0 256 32' (10 runs):

         21.866057      task-clock (msec)         #    2.727 CPUs utilized            ( +-  0.39% )
                36      context-switches          #    0.002 M/sec                    ( +- 19.11% )
                34      cpu-migrations            #    0.002 M/sec                    ( +-  6.13% )
               763      page-faults               #    0.035 M/sec                    ( +-  0.04% )
   <not supported>      cycles                   
   <not supported>      stalled-cycles-frontend  
   <not supported>      stalled-cycles-backend   
   <not supported>      instructions             
   <not supported>      branches                 
   <not supported>      branch-misses            

       0.008017752 seconds time elapsed                                          ( +-  0.60% )


 Performance counter stats for './mandelbrot_pth -2.5 1.5 -2.0 2.0 512 2' (10 runs):

         70.687122      task-clock (msec)         #    1.306 CPUs utilized            ( +-  0.67% )
                 2      context-switches          #    0.031 K/sec                    ( +-  6.06% )
                 2      cpu-migrations            #    0.030 K/sec                    ( +-  4.76% )
             2,621      page-faults               #    0.037 M/sec                    ( +-  0.01% )
   <not supported>      cycles                   
   <not supported>      stalled-cycles-frontend  
   <not supported>      stalled-cycles-backend   
   <not supported>      instructions             
   <not supported>      branches                 
   <not supported>      branch-misses            

       0.054130299 seconds time elapsed                                          ( +-  0.70% )


 Performance counter stats for './mandelbrot_pth -2.5 1.5 -2.0 2.0 512 4' (10 runs):

         71.470620      task-clock (msec)         #    1.368 CPUs utilized            ( +-  0.44% )
                 3      context-switches          #    0.042 K/sec                  
                 4      cpu-migrations            #    0.060 K/sec                    ( +-  4.96% )
             2,625      page-faults               #    0.037 M/sec                    ( +-  0.01% )
   <not supported>      cycles                   
   <not supported>      stalled-cycles-frontend  
   <not supported>      stalled-cycles-backend   
   <not supported>      instructions             
   <not supported>      branches                 
   <not supported>      branch-misses            

       0.052236830 seconds time elapsed                                          ( +-  0.24% )


 Performance counter stats for './mandelbrot_pth -2.5 1.5 -2.0 2.0 512 8' (10 runs):

         71.323546      task-clock (msec)         #    1.812 CPUs utilized            ( +-  1.04% )
                 7      context-switches          #    0.094 K/sec                    ( +-  3.89% )
                 8      cpu-migrations            #    0.108 K/sec                    ( +-  1.98% )
             2,634      page-faults               #    0.037 M/sec                    ( +-  0.01% )
   <not supported>      cycles                   
   <not supported>      stalled-cycles-frontend  
   <not supported>      stalled-cycles-backend   
   <not supported>      instructions             
   <not supported>      branches                 
   <not supported>      branch-misses            

       0.039363255 seconds time elapsed                                          ( +-  1.69% )


 Performance counter stats for './mandelbrot_pth -2.5 1.5 -2.0 2.0 512 16' (10 runs):

         83.939304      task-clock (msec)         #    2.697 CPUs utilized            ( +-  1.09% )
                17      context-switches          #    0.203 K/sec                    ( +-  5.11% )
                17      cpu-migrations            #    0.199 K/sec                    ( +-  2.53% )
             2,650      page-faults               #    0.032 M/sec                    ( +-  0.01% )
   <not supported>      cycles                   
   <not supported>      stalled-cycles-frontend  
   <not supported>      stalled-cycles-backend   
   <not supported>      instructions             
   <not supported>      branches                 
   <not supported>      branch-misses            

       0.031124624 seconds time elapsed                                          ( +-  0.89% )


 Performance counter stats for './mandelbrot_pth -2.5 1.5 -2.0 2.0 512 32' (10 runs):

         87.972942      task-clock (msec)         #    3.052 CPUs utilized            ( +-  0.40% )
                20      context-switches          #    0.224 K/sec                    ( +- 11.07% )
                29      cpu-migrations            #    0.326 K/sec                    ( +-  1.05% )
             2,683      page-faults               #    0.031 M/sec                    ( +-  0.01% )
   <not supported>      cycles                   
   <not supported>      stalled-cycles-frontend  
   <not supported>      stalled-cycles-backend   
   <not supported>      instructions             
   <not supported>      branches                 
   <not supported>      branch-misses            

       0.028825515 seconds time elapsed                                          ( +-  1.43% )


 Performance counter stats for './mandelbrot_pth -2.5 1.5 -2.0 2.0 1024 2' (10 runs):

        285.130018      task-clock (msec)         #    1.308 CPUs utilized            ( +-  0.22% )
                 3      context-switches          #    0.010 K/sec                    ( +- 13.88% )
                 2      cpu-migrations            #    0.007 K/sec                    ( +-  4.76% )
            10,301      page-faults               #    0.036 M/sec                    ( +-  0.00% )
   <not supported>      cycles                   
   <not supported>      stalled-cycles-frontend  
   <not supported>      stalled-cycles-backend   
   <not supported>      instructions             
   <not supported>      branches                 
   <not supported>      branch-misses            

       0.218044957 seconds time elapsed                                          ( +-  0.28% )


 Performance counter stats for './mandelbrot_pth -2.5 1.5 -2.0 2.0 1024 4' (10 runs):

        285.940314      task-clock (msec)         #    1.362 CPUs utilized            ( +-  0.21% )
                 4      context-switches          #    0.014 K/sec                    ( +- 11.79% )
                 5      cpu-migrations            #    0.016 K/sec                    ( +-  3.55% )
            10,305      page-faults               #    0.036 M/sec                    ( +-  0.00% )
   <not supported>      cycles                   
   <not supported>      stalled-cycles-frontend  
   <not supported>      stalled-cycles-backend   
   <not supported>      instructions             
   <not supported>      branches                 
   <not supported>      branch-misses            

       0.209878003 seconds time elapsed                                          ( +-  0.28% )


 Performance counter stats for './mandelbrot_pth -2.5 1.5 -2.0 2.0 1024 8' (10 runs):

        288.981605      task-clock (msec)         #    1.835 CPUs utilized            ( +-  0.28% )
                 8      context-switches          #    0.027 K/sec                    ( +-  6.92% )
                 8      cpu-migrations            #    0.026 K/sec                    ( +-  2.98% )
            10,313      page-faults               #    0.036 M/sec                    ( +-  0.00% )
   <not supported>      cycles                   
   <not supported>      stalled-cycles-frontend  
   <not supported>      stalled-cycles-backend   
   <not supported>      instructions             
   <not supported>      branches                 
   <not supported>      branch-misses            

       0.157462746 seconds time elapsed                                          ( +-  0.31% )


 Performance counter stats for './mandelbrot_pth -2.5 1.5 -2.0 2.0 1024 16' (10 runs):

        332.099948      task-clock (msec)         #    2.634 CPUs utilized            ( +-  0.65% )
                24      context-switches          #    0.072 K/sec                    ( +-  4.06% )
                16      cpu-migrations            #    0.048 K/sec                    ( +-  1.13% )
            10,330      page-faults               #    0.031 M/sec                    ( +-  0.00% )
   <not supported>      cycles                   
   <not supported>      stalled-cycles-frontend  
   <not supported>      stalled-cycles-backend   
   <not supported>      instructions             
   <not supported>      branches                 
   <not supported>      branch-misses            

       0.126060364 seconds time elapsed                                          ( +-  0.86% )


 Performance counter stats for './mandelbrot_pth -2.5 1.5 -2.0 2.0 1024 32' (10 runs):

        363.904197      task-clock (msec)         #    3.112 CPUs utilized            ( +-  0.34% )
                34      context-switches          #    0.095 K/sec                    ( +-  2.61% )
                28      cpu-migrations            #    0.078 K/sec                    ( +-  0.58% )
            10,363      page-faults               #    0.028 M/sec                    ( +-  0.00% )
   <not supported>      cycles                   
   <not supported>      stalled-cycles-frontend  
   <not supported>      stalled-cycles-backend   
   <not supported>      instructions             
   <not supported>      branches                 
   <not supported>      branch-misses            

       0.116930167 seconds time elapsed                                          ( +-  1.10% )


 Performance counter stats for './mandelbrot_pth -2.5 1.5 -2.0 2.0 2048 2' (10 runs):

       1135.816364      task-clock (msec)         #    1.311 CPUs utilized            ( +-  0.19% )
                 5      context-switches          #    0.004 K/sec                    ( +-  7.48% )
                 2      cpu-migrations            #    0.002 K/sec                    ( +-  4.76% )
            41,021      page-faults               #    0.036 M/sec                    ( +-  0.00% )
   <not supported>      cycles                   
   <not supported>      stalled-cycles-frontend  
   <not supported>      stalled-cycles-backend   
   <not supported>      instructions             
   <not supported>      branches                 
   <not supported>      branch-misses            

       0.866532500 seconds time elapsed                                          ( +-  0.25% )


 Performance counter stats for './mandelbrot_pth -2.5 1.5 -2.0 2.0 2048 4' (10 runs):

       1156.064883      task-clock (msec)         #    1.347 CPUs utilized            ( +-  0.43% )
                 6      context-switches          #    0.005 K/sec                    ( +-  7.86% )
                 4      cpu-migrations            #    0.004 K/sec                    ( +-  4.76% )
            41,026      page-faults               #    0.035 M/sec                    ( +-  0.00% )
   <not supported>      cycles                   
   <not supported>      stalled-cycles-frontend  
   <not supported>      stalled-cycles-backend   
   <not supported>      instructions             
   <not supported>      branches                 
   <not supported>      branch-misses            

       0.858019155 seconds time elapsed                                          ( +-  0.51% )


 Performance counter stats for './mandelbrot_pth -2.5 1.5 -2.0 2.0 2048 8' (10 runs):

       1171.851632      task-clock (msec)         #    1.831 CPUs utilized            ( +-  0.51% )
                 9      context-switches          #    0.008 K/sec                    ( +- 11.99% )
                 7      cpu-migrations            #    0.006 K/sec                    ( +-  2.09% )
            41,033      page-faults               #    0.035 M/sec                    ( +-  0.00% )
   <not supported>      cycles                   
   <not supported>      stalled-cycles-frontend  
   <not supported>      stalled-cycles-backend   
   <not supported>      instructions             
   <not supported>      branches                 
   <not supported>      branch-misses            

       0.640093063 seconds time elapsed                                          ( +-  0.77% )


 Performance counter stats for './mandelbrot_pth -2.5 1.5 -2.0 2.0 2048 16' (10 runs):

       1301.644024      task-clock (msec)         #    2.589 CPUs utilized            ( +-  0.16% )
                48      context-switches          #    0.036 K/sec                    ( +-  3.70% )
                17      cpu-migrations            #    0.013 K/sec                    ( +-  1.24% )
            41,051      page-faults               #    0.032 M/sec                    ( +-  0.00% )
   <not supported>      cycles                   
   <not supported>      stalled-cycles-frontend  
   <not supported>      stalled-cycles-backend   
   <not supported>      instructions             
   <not supported>      branches                 
   <not supported>      branch-misses            

       0.502758763 seconds time elapsed                                          ( +-  0.29% )


 Performance counter stats for './mandelbrot_pth -2.5 1.5 -2.0 2.0 2048 32' (10 runs):

       1394.670638      task-clock (msec)         #    3.051 CPUs utilized            ( +-  0.71% )
                86      context-switches          #    0.061 K/sec                    ( +-  2.61% )
                32      cpu-migrations            #    0.023 K/sec                    ( +-  1.47% )
            41,083      page-faults               #    0.029 M/sec                    ( +-  0.00% )
   <not supported>      cycles                   
   <not supported>      stalled-cycles-frontend  
   <not supported>      stalled-cycles-backend   
   <not supported>      instructions             
   <not supported>      branches                 
   <not supported>      branch-misses            

       0.457126763 seconds time elapsed                                          ( +-  1.26% )


 Performance counter stats for './mandelbrot_pth -2.5 1.5 -2.0 2.0 4096 2' (10 runs):

       4555.884289      task-clock (msec)         #    1.294 CPUs utilized            ( +-  0.25% )
                15      context-switches          #    0.003 K/sec                    ( +-  3.31% )
                 2      cpu-migrations            #    0.001 K/sec                    ( +-  6.64% )
           163,902      page-faults               #    0.036 M/sec                    ( +-  0.00% )
   <not supported>      cycles                   
   <not supported>      stalled-cycles-frontend  
   <not supported>      stalled-cycles-backend   
   <not supported>      instructions             
   <not supported>      branches                 
   <not supported>      branch-misses            

       3.520044245 seconds time elapsed                                          ( +-  0.52% )


 Performance counter stats for './mandelbrot_pth -2.5 1.5 -2.0 2.0 4096 4' (10 runs):

       4634.818082      task-clock (msec)         #    1.375 CPUs utilized            ( +-  0.24% )
                16      context-switches          #    0.003 K/sec                    ( +-  4.66% )
                 5      cpu-migrations            #    0.001 K/sec                    ( +-  3.55% )
           163,906      page-faults               #    0.035 M/sec                    ( +-  0.00% )
   <not supported>      cycles                   
   <not supported>      stalled-cycles-frontend  
   <not supported>      stalled-cycles-backend   
   <not supported>      instructions             
   <not supported>      branches                 
   <not supported>      branch-misses            

       3.371493942 seconds time elapsed                                          ( +-  0.14% )


 Performance counter stats for './mandelbrot_pth -2.5 1.5 -2.0 2.0 4096 8' (10 runs):

       4857.657978      task-clock (msec)         #    1.843 CPUs utilized            ( +-  0.77% )
                21      context-switches          #    0.004 K/sec                    ( +-  7.48% )
                 8      cpu-migrations            #    0.002 K/sec                    ( +-  3.50% )
           163,914      page-faults               #    0.034 M/sec                    ( +-  0.00% )
   <not supported>      cycles                   
   <not supported>      stalled-cycles-frontend  
   <not supported>      stalled-cycles-backend   
   <not supported>      instructions             
   <not supported>      branches                 
   <not supported>      branch-misses            

       2.636228585 seconds time elapsed                                          ( +-  0.93% )


 Performance counter stats for './mandelbrot_pth -2.5 1.5 -2.0 2.0 4096 16' (10 runs):

       5187.409433      task-clock (msec)         #    2.549 CPUs utilized            ( +-  0.30% )
               106      context-switches          #    0.020 K/sec                    ( +-  3.64% )
                18      cpu-migrations            #    0.004 K/sec                    ( +-  1.66% )
           163,930      page-faults               #    0.032 M/sec                    ( +-  0.00% )
   <not supported>      cycles                   
   <not supported>      stalled-cycles-frontend  
   <not supported>      stalled-cycles-backend   
   <not supported>      instructions             
   <not supported>      branches                 
   <not supported>      branch-misses            

       2.035426370 seconds time elapsed                                          ( +-  0.27% )


 Performance counter stats for './mandelbrot_pth -2.5 1.5 -2.0 2.0 4096 32' (10 runs):

       5570.881660      task-clock (msec)         #    3.009 CPUs utilized            ( +-  1.11% )
               296      context-switches          #    0.053 K/sec                    ( +-  0.81% )
                40      cpu-migrations            #    0.007 K/sec                    ( +-  2.07% )
           163,963      page-faults               #    0.029 M/sec                    ( +-  0.00% )
   <not supported>      cycles                   
   <not supported>      stalled-cycles-frontend  
   <not supported>      stalled-cycles-backend   
   <not supported>      instructions             
   <not supported>      branches                 
   <not supported>      branch-misses            

       1.851443165 seconds time elapsed                                          ( +-  1.30% )


 Performance counter stats for './mandelbrot_pth -2.5 1.5 -2.0 2.0 8192 2' (10 runs):

      18086.144952      task-clock (msec)         #    1.213 CPUs utilized            ( +-  0.21% )
                55      context-switches          #    0.003 K/sec                    ( +-  3.31% )
                 3      cpu-migrations            #    0.000 K/sec                    ( +- 13.05% )
           655,421      page-faults               #    0.036 M/sec                    ( +-  0.00% )
   <not supported>      cycles                   
   <not supported>      stalled-cycles-frontend  
   <not supported>      stalled-cycles-backend   
   <not supported>      instructions             
   <not supported>      branches                 
   <not supported>      branch-misses            

      14.912514596 seconds time elapsed                                          ( +-  0.78% )


 Performance counter stats for './mandelbrot_pth -2.5 1.5 -2.0 2.0 8192 4' (10 runs):

      18415.485629      task-clock (msec)         #    1.273 CPUs utilized            ( +-  0.37% )
                58      context-switches          #    0.003 K/sec                    ( +-  2.01% )
                 5      cpu-migrations            #    0.000 K/sec                    ( +-  6.28% )
           655,426      page-faults               #    0.036 M/sec                    ( +-  0.00% )
   <not supported>      cycles                   
   <not supported>      stalled-cycles-frontend  
   <not supported>      stalled-cycles-backend   
   <not supported>      instructions             
   <not supported>      branches                 
   <not supported>      branch-misses            

      14.465645344 seconds time elapsed                                          ( +-  0.89% )


 Performance counter stats for './mandelbrot_pth -2.5 1.5 -2.0 2.0 8192 8' (10 runs):

      19321.212531      task-clock (msec)         #    1.717 CPUs utilized            ( +-  0.62% )
                69      context-switches          #    0.004 K/sec                    ( +-  3.32% )
                 8      cpu-migrations            #    0.000 K/sec                    ( +-  4.67% )
           655,433      page-faults               #    0.034 M/sec                    ( +-  0.00% )
   <not supported>      cycles                   
   <not supported>      stalled-cycles-frontend  
   <not supported>      stalled-cycles-backend   
   <not supported>      instructions             
   <not supported>      branches                 
   <not supported>      branch-misses            

      11.251366489 seconds time elapsed                                          ( +-  0.48% )


 Performance counter stats for './mandelbrot_pth -2.5 1.5 -2.0 2.0 8192 16' (10 runs):

      20795.687832      task-clock (msec)         #    2.273 CPUs utilized            ( +-  0.39% )
               320      context-switches          #    0.015 K/sec                    ( +-  1.22% )
                20      cpu-migrations            #    0.001 K/sec                    ( +-  3.37% )
           655,450      page-faults               #    0.032 M/sec                    ( +-  0.00% )
   <not supported>      cycles                   
   <not supported>      stalled-cycles-frontend  
   <not supported>      stalled-cycles-backend   
   <not supported>      instructions             
   <not supported>      branches                 
   <not supported>      branch-misses            

       9.148828060 seconds time elapsed                                          ( +-  0.49% )


 Performance counter stats for './mandelbrot_pth -2.5 1.5 -2.0 2.0 8192 32' (10 runs):

      22174.709277      task-clock (msec)         #    2.697 CPUs utilized            ( +-  1.03% )
               980      context-switches          #    0.044 K/sec                    ( +-  5.13% )
                66      cpu-migrations            #    0.003 K/sec                    ( +-  4.94% )
           655,483      page-faults               #    0.030 M/sec                    ( +-  0.00% )
   <not supported>      cycles                   
   <not supported>      stalled-cycles-frontend  
   <not supported>      stalled-cycles-backend   
   <not supported>      instructions             
   <not supported>      branches                 
   <not supported>      branch-misses            

       8.221081122 seconds time elapsed                                          ( +-  1.03% )

