
 Performance counter stats for './mandelbrot_pth -0.8 -0.7 0.05 0.15 16 2' (10 runs):

          0.864802      task-clock (msec)         #    0.896 CPUs utilized            ( +-  1.29% )
                 2      context-switches          #    0.002 M/sec                  
                 2      cpu-migrations            #    0.002 M/sec                  
                62      page-faults               #    0.072 M/sec                    ( +-  0.53% )
   <not supported>      cycles                   
   <not supported>      stalled-cycles-frontend  
   <not supported>      stalled-cycles-backend   
   <not supported>      instructions             
   <not supported>      branches                 
   <not supported>      branch-misses            

       0.000965554 seconds time elapsed                                          ( +-  1.60% )


 Performance counter stats for './mandelbrot_pth -0.8 -0.7 0.05 0.15 16 4' (10 runs):

          0.890100      task-clock (msec)         #    1.062 CPUs utilized            ( +-  0.57% )
                 2      context-switches          #    0.002 M/sec                    ( +-  4.76% )
                 4      cpu-migrations            #    0.005 M/sec                    ( +-  2.44% )
                66      page-faults               #    0.074 M/sec                    ( +-  0.39% )
   <not supported>      cycles                   
   <not supported>      stalled-cycles-frontend  
   <not supported>      stalled-cycles-backend   
   <not supported>      instructions             
   <not supported>      branches                 
   <not supported>      branch-misses            

       0.000837935 seconds time elapsed                                          ( +-  0.57% )


 Performance counter stats for './mandelbrot_pth -0.8 -0.7 0.05 0.15 16 8' (10 runs):

          1.130146      task-clock (msec)         #    1.186 CPUs utilized            ( +-  2.55% )
                 8      context-switches          #    0.007 M/sec                    ( +- 18.70% )
                 8      cpu-migrations            #    0.007 M/sec                  
                75      page-faults               #    0.066 M/sec                    ( +-  0.40% )
   <not supported>      cycles                   
   <not supported>      stalled-cycles-frontend  
   <not supported>      stalled-cycles-backend   
   <not supported>      instructions             
   <not supported>      branches                 
   <not supported>      branch-misses            

       0.000952892 seconds time elapsed                                          ( +-  3.16% )


 Performance counter stats for './mandelbrot_pth -0.8 -0.7 0.05 0.15 16 16' (10 runs):

          1.431075      task-clock (msec)         #    1.186 CPUs utilized            ( +-  1.62% )
                18      context-switches          #    0.013 M/sec                    ( +-  6.79% )
                16      cpu-migrations            #    0.011 M/sec                  
                91      page-faults               #    0.064 M/sec                    ( +-  0.30% )
   <not supported>      cycles                   
   <not supported>      stalled-cycles-frontend  
   <not supported>      stalled-cycles-backend   
   <not supported>      instructions             
   <not supported>      branches                 
   <not supported>      branch-misses            

       0.001206492 seconds time elapsed                                          ( +-  2.42% )


 Performance counter stats for './mandelbrot_pth -0.8 -0.7 0.05 0.15 16 32' (10 runs):

          1.364002      task-clock (msec)         #    0.935 CPUs utilized            ( +-  3.10% )
                24      context-switches          #    0.017 M/sec                    ( +-  9.99% )
                32      cpu-migrations            #    0.024 M/sec                    ( +-  1.24% )
               124      page-faults               #    0.091 M/sec                    ( +-  0.21% )
   <not supported>      cycles                   
   <not supported>      stalled-cycles-frontend  
   <not supported>      stalled-cycles-backend   
   <not supported>      instructions             
   <not supported>      branches                 
   <not supported>      branch-misses            

       0.001458266 seconds time elapsed                                          ( +-  2.73% )


 Performance counter stats for './mandelbrot_pth -0.8 -0.7 0.05 0.15 32 2' (10 runs):

          2.045840      task-clock (msec)         #    1.210 CPUs utilized            ( +-  0.77% )
                 2      context-switches          #    0.978 K/sec                  
                 2      cpu-migrations            #    0.001 M/sec                    ( +-  9.09% )
                70      page-faults               #    0.034 M/sec                    ( +-  0.50% )
   <not supported>      cycles                   
   <not supported>      stalled-cycles-frontend  
   <not supported>      stalled-cycles-backend   
   <not supported>      instructions             
   <not supported>      branches                 
   <not supported>      branch-misses            

       0.001691096 seconds time elapsed                                          ( +-  1.46% )


 Performance counter stats for './mandelbrot_pth -0.8 -0.7 0.05 0.15 32 4' (10 runs):

          2.090559      task-clock (msec)         #    1.619 CPUs utilized            ( +-  0.67% )
                 2      context-switches          #    0.957 K/sec                  
                 4      cpu-migrations            #    0.002 M/sec                  
                74      page-faults               #    0.035 M/sec                    ( +-  0.40% )
   <not supported>      cycles                   
   <not supported>      stalled-cycles-frontend  
   <not supported>      stalled-cycles-backend   
   <not supported>      instructions             
   <not supported>      branches                 
   <not supported>      branch-misses            

       0.001291279 seconds time elapsed                                          ( +-  0.86% )


 Performance counter stats for './mandelbrot_pth -0.8 -0.7 0.05 0.15 32 8' (10 runs):

          2.315898      task-clock (msec)         #    1.994 CPUs utilized            ( +-  0.55% )
                 4      context-switches          #    0.002 M/sec                    ( +- 10.61% )
                 8      cpu-migrations            #    0.003 M/sec                  
                82      page-faults               #    0.035 M/sec                    ( +-  0.26% )
   <not supported>      cycles                   
   <not supported>      stalled-cycles-frontend  
   <not supported>      stalled-cycles-backend   
   <not supported>      instructions             
   <not supported>      branches                 
   <not supported>      branch-misses            

       0.001161354 seconds time elapsed                                          ( +-  0.80% )


 Performance counter stats for './mandelbrot_pth -0.8 -0.7 0.05 0.15 32 16' (10 runs):

          2.517193      task-clock (msec)         #    2.098 CPUs utilized            ( +-  1.22% )
                26      context-switches          #    0.010 M/sec                    ( +- 15.38% )
                17      cpu-migrations            #    0.007 M/sec                    ( +-  5.19% )
                99      page-faults               #    0.039 M/sec                    ( +-  0.29% )
   <not supported>      cycles                   
   <not supported>      stalled-cycles-frontend  
   <not supported>      stalled-cycles-backend   
   <not supported>      instructions             
   <not supported>      branches                 
   <not supported>      branch-misses            

       0.001199965 seconds time elapsed                                          ( +-  2.14% )


 Performance counter stats for './mandelbrot_pth -0.8 -0.7 0.05 0.15 32 32' (10 runs):

          3.070419      task-clock (msec)         #    1.861 CPUs utilized            ( +-  1.69% )
                36      context-switches          #    0.012 M/sec                    ( +-  7.64% )
                32      cpu-migrations            #    0.011 M/sec                    ( +-  0.47% )
               132      page-faults               #    0.043 M/sec                    ( +-  0.21% )
   <not supported>      cycles                   
   <not supported>      stalled-cycles-frontend  
   <not supported>      stalled-cycles-backend   
   <not supported>      instructions             
   <not supported>      branches                 
   <not supported>      branch-misses            

       0.001649601 seconds time elapsed                                          ( +-  3.90% )


 Performance counter stats for './mandelbrot_pth -0.8 -0.7 0.05 0.15 64 2' (10 runs):

          6.691329      task-clock (msec)         #    1.527 CPUs utilized            ( +-  0.51% )
                 2      context-switches          #    0.299 K/sec                  
                 2      cpu-migrations            #    0.299 K/sec                  
               100      page-faults               #    0.015 M/sec                    ( +-  0.25% )
   <not supported>      cycles                   
   <not supported>      stalled-cycles-frontend  
   <not supported>      stalled-cycles-backend   
   <not supported>      instructions             
   <not supported>      branches                 
   <not supported>      branch-misses            

       0.004382715 seconds time elapsed                                          ( +-  0.83% )


 Performance counter stats for './mandelbrot_pth -0.8 -0.7 0.05 0.15 64 4' (10 runs):

          6.738636      task-clock (msec)         #    2.323 CPUs utilized            ( +-  0.35% )
                 2      context-switches          #    0.297 K/sec                  
                 4      cpu-migrations            #    0.608 K/sec                    ( +-  2.44% )
               104      page-faults               #    0.015 M/sec                    ( +-  0.24% )
   <not supported>      cycles                   
   <not supported>      stalled-cycles-frontend  
   <not supported>      stalled-cycles-backend   
   <not supported>      instructions             
   <not supported>      branches                 
   <not supported>      branch-misses            

       0.002900286 seconds time elapsed                                          ( +-  0.95% )


 Performance counter stats for './mandelbrot_pth -0.8 -0.7 0.05 0.15 64 8' (10 runs):

          6.994562      task-clock (msec)         #    3.384 CPUs utilized            ( +-  0.37% )
                 5      context-switches          #    0.743 K/sec                    ( +- 11.40% )
                 8      cpu-migrations            #    0.001 M/sec                    ( +-  1.23% )
               112      page-faults               #    0.016 M/sec                    ( +-  0.30% )
   <not supported>      cycles                   
   <not supported>      stalled-cycles-frontend  
   <not supported>      stalled-cycles-backend   
   <not supported>      instructions             
   <not supported>      branches                 
   <not supported>      branch-misses            

       0.002067030 seconds time elapsed                                          ( +-  0.94% )


 Performance counter stats for './mandelbrot_pth -0.8 -0.7 0.05 0.15 64 16' (10 runs):

          7.272681      task-clock (msec)         #    3.545 CPUs utilized            ( +-  0.83% )
                 9      context-switches          #    0.001 M/sec                    ( +-  4.96% )
                14      cpu-migrations            #    0.002 M/sec                  
               129      page-faults               #    0.018 M/sec                    ( +-  0.28% )
   <not supported>      cycles                   
   <not supported>      stalled-cycles-frontend  
   <not supported>      stalled-cycles-backend   
   <not supported>      instructions             
   <not supported>      branches                 
   <not supported>      branch-misses            

       0.002051361 seconds time elapsed                                          ( +-  1.72% )


 Performance counter stats for './mandelbrot_pth -0.8 -0.7 0.05 0.15 64 32' (10 runs):

          8.328339      task-clock (msec)         #    3.565 CPUs utilized            ( +-  0.70% )
                79      context-switches          #    0.009 M/sec                    ( +-  3.65% )
                36      cpu-migrations            #    0.004 M/sec                    ( +-  1.88% )
               162      page-faults               #    0.019 M/sec                    ( +-  0.23% )
   <not supported>      cycles                   
   <not supported>      stalled-cycles-frontend  
   <not supported>      stalled-cycles-backend   
   <not supported>      instructions             
   <not supported>      branches                 
   <not supported>      branch-misses            

       0.002335897 seconds time elapsed                                          ( +-  0.91% )


 Performance counter stats for './mandelbrot_pth -0.8 -0.7 0.05 0.15 128 2' (10 runs):

         25.278803      task-clock (msec)         #    1.621 CPUs utilized            ( +-  0.15% )
                 2      context-switches          #    0.079 K/sec                  
                 2      cpu-migrations            #    0.099 K/sec                    ( +- 10.75% )
               222      page-faults               #    0.009 M/sec                    ( +-  0.07% )
   <not supported>      cycles                   
   <not supported>      stalled-cycles-frontend  
   <not supported>      stalled-cycles-backend   
   <not supported>      instructions             
   <not supported>      branches                 
   <not supported>      branch-misses            

       0.015592285 seconds time elapsed                                          ( +-  0.31% )


 Performance counter stats for './mandelbrot_pth -0.8 -0.7 0.05 0.15 128 4' (10 runs):

         25.246117      task-clock (msec)         #    2.688 CPUs utilized            ( +-  0.18% )
                 2      context-switches          #    0.079 K/sec                  
                 4      cpu-migrations            #    0.158 K/sec                  
               225      page-faults               #    0.009 M/sec                    ( +-  0.15% )
   <not supported>      cycles                   
   <not supported>      stalled-cycles-frontend  
   <not supported>      stalled-cycles-backend   
   <not supported>      instructions             
   <not supported>      branches                 
   <not supported>      branch-misses            

       0.009390925 seconds time elapsed                                          ( +-  0.43% )


 Performance counter stats for './mandelbrot_pth -0.8 -0.7 0.05 0.15 128 8' (10 runs):

         25.758902      task-clock (msec)         #    4.376 CPUs utilized            ( +-  0.58% )
                 4      context-switches          #    0.155 K/sec                    ( +-  7.45% )
                 8      cpu-migrations            #    0.318 K/sec                    ( +-  1.63% )
               233      page-faults               #    0.009 M/sec                    ( +-  0.11% )
   <not supported>      cycles                   
   <not supported>      stalled-cycles-frontend  
   <not supported>      stalled-cycles-backend   
   <not supported>      instructions             
   <not supported>      branches                 
   <not supported>      branch-misses            

       0.005886443 seconds time elapsed                                          ( +-  0.96% )


 Performance counter stats for './mandelbrot_pth -0.8 -0.7 0.05 0.15 128 16' (10 runs):

         25.742963      task-clock (msec)         #    4.471 CPUs utilized            ( +-  0.33% )
                 9      context-switches          #    0.346 K/sec                    ( +-  2.62% )
                14      cpu-migrations            #    0.544 K/sec                  
               250      page-faults               #    0.010 M/sec                    ( +-  0.10% )
   <not supported>      cycles                   
   <not supported>      stalled-cycles-frontend  
   <not supported>      stalled-cycles-backend   
   <not supported>      instructions             
   <not supported>      branches                 
   <not supported>      branch-misses            

       0.005758265 seconds time elapsed                                          ( +-  1.22% )


 Performance counter stats for './mandelbrot_pth -0.8 -0.7 0.05 0.15 128 32' (10 runs):

         26.081775      task-clock (msec)         #    4.981 CPUs utilized            ( +-  0.23% )
                17      context-switches          #    0.656 K/sec                    ( +-  6.31% )
                29      cpu-migrations            #    0.001 M/sec                    ( +-  0.56% )
               283      page-faults               #    0.011 M/sec                    ( +-  0.10% )
   <not supported>      cycles                   
   <not supported>      stalled-cycles-frontend  
   <not supported>      stalled-cycles-backend   
   <not supported>      instructions             
   <not supported>      branches                 
   <not supported>      branch-misses            

       0.005236027 seconds time elapsed                                          ( +-  0.56% )


 Performance counter stats for './mandelbrot_pth -0.8 -0.7 0.05 0.15 256 2' (10 runs):

         96.709479      task-clock (msec)         #    1.662 CPUs utilized            ( +-  0.09% )
                 2      context-switches          #    0.021 K/sec                  
                 2      cpu-migrations            #    0.023 K/sec                    ( +-  6.06% )
               701      page-faults               #    0.007 M/sec                    ( +-  0.04% )
   <not supported>      cycles                   
   <not supported>      stalled-cycles-frontend  
   <not supported>      stalled-cycles-backend   
   <not supported>      instructions             
   <not supported>      branches                 
   <not supported>      branch-misses            

       0.058198411 seconds time elapsed                                          ( +-  0.13% )


 Performance counter stats for './mandelbrot_pth -0.8 -0.7 0.05 0.15 256 4' (10 runs):

         97.734483      task-clock (msec)         #    2.862 CPUs utilized            ( +-  0.32% )
                 2      context-switches          #    0.021 K/sec                    ( +-  4.76% )
                 4      cpu-migrations            #    0.042 K/sec                    ( +-  2.44% )
               705      page-faults               #    0.007 M/sec                    ( +-  0.04% )
   <not supported>      cycles                   
   <not supported>      stalled-cycles-frontend  
   <not supported>      stalled-cycles-backend   
   <not supported>      instructions             
   <not supported>      branches                 
   <not supported>      branch-misses            

       0.034149576 seconds time elapsed                                          ( +-  0.87% )


 Performance counter stats for './mandelbrot_pth -0.8 -0.7 0.05 0.15 256 8' (10 runs):

        102.656782      task-clock (msec)         #    4.780 CPUs utilized            ( +-  0.66% )
                 5      context-switches          #    0.050 K/sec                    ( +-  7.42% )
                 7      cpu-migrations            #    0.072 K/sec                    ( +-  2.99% )
               713      page-faults               #    0.007 M/sec                    ( +-  0.04% )
   <not supported>      cycles                   
   <not supported>      stalled-cycles-frontend  
   <not supported>      stalled-cycles-backend   
   <not supported>      instructions             
   <not supported>      branches                 
   <not supported>      branch-misses            

       0.021475743 seconds time elapsed                                          ( +-  1.46% )


 Performance counter stats for './mandelbrot_pth -0.8 -0.7 0.05 0.15 256 16' (10 runs):

        103.469171      task-clock (msec)         #    4.926 CPUs utilized            ( +-  0.81% )
                11      context-switches          #    0.108 K/sec                    ( +-  2.59% )
                14      cpu-migrations            #    0.137 K/sec                    ( +-  0.94% )
               731      page-faults               #    0.007 M/sec                    ( +-  0.01% )
   <not supported>      cycles                   
   <not supported>      stalled-cycles-frontend  
   <not supported>      stalled-cycles-backend   
   <not supported>      instructions             
   <not supported>      branches                 
   <not supported>      branch-misses            

       0.021005533 seconds time elapsed                                          ( +-  0.79% )


 Performance counter stats for './mandelbrot_pth -0.8 -0.7 0.05 0.15 256 32' (10 runs):

        102.871043      task-clock (msec)         #    5.326 CPUs utilized            ( +-  0.48% )
                24      context-switches          #    0.234 K/sec                    ( +-  3.63% )
                28      cpu-migrations            #    0.273 K/sec                    ( +-  0.36% )
               764      page-faults               #    0.007 M/sec                    ( +-  0.02% )
   <not supported>      cycles                   
   <not supported>      stalled-cycles-frontend  
   <not supported>      stalled-cycles-backend   
   <not supported>      instructions             
   <not supported>      branches                 
   <not supported>      branch-misses            

       0.019314075 seconds time elapsed                                          ( +-  1.55% )


 Performance counter stats for './mandelbrot_pth -0.8 -0.7 0.05 0.15 512 2' (10 runs):

        386.086264      task-clock (msec)         #    1.669 CPUs utilized            ( +-  0.10% )
                 3      context-switches          #    0.008 K/sec                    ( +- 12.17% )
                 2      cpu-migrations            #    0.005 K/sec                  
             2,621      page-faults               #    0.007 M/sec                    ( +-  0.01% )
   <not supported>      cycles                   
   <not supported>      stalled-cycles-frontend  
   <not supported>      stalled-cycles-backend   
   <not supported>      instructions             
   <not supported>      branches                 
   <not supported>      branch-misses            

       0.231337273 seconds time elapsed                                          ( +-  0.18% )


 Performance counter stats for './mandelbrot_pth -0.8 -0.7 0.05 0.15 512 4' (10 runs):

        386.599627      task-clock (msec)         #    2.921 CPUs utilized            ( +-  0.22% )
                 4      context-switches          #    0.009 K/sec                    ( +- 17.17% )
                 4      cpu-migrations            #    0.011 K/sec                    ( +-  3.71% )
             2,624      page-faults               #    0.007 M/sec                    ( +-  0.01% )
   <not supported>      cycles                   
   <not supported>      stalled-cycles-frontend  
   <not supported>      stalled-cycles-backend   
   <not supported>      instructions             
   <not supported>      branches                 
   <not supported>      branch-misses            

       0.132330467 seconds time elapsed                                          ( +-  0.33% )


 Performance counter stats for './mandelbrot_pth -0.8 -0.7 0.05 0.15 512 8' (10 runs):

        388.262000      task-clock (msec)         #    5.056 CPUs utilized            ( +-  0.18% )
                11      context-switches          #    0.029 K/sec                    ( +-  6.56% )
                 9      cpu-migrations            #    0.023 K/sec                    ( +-  2.62% )
             2,633      page-faults               #    0.007 M/sec                    ( +-  0.01% )
   <not supported>      cycles                   
   <not supported>      stalled-cycles-frontend  
   <not supported>      stalled-cycles-backend   
   <not supported>      instructions             
   <not supported>      branches                 
   <not supported>      branch-misses            

       0.076789912 seconds time elapsed                                          ( +-  0.59% )


 Performance counter stats for './mandelbrot_pth -0.8 -0.7 0.05 0.15 512 16' (10 runs):

        478.306112      task-clock (msec)         #    5.855 CPUs utilized            ( +-  0.16% )
                37      context-switches          #    0.077 K/sec                    ( +-  1.21% )
                15      cpu-migrations            #    0.031 K/sec                    ( +-  2.04% )
             2,650      page-faults               #    0.006 M/sec                    ( +-  0.01% )
   <not supported>      cycles                   
   <not supported>      stalled-cycles-frontend  
   <not supported>      stalled-cycles-backend   
   <not supported>      instructions             
   <not supported>      branches                 
   <not supported>      branch-misses            

       0.081687251 seconds time elapsed                                          ( +-  0.86% )


 Performance counter stats for './mandelbrot_pth -0.8 -0.7 0.05 0.15 512 32' (10 runs):

        481.468421      task-clock (msec)         #    6.141 CPUs utilized            ( +-  0.17% )
                56      context-switches          #    0.116 K/sec                    ( +-  3.63% )
                31      cpu-migrations            #    0.065 K/sec                    ( +-  4.08% )
             2,683      page-faults               #    0.006 M/sec                    ( +-  0.01% )
   <not supported>      cycles                   
   <not supported>      stalled-cycles-frontend  
   <not supported>      stalled-cycles-backend   
   <not supported>      instructions             
   <not supported>      branches                 
   <not supported>      branch-misses            

       0.078404162 seconds time elapsed                                          ( +-  0.48% )


 Performance counter stats for './mandelbrot_pth -0.8 -0.7 0.05 0.15 1024 2' (10 runs):

       1540.716938      task-clock (msec)         #    1.672 CPUs utilized            ( +-  0.03% )
                 6      context-switches          #    0.004 K/sec                    ( +- 10.24% )
                 2      cpu-migrations            #    0.002 K/sec                    ( +- 12.73% )
            10,301      page-faults               #    0.007 M/sec                    ( +-  0.00% )
   <not supported>      cycles                   
   <not supported>      stalled-cycles-frontend  
   <not supported>      stalled-cycles-backend   
   <not supported>      instructions             
   <not supported>      branches                 
   <not supported>      branch-misses            

       0.921747315 seconds time elapsed                                          ( +-  0.04% )


 Performance counter stats for './mandelbrot_pth -0.8 -0.7 0.05 0.15 1024 4' (10 runs):

       1550.611073      task-clock (msec)         #    2.899 CPUs utilized            ( +-  0.12% )
                 5      context-switches          #    0.003 K/sec                    ( +- 14.90% )
                 4      cpu-migrations            #    0.003 K/sec                    ( +-  3.17% )
            10,305      page-faults               #    0.007 M/sec                    ( +-  0.00% )
   <not supported>      cycles                   
   <not supported>      stalled-cycles-frontend  
   <not supported>      stalled-cycles-backend   
   <not supported>      instructions             
   <not supported>      branches                 
   <not supported>      branch-misses            

       0.534949058 seconds time elapsed                                          ( +-  0.14% )


 Performance counter stats for './mandelbrot_pth -0.8 -0.7 0.05 0.15 1024 8' (10 runs):

       1641.192219      task-clock (msec)         #    4.996 CPUs utilized            ( +-  1.80% )
                20      context-switches          #    0.012 K/sec                    ( +- 13.46% )
                 8      cpu-migrations            #    0.005 K/sec                    ( +-  3.23% )
            10,313      page-faults               #    0.006 M/sec                    ( +-  0.00% )
   <not supported>      cycles                   
   <not supported>      stalled-cycles-frontend  
   <not supported>      stalled-cycles-backend   
   <not supported>      instructions             
   <not supported>      branches                 
   <not supported>      branch-misses            

       0.328492103 seconds time elapsed                                          ( +-  2.35% )


 Performance counter stats for './mandelbrot_pth -0.8 -0.7 0.05 0.15 1024 16' (10 runs):

       1915.860785      task-clock (msec)         #    6.090 CPUs utilized            ( +-  0.06% )
               133      context-switches          #    0.070 K/sec                    ( +-  0.95% )
                18      cpu-migrations            #    0.010 K/sec                    ( +-  3.46% )
            10,330      page-faults               #    0.005 M/sec                    ( +-  0.00% )
   <not supported>      cycles                   
   <not supported>      stalled-cycles-frontend  
   <not supported>      stalled-cycles-backend   
   <not supported>      instructions             
   <not supported>      branches                 
   <not supported>      branch-misses            

       0.314614397 seconds time elapsed                                          ( +-  0.34% )


 Performance counter stats for './mandelbrot_pth -0.8 -0.7 0.05 0.15 1024 32' (10 runs):

       1947.303930      task-clock (msec)         #    6.245 CPUs utilized            ( +-  0.25% )
               219      context-switches          #    0.112 K/sec                    ( +-  0.93% )
                36      cpu-migrations            #    0.018 K/sec                    ( +-  3.37% )
            10,363      page-faults               #    0.005 M/sec                    ( +-  0.00% )
   <not supported>      cycles                   
   <not supported>      stalled-cycles-frontend  
   <not supported>      stalled-cycles-backend   
   <not supported>      instructions             
   <not supported>      branches                 
   <not supported>      branch-misses            

       0.311793402 seconds time elapsed                                          ( +-  0.42% )


 Performance counter stats for './mandelbrot_pth -0.8 -0.7 0.05 0.15 2048 2' (10 runs):

       6210.909129      task-clock (msec)         #    1.665 CPUs utilized            ( +-  0.32% )
                14      context-switches          #    0.002 K/sec                    ( +-  4.22% )
                 2      cpu-migrations            #    0.000 K/sec                  
            41,021      page-faults               #    0.007 M/sec                    ( +-  0.00% )
   <not supported>      cycles                   
   <not supported>      stalled-cycles-frontend  
   <not supported>      stalled-cycles-backend   
   <not supported>      instructions             
   <not supported>      branches                 
   <not supported>      branch-misses            

       3.730770820 seconds time elapsed                                          ( +-  0.52% )


 Performance counter stats for './mandelbrot_pth -0.8 -0.7 0.05 0.15 2048 4' (10 runs):

       6205.095037      task-clock (msec)         #    2.911 CPUs utilized            ( +-  0.15% )
                14      context-switches          #    0.002 K/sec                    ( +-  4.87% )
                 4      cpu-migrations            #    0.001 K/sec                  
            41,025      page-faults               #    0.007 M/sec                    ( +-  0.00% )
   <not supported>      cycles                   
   <not supported>      stalled-cycles-frontend  
   <not supported>      stalled-cycles-backend   
   <not supported>      instructions             
   <not supported>      branches                 
   <not supported>      branch-misses            

       2.131929722 seconds time elapsed                                          ( +-  0.27% )


 Performance counter stats for './mandelbrot_pth -0.8 -0.7 0.05 0.15 2048 8' (10 runs):

       7206.820361      task-clock (msec)         #    5.281 CPUs utilized            ( +-  1.73% )
                24      context-switches          #    0.003 K/sec                    ( +-  7.69% )
                 8      cpu-migrations            #    0.001 K/sec                    ( +-  4.17% )
            41,033      page-faults               #    0.006 M/sec                    ( +-  0.00% )
   <not supported>      cycles                   
   <not supported>      stalled-cycles-frontend  
   <not supported>      stalled-cycles-backend   
   <not supported>      instructions             
   <not supported>      branches                 
   <not supported>      branch-misses            

       1.364728923 seconds time elapsed                                          ( +-  1.45% )


 Performance counter stats for './mandelbrot_pth -0.8 -0.7 0.05 0.15 2048 16' (10 runs):

       7719.171485      task-clock (msec)         #    6.107 CPUs utilized            ( +-  0.80% )
               408      context-switches          #    0.053 K/sec                    ( +-  0.80% )
                32      cpu-migrations            #    0.004 K/sec                    ( +-  4.34% )
            41,050      page-faults               #    0.005 M/sec                    ( +-  0.00% )
   <not supported>      cycles                   
   <not supported>      stalled-cycles-frontend  
   <not supported>      stalled-cycles-backend   
   <not supported>      instructions             
   <not supported>      branches                 
   <not supported>      branch-misses            

       1.263916555 seconds time elapsed                                          ( +-  1.26% )


 Performance counter stats for './mandelbrot_pth -0.8 -0.7 0.05 0.15 2048 32' (10 runs):

       7724.293936      task-clock (msec)         #    6.276 CPUs utilized            ( +-  0.12% )
               831      context-switches          #    0.108 K/sec                    ( +-  0.30% )
                58      cpu-migrations            #    0.007 K/sec                    ( +-  3.76% )
            41,083      page-faults               #    0.005 M/sec                    ( +-  0.00% )
   <not supported>      cycles                   
   <not supported>      stalled-cycles-frontend  
   <not supported>      stalled-cycles-backend   
   <not supported>      instructions             
   <not supported>      branches                 
   <not supported>      branch-misses            

       1.230857467 seconds time elapsed                                          ( +-  0.25% )


 Performance counter stats for './mandelbrot_pth -0.8 -0.7 0.05 0.15 4096 2' (10 runs):

      26291.065185      task-clock (msec)         #    1.694 CPUs utilized            ( +-  2.23% )
                52      context-switches          #    0.002 K/sec                    ( +-  2.97% )
                 3      cpu-migrations            #    0.000 K/sec                    ( +- 11.11% )
           163,901      page-faults               #    0.006 M/sec                    ( +-  0.00% )
   <not supported>      cycles                   
   <not supported>      stalled-cycles-frontend  
   <not supported>      stalled-cycles-backend   
   <not supported>      instructions             
   <not supported>      branches                 
   <not supported>      branch-misses            

      15.517469980 seconds time elapsed                                          ( +-  1.87% )


 Performance counter stats for './mandelbrot_pth -0.8 -0.7 0.05 0.15 4096 4' (10 runs):

      27858.873109      task-clock (msec)         #    2.835 CPUs utilized            ( +-  1.03% )
                63      context-switches          #    0.002 K/sec                    ( +-  1.97% )
                 5      cpu-migrations            #    0.000 K/sec                    ( +-  4.81% )
           163,905      page-faults               #    0.006 M/sec                    ( +-  0.00% )
   <not supported>      cycles                   
   <not supported>      stalled-cycles-frontend  
   <not supported>      stalled-cycles-backend   
   <not supported>      instructions             
   <not supported>      branches                 
   <not supported>      branch-misses            

       9.828233099 seconds time elapsed                                          ( +-  1.39% )


 Performance counter stats for './mandelbrot_pth -0.8 -0.7 0.05 0.15 4096 8' (10 runs):

      29529.327850      task-clock (msec)         #    5.200 CPUs utilized            ( +-  0.34% )
                76      context-switches          #    0.003 K/sec                    ( +-  5.39% )
                 9      cpu-migrations            #    0.000 K/sec                    ( +-  6.73% )
           163,913      page-faults               #    0.006 M/sec                    ( +-  0.00% )
   <not supported>      cycles                   
   <not supported>      stalled-cycles-frontend  
   <not supported>      stalled-cycles-backend   
   <not supported>      instructions             
   <not supported>      branches                 
   <not supported>      branch-misses            

       5.678209032 seconds time elapsed                                          ( +-  0.40% )


 Performance counter stats for './mandelbrot_pth -0.8 -0.7 0.05 0.15 4096 16' (10 runs):

      30521.366961      task-clock (msec)         #    6.073 CPUs utilized            ( +-  0.05% )
             1,432      context-switches          #    0.047 K/sec                    ( +-  0.49% )
                70      cpu-migrations            #    0.002 K/sec                    ( +-  4.71% )
           163,930      page-faults               #    0.005 M/sec                    ( +-  0.00% )
   <not supported>      cycles                   
   <not supported>      stalled-cycles-frontend  
   <not supported>      stalled-cycles-backend   
   <not supported>      instructions             
   <not supported>      branches                 
   <not supported>      branch-misses            

       5.025685472 seconds time elapsed                                          ( +-  0.23% )


 Performance counter stats for './mandelbrot_pth -0.8 -0.7 0.05 0.15 4096 32' (10 runs):

      30887.212131      task-clock (msec)         #    6.277 CPUs utilized            ( +-  0.61% )
             3,118      context-switches          #    0.101 K/sec                    ( +-  0.35% )
               108      cpu-migrations            #    0.004 K/sec                    ( +-  3.28% )
           163,963      page-faults               #    0.005 M/sec                    ( +-  0.00% )
   <not supported>      cycles                   
   <not supported>      stalled-cycles-frontend  
   <not supported>      stalled-cycles-backend   
   <not supported>      instructions             
   <not supported>      branches                 
   <not supported>      branch-misses            

       4.920433616 seconds time elapsed                                          ( +-  0.51% )


 Performance counter stats for './mandelbrot_pth -0.8 -0.7 0.05 0.15 8192 2' (10 runs):

      98789.486035      task-clock (msec)         #    1.643 CPUs utilized            ( +-  0.22% )
               200      context-switches          #    0.002 K/sec                    ( +-  0.51% )
                 3      cpu-migrations            #    0.000 K/sec                    ( +-  8.91% )
           655,421      page-faults               #    0.007 M/sec                    ( +-  0.00% )
   <not supported>      cycles                   
   <not supported>      stalled-cycles-frontend  
   <not supported>      stalled-cycles-backend   
   <not supported>      instructions             
   <not supported>      branches                 
   <not supported>      branch-misses            

      60.141207567 seconds time elapsed                                          ( +-  0.11% )


 Performance counter stats for './mandelbrot_pth -0.8 -0.7 0.05 0.15 8192 4' (10 runs):

     105112.852062      task-clock (msec)         #    2.806 CPUs utilized            ( +-  1.46% )
               238      context-switches          #    0.002 K/sec                    ( +-  2.20% )
                 5      cpu-migrations            #    0.000 K/sec                    ( +-  7.47% )
           655,425      page-faults               #    0.006 M/sec                    ( +-  0.00% )
   <not supported>      cycles                   
   <not supported>      stalled-cycles-frontend  
   <not supported>      stalled-cycles-backend   
   <not supported>      instructions             
   <not supported>      branches                 
   <not supported>      branch-misses            

      37.465498785 seconds time elapsed                                          ( +-  1.89% )


 Performance counter stats for './mandelbrot_pth -0.8 -0.7 0.05 0.15 8192 8' (10 runs):

     118394.393882      task-clock (msec)         #    5.010 CPUs utilized            ( +-  0.59% )
               297      context-switches          #    0.003 K/sec                    ( +-  4.24% )
                11      cpu-migrations            #    0.000 K/sec                    ( +-  7.53% )
           655,433      page-faults               #    0.006 M/sec                    ( +-  0.00% )
   <not supported>      cycles                   
   <not supported>      stalled-cycles-frontend  
   <not supported>      stalled-cycles-backend   
   <not supported>      instructions             
   <not supported>      branches                 
   <not supported>      branch-misses            

      23.631730729 seconds time elapsed                                          ( +-  0.36% )


 Performance counter stats for './mandelbrot_pth -0.8 -0.7 0.05 0.15 8192 16' (10 runs):

     125144.558456      task-clock (msec)         #    5.871 CPUs utilized            ( +-  1.24% )
             5,587      context-switches          #    0.045 K/sec                    ( +-  2.76% )
               265      cpu-migrations            #    0.002 K/sec                    ( +-  3.89% )
           655,450      page-faults               #    0.005 M/sec                    ( +-  0.00% )
   <not supported>      cycles                   
   <not supported>      stalled-cycles-frontend  
   <not supported>      stalled-cycles-backend   
   <not supported>      instructions             
   <not supported>      branches                 
   <not supported>      branch-misses            

      21.316352455 seconds time elapsed                                          ( +-  1.19% )


 Performance counter stats for './mandelbrot_pth -0.8 -0.7 0.05 0.15 8192 32' (10 runs):

     122638.308818      task-clock (msec)         #    5.968 CPUs utilized            ( +-  0.02% )
            12,154      context-switches          #    0.099 K/sec                    ( +-  0.06% )
               314      cpu-migrations            #    0.003 K/sec                    ( +-  4.01% )
           655,483      page-faults               #    0.005 M/sec                    ( +-  0.00% )
   <not supported>      cycles                   
   <not supported>      stalled-cycles-frontend  
   <not supported>      stalled-cycles-backend   
   <not supported>      instructions             
   <not supported>      branches                 
   <not supported>      branch-misses            

      20.549449995 seconds time elapsed                                          ( +-  0.09% )

