
 Performance counter stats for './mandelbrot_omp 0.175 0.375 -0.1 0.1 16 2' (10 runs):

          0.837324      task-clock (msec)         #    1.013 CPUs utilized            ( +-  0.97% )
                 0      context-switches          #    0.000 K/sec                  
                 1      cpu-migrations            #    0.001 M/sec                  
                62      page-faults               #    0.074 M/sec                    ( +-  0.48% )
   <not supported>      cycles                   
   <not supported>      stalled-cycles-frontend  
   <not supported>      stalled-cycles-backend   
   <not supported>      instructions             
   <not supported>      branches                 
   <not supported>      branch-misses            

       0.000826954 seconds time elapsed                                          ( +-  0.76% )


 Performance counter stats for './mandelbrot_omp 0.175 0.375 -0.1 0.1 16 4' (10 runs):

          0.984021      task-clock (msec)         #    1.280 CPUs utilized            ( +-  1.59% )
                 0      context-switches          #    0.000 K/sec                  
                 3      cpu-migrations            #    0.003 M/sec                  
                66      page-faults               #    0.067 M/sec                    ( +-  0.30% )
   <not supported>      cycles                   
   <not supported>      stalled-cycles-frontend  
   <not supported>      stalled-cycles-backend   
   <not supported>      instructions             
   <not supported>      branches                 
   <not supported>      branch-misses            

       0.000768789 seconds time elapsed                                          ( +-  1.53% )


 Performance counter stats for './mandelbrot_omp 0.175 0.375 -0.1 0.1 16 8' (10 runs):

          2.900511      task-clock (msec)         #    2.912 CPUs utilized            ( +- 46.89% )
                 0      context-switches          #    0.103 K/sec                    ( +-100.00% )
                 7      cpu-migrations            #    0.002 M/sec                  
                75      page-faults               #    0.026 M/sec                    ( +-  0.37% )
   <not supported>      cycles                   
   <not supported>      stalled-cycles-frontend  
   <not supported>      stalled-cycles-backend   
   <not supported>      instructions             
   <not supported>      branches                 
   <not supported>      branch-misses            

       0.000996147 seconds time elapsed                                          ( +- 20.76% )


 Performance counter stats for './mandelbrot_omp 0.175 0.375 -0.1 0.1 16 16' (10 runs):

          1.345735      task-clock (msec)         #    1.188 CPUs utilized            ( +-  1.25% )
                48      context-switches          #    0.036 M/sec                    ( +-  0.21% )
                27      cpu-migrations            #    0.020 M/sec                    ( +-  2.68% )
                92      page-faults               #    0.068 M/sec                    ( +-  0.36% )
   <not supported>      cycles                   
   <not supported>      stalled-cycles-frontend  
   <not supported>      stalled-cycles-backend   
   <not supported>      instructions             
   <not supported>      branches                 
   <not supported>      branch-misses            

       0.001132678 seconds time elapsed                                          ( +-  0.94% )


 Performance counter stats for './mandelbrot_omp 0.175 0.375 -0.1 0.1 16 32' (10 runs):

          1.752899      task-clock (msec)         #    1.174 CPUs utilized            ( +-  1.76% )
                90      context-switches          #    0.051 M/sec                    ( +-  3.58% )
                47      cpu-migrations            #    0.027 M/sec                    ( +-  3.87% )
               127      page-faults               #    0.072 M/sec                    ( +-  0.17% )
   <not supported>      cycles                   
   <not supported>      stalled-cycles-frontend  
   <not supported>      stalled-cycles-backend   
   <not supported>      instructions             
   <not supported>      branches                 
   <not supported>      branch-misses            

       0.001492760 seconds time elapsed                                          ( +-  0.83% )


 Performance counter stats for './mandelbrot_omp 0.175 0.375 -0.1 0.1 32 2' (10 runs):

          1.901287      task-clock (msec)         #    1.400 CPUs utilized            ( +-  1.47% )
                 0      context-switches          #    0.000 K/sec                  
                 1      cpu-migrations            #    0.526 K/sec                  
                62      page-faults               #    0.033 M/sec                    ( +-  0.40% )
   <not supported>      cycles                   
   <not supported>      stalled-cycles-frontend  
   <not supported>      stalled-cycles-backend   
   <not supported>      instructions             
   <not supported>      branches                 
   <not supported>      branch-misses            

       0.001357954 seconds time elapsed                                          ( +-  1.03% )


 Performance counter stats for './mandelbrot_omp 0.175 0.375 -0.1 0.1 32 4' (10 runs):

          2.179828      task-clock (msec)         #    2.088 CPUs utilized            ( +-  1.86% )
                 0      context-switches          #    0.046 K/sec                    ( +-100.00% )
                 3      cpu-migrations            #    0.001 M/sec                  
                66      page-faults               #    0.030 M/sec                    ( +-  0.45% )
   <not supported>      cycles                   
   <not supported>      stalled-cycles-frontend  
   <not supported>      stalled-cycles-backend   
   <not supported>      instructions             
   <not supported>      branches                 
   <not supported>      branch-misses            

       0.001044157 seconds time elapsed                                          ( +-  1.53% )


 Performance counter stats for './mandelbrot_omp 0.175 0.375 -0.1 0.1 32 8' (10 runs):

          4.445028      task-clock (msec)         #    3.756 CPUs utilized            ( +- 30.74% )
                 0      context-switches          #    0.090 K/sec                    ( +- 55.28% )
                 7      cpu-migrations            #    0.002 M/sec                  
                75      page-faults               #    0.017 M/sec                    ( +-  0.27% )
   <not supported>      cycles                   
   <not supported>      stalled-cycles-frontend  
   <not supported>      stalled-cycles-backend   
   <not supported>      instructions             
   <not supported>      branches                 
   <not supported>      branch-misses            

       0.001183429 seconds time elapsed                                          ( +- 16.70% )


 Performance counter stats for './mandelbrot_omp 0.175 0.375 -0.1 0.1 32 16' (10 runs):

          2.554652      task-clock (msec)         #    1.447 CPUs utilized            ( +-  0.66% )
                48      context-switches          #    0.019 M/sec                    ( +-  0.69% )
                27      cpu-migrations            #    0.011 M/sec                    ( +-  2.99% )
                92      page-faults               #    0.036 M/sec                    ( +-  0.41% )
   <not supported>      cycles                   
   <not supported>      stalled-cycles-frontend  
   <not supported>      stalled-cycles-backend   
   <not supported>      instructions             
   <not supported>      branches                 
   <not supported>      branch-misses            

       0.001765771 seconds time elapsed                                          ( +-  2.13% )


 Performance counter stats for './mandelbrot_omp 0.175 0.375 -0.1 0.1 32 32' (10 runs):

          3.380325      task-clock (msec)         #    1.291 CPUs utilized            ( +-  7.60% )
                93      context-switches          #    0.028 M/sec                    ( +-  2.68% )
                58      cpu-migrations            #    0.017 M/sec                    ( +-  3.87% )
               126      page-faults               #    0.037 M/sec                    ( +-  0.27% )
   <not supported>      cycles                   
   <not supported>      stalled-cycles-frontend  
   <not supported>      stalled-cycles-backend   
   <not supported>      instructions             
   <not supported>      branches                 
   <not supported>      branch-misses            

       0.002618692 seconds time elapsed                                          ( +- 10.13% )


 Performance counter stats for './mandelbrot_omp 0.175 0.375 -0.1 0.1 64 2' (10 runs):

          5.882993      task-clock (msec)         #    1.748 CPUs utilized            ( +-  0.17% )
                 0      context-switches          #    0.000 K/sec                  
                 1      cpu-migrations            #    0.170 K/sec                  
                62      page-faults               #    0.011 M/sec                    ( +-  0.32% )
   <not supported>      cycles                   
   <not supported>      stalled-cycles-frontend  
   <not supported>      stalled-cycles-backend   
   <not supported>      instructions             
   <not supported>      branches                 
   <not supported>      branch-misses            

       0.003364980 seconds time elapsed                                          ( +-  0.44% )


 Performance counter stats for './mandelbrot_omp 0.175 0.375 -0.1 0.1 64 4' (10 runs):

          7.326959      task-clock (msec)         #    3.131 CPUs utilized            ( +-  0.20% )
                 0      context-switches          #    0.000 K/sec                  
                 3      cpu-migrations            #    0.409 K/sec                  
                66      page-faults               #    0.009 M/sec                    ( +-  0.39% )
   <not supported>      cycles                   
   <not supported>      stalled-cycles-frontend  
   <not supported>      stalled-cycles-backend   
   <not supported>      instructions             
   <not supported>      branches                 
   <not supported>      branch-misses            

       0.002339913 seconds time elapsed                                          ( +-  0.25% )


 Performance counter stats for './mandelbrot_omp 0.175 0.375 -0.1 0.1 64 8' (10 runs):

          9.060913      task-clock (msec)         #    5.247 CPUs utilized            ( +-  0.77% )
                 0      context-switches          #    0.022 K/sec                    ( +- 66.67% )
                 7      cpu-migrations            #    0.773 K/sec                  
                75      page-faults               #    0.008 M/sec                    ( +-  0.35% )
   <not supported>      cycles                   
   <not supported>      stalled-cycles-frontend  
   <not supported>      stalled-cycles-backend   
   <not supported>      instructions             
   <not supported>      branches                 
   <not supported>      branch-misses            

       0.001726773 seconds time elapsed                                          ( +-  0.47% )


 Performance counter stats for './mandelbrot_omp 0.175 0.375 -0.1 0.1 64 16' (10 runs):

          7.275375      task-clock (msec)         #    2.203 CPUs utilized            ( +-  0.90% )
                47      context-switches          #    0.006 M/sec                    ( +-  0.86% )
                31      cpu-migrations            #    0.004 M/sec                    ( +-  2.10% )
                92      page-faults               #    0.013 M/sec                    ( +-  0.48% )
   <not supported>      cycles                   
   <not supported>      stalled-cycles-frontend  
   <not supported>      stalled-cycles-backend   
   <not supported>      instructions             
   <not supported>      branches                 
   <not supported>      branch-misses            

       0.003302610 seconds time elapsed                                          ( +-  4.91% )


 Performance counter stats for './mandelbrot_omp 0.175 0.375 -0.1 0.1 64 32' (10 runs):

          7.738600      task-clock (msec)         #    2.236 CPUs utilized            ( +-  1.39% )
                92      context-switches          #    0.012 M/sec                    ( +-  2.24% )
                71      cpu-migrations            #    0.009 M/sec                    ( +-  4.82% )
               126      page-faults               #    0.016 M/sec                    ( +-  0.27% )
   <not supported>      cycles                   
   <not supported>      stalled-cycles-frontend  
   <not supported>      stalled-cycles-backend   
   <not supported>      instructions             
   <not supported>      branches                 
   <not supported>      branch-misses            

       0.003461299 seconds time elapsed                                          ( +-  2.84% )


 Performance counter stats for './mandelbrot_omp 0.175 0.375 -0.1 0.1 128 2' (10 runs):

         22.174914      task-clock (msec)         #    1.925 CPUs utilized            ( +-  0.35% )
                 0      context-switches          #    0.014 K/sec                    ( +- 71.15% )
                 1      cpu-migrations            #    0.045 K/sec                  
                62      page-faults               #    0.003 M/sec                    ( +-  0.21% )
   <not supported>      cycles                   
   <not supported>      stalled-cycles-frontend  
   <not supported>      stalled-cycles-backend   
   <not supported>      instructions             
   <not supported>      branches                 
   <not supported>      branch-misses            

       0.011518803 seconds time elapsed                                          ( +-  0.32% )


 Performance counter stats for './mandelbrot_omp 0.175 0.375 -0.1 0.1 128 4' (10 runs):

         25.850668      task-clock (msec)         #    3.602 CPUs utilized            ( +-  1.10% )
                 2      context-switches          #    0.085 K/sec                    ( +- 17.67% )
                 3      cpu-migrations            #    0.116 K/sec                  
                66      page-faults               #    0.003 M/sec                    ( +-  0.30% )
   <not supported>      cycles                   
   <not supported>      stalled-cycles-frontend  
   <not supported>      stalled-cycles-backend   
   <not supported>      instructions             
   <not supported>      branches                 
   <not supported>      branch-misses            

       0.007175923 seconds time elapsed                                          ( +-  2.15% )


 Performance counter stats for './mandelbrot_omp 0.175 0.375 -0.1 0.1 128 8' (10 runs):

         33.100805      task-clock (msec)         #    7.013 CPUs utilized            ( +-  0.05% )
                 1      context-switches          #    0.030 K/sec                  
                 7      cpu-migrations            #    0.211 K/sec                  
                76      page-faults               #    0.002 M/sec                    ( +-  0.30% )
   <not supported>      cycles                   
   <not supported>      stalled-cycles-frontend  
   <not supported>      stalled-cycles-backend   
   <not supported>      instructions             
   <not supported>      branches                 
   <not supported>      branch-misses            

       0.004719750 seconds time elapsed                                          ( +-  0.08% )


 Performance counter stats for './mandelbrot_omp 0.175 0.375 -0.1 0.1 128 16' (10 runs):

         26.238729      task-clock (msec)         #    4.497 CPUs utilized            ( +-  0.91% )
                45      context-switches          #    0.002 M/sec                    ( +-  1.93% )
                35      cpu-migrations            #    0.001 M/sec                    ( +-  4.91% )
                92      page-faults               #    0.004 M/sec                    ( +-  0.23% )
   <not supported>      cycles                   
   <not supported>      stalled-cycles-frontend  
   <not supported>      stalled-cycles-backend   
   <not supported>      instructions             
   <not supported>      branches                 
   <not supported>      branch-misses            

       0.005835276 seconds time elapsed                                          ( +-  2.20% )


 Performance counter stats for './mandelbrot_omp 0.175 0.375 -0.1 0.1 128 32' (10 runs):

         27.102517      task-clock (msec)         #    4.212 CPUs utilized            ( +-  0.84% )
                85      context-switches          #    0.003 M/sec                    ( +-  3.16% )
                77      cpu-migrations            #    0.003 M/sec                    ( +-  7.89% )
               126      page-faults               #    0.005 M/sec                    ( +-  0.32% )
   <not supported>      cycles                   
   <not supported>      stalled-cycles-frontend  
   <not supported>      stalled-cycles-backend   
   <not supported>      instructions             
   <not supported>      branches                 
   <not supported>      branch-misses            

       0.006435297 seconds time elapsed                                          ( +-  2.85% )


 Performance counter stats for './mandelbrot_omp 0.175 0.375 -0.1 0.1 256 2' (10 runs):

         86.598152      task-clock (msec)         #    1.980 CPUs utilized            ( +-  0.05% )
                 1      context-switches          #    0.007 K/sec                    ( +- 66.67% )
                 1      cpu-migrations            #    0.014 K/sec                    ( +- 11.11% )
                62      page-faults               #    0.722 K/sec                    ( +-  0.27% )
   <not supported>      cycles                   
   <not supported>      stalled-cycles-frontend  
   <not supported>      stalled-cycles-backend   
   <not supported>      instructions             
   <not supported>      branches                 
   <not supported>      branch-misses            

       0.043736220 seconds time elapsed                                          ( +-  0.06% )


 Performance counter stats for './mandelbrot_omp 0.175 0.375 -0.1 0.1 256 4' (10 runs):

         97.793341      task-clock (msec)         #    3.417 CPUs utilized            ( +-  1.38% )
                 3      context-switches          #    0.031 K/sec                    ( +-  4.97% )
                 3      cpu-migrations            #    0.031 K/sec                  
                66      page-faults               #    0.674 K/sec                    ( +-  0.27% )
   <not supported>      cycles                   
   <not supported>      stalled-cycles-frontend  
   <not supported>      stalled-cycles-backend   
   <not supported>      instructions             
   <not supported>      branches                 
   <not supported>      branch-misses            

       0.028615550 seconds time elapsed                                          ( +-  2.01% )


 Performance counter stats for './mandelbrot_omp 0.175 0.375 -0.1 0.1 256 8' (10 runs):

        119.829539      task-clock (msec)         #    7.029 CPUs utilized            ( +-  1.18% )
                 9      context-switches          #    0.073 K/sec                    ( +-  5.57% )
                 7      cpu-migrations            #    0.060 K/sec                    ( +-  1.85% )
                75      page-faults               #    0.627 K/sec                    ( +-  0.24% )
   <not supported>      cycles                   
   <not supported>      stalled-cycles-frontend  
   <not supported>      stalled-cycles-backend   
   <not supported>      instructions             
   <not supported>      branches                 
   <not supported>      branch-misses            

       0.017047118 seconds time elapsed                                          ( +-  1.26% )


 Performance counter stats for './mandelbrot_omp 0.175 0.375 -0.1 0.1 256 16' (10 runs):

        105.505560      task-clock (msec)         #    5.670 CPUs utilized            ( +-  0.44% )
                47      context-switches          #    0.444 K/sec                    ( +-  2.52% )
                35      cpu-migrations            #    0.329 K/sec                    ( +-  3.10% )
                91      page-faults               #    0.865 K/sec                    ( +-  0.33% )
   <not supported>      cycles                   
   <not supported>      stalled-cycles-frontend  
   <not supported>      stalled-cycles-backend   
   <not supported>      instructions             
   <not supported>      branches                 
   <not supported>      branch-misses            

       0.018609156 seconds time elapsed                                          ( +-  3.06% )


 Performance counter stats for './mandelbrot_omp 0.175 0.375 -0.1 0.1 256 32' (10 runs):

        106.118420      task-clock (msec)         #    5.943 CPUs utilized            ( +-  0.59% )
                90      context-switches          #    0.843 K/sec                    ( +-  2.99% )
                79      cpu-migrations            #    0.741 K/sec                    ( +-  3.44% )
               126      page-faults               #    0.001 M/sec                    ( +-  0.29% )
   <not supported>      cycles                   
   <not supported>      stalled-cycles-frontend  
   <not supported>      stalled-cycles-backend   
   <not supported>      instructions             
   <not supported>      branches                 
   <not supported>      branch-misses            

       0.017855326 seconds time elapsed                                          ( +-  1.94% )


 Performance counter stats for './mandelbrot_omp 0.175 0.375 -0.1 0.1 512 2' (10 runs):

        344.193165      task-clock (msec)         #    1.994 CPUs utilized            ( +-  0.05% )
                 0      context-switches          #    0.001 K/sec                    ( +- 66.67% )
                 1      cpu-migrations            #    0.003 K/sec                  
                62      page-faults               #    0.180 K/sec                    ( +-  0.38% )
   <not supported>      cycles                   
   <not supported>      stalled-cycles-frontend  
   <not supported>      stalled-cycles-backend   
   <not supported>      instructions             
   <not supported>      branches                 
   <not supported>      branch-misses            

       0.172614745 seconds time elapsed                                          ( +-  0.05% )


 Performance counter stats for './mandelbrot_omp 0.175 0.375 -0.1 0.1 512 4' (10 runs):

        353.292409      task-clock (msec)         #    3.519 CPUs utilized            ( +-  0.87% )
                 3      context-switches          #    0.008 K/sec                    ( +- 23.31% )
                 3      cpu-migrations            #    0.009 K/sec                    ( +-  4.17% )
                66      page-faults               #    0.187 K/sec                    ( +-  0.38% )
   <not supported>      cycles                   
   <not supported>      stalled-cycles-frontend  
   <not supported>      stalled-cycles-backend   
   <not supported>      instructions             
   <not supported>      branches                 
   <not supported>      branch-misses            

       0.100391500 seconds time elapsed                                          ( +-  0.79% )


 Performance counter stats for './mandelbrot_omp 0.175 0.375 -0.1 0.1 512 8' (10 runs):

        431.298597      task-clock (msec)         #    6.983 CPUs utilized            ( +-  0.35% )
                20      context-switches          #    0.045 K/sec                    ( +-  3.08% )
                 7      cpu-migrations            #    0.017 K/sec                    ( +-  1.85% )
                75      page-faults               #    0.173 K/sec                    ( +-  0.40% )
   <not supported>      cycles                   
   <not supported>      stalled-cycles-frontend  
   <not supported>      stalled-cycles-backend   
   <not supported>      instructions             
   <not supported>      branches                 
   <not supported>      branch-misses            

       0.061763391 seconds time elapsed                                          ( +-  1.04% )


 Performance counter stats for './mandelbrot_omp 0.175 0.375 -0.1 0.1 512 16' (10 runs):

        423.976646      task-clock (msec)         #    6.556 CPUs utilized            ( +-  0.24% )
                60      context-switches          #    0.142 K/sec                    ( +-  1.88% )
                41      cpu-migrations            #    0.097 K/sec                    ( +-  3.04% )
                92      page-faults               #    0.217 K/sec                    ( +-  0.35% )
   <not supported>      cycles                   
   <not supported>      stalled-cycles-frontend  
   <not supported>      stalled-cycles-backend   
   <not supported>      instructions             
   <not supported>      branches                 
   <not supported>      branch-misses            

       0.064673030 seconds time elapsed                                          ( +-  2.02% )


 Performance counter stats for './mandelbrot_omp 0.175 0.375 -0.1 0.1 512 32' (10 runs):

        433.191778      task-clock (msec)         #    7.095 CPUs utilized            ( +-  0.23% )
               112      context-switches          #    0.259 K/sec                    ( +-  2.98% )
                89      cpu-migrations            #    0.205 K/sec                    ( +-  2.35% )
               126      page-faults               #    0.292 K/sec                    ( +-  0.27% )
   <not supported>      cycles                   
   <not supported>      stalled-cycles-frontend  
   <not supported>      stalled-cycles-backend   
   <not supported>      instructions             
   <not supported>      branches                 
   <not supported>      branch-misses            

       0.061052673 seconds time elapsed                                          ( +-  0.90% )


 Performance counter stats for './mandelbrot_omp 0.175 0.375 -0.1 0.1 1024 2' (10 runs):

       1371.326603      task-clock (msec)         #    1.998 CPUs utilized            ( +-  0.06% )
                 3      context-switches          #    0.002 K/sec                    ( +- 17.50% )
                 1      cpu-migrations            #    0.001 K/sec                  
                63      page-faults               #    0.046 K/sec                    ( +-  0.34% )
   <not supported>      cycles                   
   <not supported>      stalled-cycles-frontend  
   <not supported>      stalled-cycles-backend   
   <not supported>      instructions             
   <not supported>      branches                 
   <not supported>      branch-misses            

       0.686227718 seconds time elapsed                                          ( +-  0.06% )


 Performance counter stats for './mandelbrot_omp 0.175 0.375 -0.1 0.1 1024 4' (10 runs):

       1377.994943      task-clock (msec)         #    3.489 CPUs utilized            ( +-  0.06% )
                 5      context-switches          #    0.004 K/sec                    ( +- 18.82% )
                 4      cpu-migrations            #    0.003 K/sec                    ( +-  6.39% )
                66      page-faults               #    0.048 K/sec                    ( +-  0.45% )
   <not supported>      cycles                   
   <not supported>      stalled-cycles-frontend  
   <not supported>      stalled-cycles-backend   
   <not supported>      instructions             
   <not supported>      branches                 
   <not supported>      branch-misses            

       0.394996249 seconds time elapsed                                          ( +-  0.12% )


 Performance counter stats for './mandelbrot_omp 0.175 0.375 -0.1 0.1 1024 8' (10 runs):

       1676.907874      task-clock (msec)         #    6.893 CPUs utilized            ( +-  0.22% )
                37      context-switches          #    0.022 K/sec                    ( +- 10.02% )
                 7      cpu-migrations            #    0.004 K/sec                    ( +-  1.41% )
                75      page-faults               #    0.045 K/sec                    ( +-  0.40% )
   <not supported>      cycles                   
   <not supported>      stalled-cycles-frontend  
   <not supported>      stalled-cycles-backend   
   <not supported>      instructions             
   <not supported>      branches                 
   <not supported>      branch-misses            

       0.243291846 seconds time elapsed                                          ( +-  0.99% )


 Performance counter stats for './mandelbrot_omp 0.175 0.375 -0.1 0.1 1024 16' (10 runs):

       1698.449891      task-clock (msec)         #    6.883 CPUs utilized            ( +-  0.18% )
               120      context-switches          #    0.071 K/sec                    ( +-  2.19% )
                41      cpu-migrations            #    0.024 K/sec                    ( +-  2.17% )
                92      page-faults               #    0.054 K/sec                    ( +-  0.24% )
   <not supported>      cycles                   
   <not supported>      stalled-cycles-frontend  
   <not supported>      stalled-cycles-backend   
   <not supported>      instructions             
   <not supported>      branches                 
   <not supported>      branch-misses            

       0.246764308 seconds time elapsed                                          ( +-  0.91% )


 Performance counter stats for './mandelbrot_omp 0.175 0.375 -0.1 0.1 1024 32' (10 runs):

       1733.802158      task-clock (msec)         #    7.459 CPUs utilized            ( +-  0.07% )
               226      context-switches          #    0.130 K/sec                    ( +-  1.31% )
                94      cpu-migrations            #    0.054 K/sec                    ( +-  1.56% )
               126      page-faults               #    0.073 K/sec                    ( +-  0.28% )
   <not supported>      cycles                   
   <not supported>      stalled-cycles-frontend  
   <not supported>      stalled-cycles-backend   
   <not supported>      instructions             
   <not supported>      branches                 
   <not supported>      branch-misses            

       0.232452580 seconds time elapsed                                          ( +-  0.80% )


 Performance counter stats for './mandelbrot_omp 0.175 0.375 -0.1 0.1 2048 2' (10 runs):

       5484.964820      task-clock (msec)         #    1.999 CPUs utilized            ( +-  0.02% )
                10      context-switches          #    0.002 K/sec                    ( +-  5.23% )
                 1      cpu-migrations            #    0.000 K/sec                  
                62      page-faults               #    0.011 K/sec                    ( +-  0.35% )
   <not supported>      cycles                   
   <not supported>      stalled-cycles-frontend  
   <not supported>      stalled-cycles-backend   
   <not supported>      instructions             
   <not supported>      branches                 
   <not supported>      branch-misses            

       2.743967806 seconds time elapsed                                          ( +-  0.04% )


 Performance counter stats for './mandelbrot_omp 0.175 0.375 -0.1 0.1 2048 4' (10 runs):

       5878.312129      task-clock (msec)         #    3.655 CPUs utilized            ( +-  1.49% )
                14      context-switches          #    0.002 K/sec                    ( +-  3.78% )
                 3      cpu-migrations            #    0.001 K/sec                    ( +-  6.50% )
                66      page-faults               #    0.011 K/sec                    ( +-  0.42% )
   <not supported>      cycles                   
   <not supported>      stalled-cycles-frontend  
   <not supported>      stalled-cycles-backend   
   <not supported>      instructions             
   <not supported>      branches                 
   <not supported>      branch-misses            

       1.608244163 seconds time elapsed                                          ( +-  2.10% )


 Performance counter stats for './mandelbrot_omp 0.175 0.375 -0.1 0.1 2048 8' (10 runs):

       6672.763269      task-clock (msec)         #    6.831 CPUs utilized            ( +-  0.28% )
                45      context-switches          #    0.007 K/sec                    ( +-  4.84% )
                 7      cpu-migrations            #    0.001 K/sec                  
                76      page-faults               #    0.011 K/sec                    ( +-  0.35% )
   <not supported>      cycles                   
   <not supported>      stalled-cycles-frontend  
   <not supported>      stalled-cycles-backend   
   <not supported>      instructions             
   <not supported>      branches                 
   <not supported>      branch-misses            

       0.976898762 seconds time elapsed                                          ( +-  0.72% )


 Performance counter stats for './mandelbrot_omp 0.175 0.375 -0.1 0.1 2048 16' (10 runs):

       6909.878878      task-clock (msec)         #    7.259 CPUs utilized            ( +-  0.93% )
               381      context-switches          #    0.055 K/sec                    ( +-  2.63% )
                50      cpu-migrations            #    0.007 K/sec                    ( +-  1.88% )
                92      page-faults               #    0.013 K/sec                    ( +-  0.36% )
   <not supported>      cycles                   
   <not supported>      stalled-cycles-frontend  
   <not supported>      stalled-cycles-backend   
   <not supported>      instructions             
   <not supported>      branches                 
   <not supported>      branch-misses            

       0.951853232 seconds time elapsed                                          ( +-  1.34% )


 Performance counter stats for './mandelbrot_omp 0.175 0.375 -0.1 0.1 2048 32' (10 runs):

       6933.889777      task-clock (msec)         #    7.655 CPUs utilized            ( +-  0.08% )
               712      context-switches          #    0.103 K/sec                    ( +-  1.35% )
               117      cpu-migrations            #    0.017 K/sec                    ( +-  3.80% )
               127      page-faults               #    0.018 K/sec                    ( +-  0.32% )
   <not supported>      cycles                   
   <not supported>      stalled-cycles-frontend  
   <not supported>      stalled-cycles-backend   
   <not supported>      instructions             
   <not supported>      branches                 
   <not supported>      branch-misses            

       0.905791992 seconds time elapsed                                          ( +-  0.46% )


 Performance counter stats for './mandelbrot_omp 0.175 0.375 -0.1 0.1 4096 2' (10 runs):

      21962.973643      task-clock (msec)         #    1.996 CPUs utilized            ( +-  0.02% )
                38      context-switches          #    0.002 K/sec                    ( +-  1.30% )
                 1      cpu-migrations            #    0.000 K/sec                    ( +-  9.09% )
                62      page-faults               #    0.003 K/sec                    ( +-  0.35% )
   <not supported>      cycles                   
   <not supported>      stalled-cycles-frontend  
   <not supported>      stalled-cycles-backend   
   <not supported>      instructions             
   <not supported>      branches                 
   <not supported>      branch-misses            

      11.004760814 seconds time elapsed                                          ( +-  0.03% )


 Performance counter stats for './mandelbrot_omp 0.175 0.375 -0.1 0.1 4096 4' (10 runs):

      22158.259614      task-clock (msec)         #    3.463 CPUs utilized            ( +-  0.55% )
                43      context-switches          #    0.002 K/sec                    ( +-  1.59% )
                 3      cpu-migrations            #    0.000 K/sec                    ( +-  4.17% )
                66      page-faults               #    0.003 K/sec                    ( +-  0.30% )
   <not supported>      cycles                   
   <not supported>      stalled-cycles-frontend  
   <not supported>      stalled-cycles-backend   
   <not supported>      instructions             
   <not supported>      branches                 
   <not supported>      branch-misses            

       6.399427420 seconds time elapsed                                          ( +-  0.81% )


 Performance counter stats for './mandelbrot_omp 0.175 0.375 -0.1 0.1 4096 8' (10 runs):

      26565.246029      task-clock (msec)         #    6.724 CPUs utilized            ( +-  0.15% )
                90      context-switches          #    0.003 K/sec                    ( +-  1.90% )
                 8      cpu-migrations            #    0.000 K/sec                    ( +-  2.91% )
                75      page-faults               #    0.003 K/sec                    ( +-  0.59% )
   <not supported>      cycles                   
   <not supported>      stalled-cycles-frontend  
   <not supported>      stalled-cycles-backend   
   <not supported>      instructions             
   <not supported>      branches                 
   <not supported>      branch-misses            

       3.951095718 seconds time elapsed                                          ( +-  0.97% )


 Performance counter stats for './mandelbrot_omp 0.175 0.375 -0.1 0.1 4096 16' (10 runs):

      27580.505772      task-clock (msec)         #    7.512 CPUs utilized            ( +-  0.85% )
             1,480      context-switches          #    0.054 K/sec                    ( +-  1.13% )
                73      cpu-migrations            #    0.003 K/sec                    ( +-  3.17% )
                92      page-faults               #    0.003 K/sec                    ( +-  0.22% )
   <not supported>      cycles                   
   <not supported>      stalled-cycles-frontend  
   <not supported>      stalled-cycles-backend   
   <not supported>      instructions             
   <not supported>      branches                 
   <not supported>      branch-misses            

       3.671496755 seconds time elapsed                                          ( +-  1.38% )


 Performance counter stats for './mandelbrot_omp 0.175 0.375 -0.1 0.1 4096 32' (10 runs):

      27749.568194      task-clock (msec)         #    7.747 CPUs utilized            ( +-  0.03% )
             3,016      context-switches          #    0.109 K/sec                    ( +-  0.54% )
               136      cpu-migrations            #    0.005 K/sec                    ( +-  3.42% )
               127      page-faults               #    0.005 K/sec                    ( +-  0.21% )
   <not supported>      cycles                   
   <not supported>      stalled-cycles-frontend  
   <not supported>      stalled-cycles-backend   
   <not supported>      instructions             
   <not supported>      branches                 
   <not supported>      branch-misses            

       3.581863838 seconds time elapsed                                          ( +-  0.24% )


 Performance counter stats for './mandelbrot_omp 0.175 0.375 -0.1 0.1 8192 2' (10 runs):

      88911.186538      task-clock (msec)         #    1.996 CPUs utilized            ( +-  1.15% )
               154      context-switches          #    0.002 K/sec                    ( +-  1.70% )
                 1      cpu-migrations            #    0.000 K/sec                  
                62      page-faults               #    0.001 K/sec                    ( +-  0.66% )
   <not supported>      cycles                   
   <not supported>      stalled-cycles-frontend  
   <not supported>      stalled-cycles-backend   
   <not supported>      instructions             
   <not supported>      branches                 
   <not supported>      branch-misses            

      44.554127286 seconds time elapsed                                          ( +-  1.20% )


 Performance counter stats for './mandelbrot_omp 0.175 0.375 -0.1 0.1 8192 4' (10 runs):

      94824.729649      task-clock (msec)         #    3.326 CPUs utilized            ( +-  1.18% )
               167      context-switches          #    0.002 K/sec                    ( +-  1.37% )
                 3      cpu-migrations            #    0.000 K/sec                    ( +-  3.23% )
                65      page-faults               #    0.001 K/sec                    ( +-  0.52% )
   <not supported>      cycles                   
   <not supported>      stalled-cycles-frontend  
   <not supported>      stalled-cycles-backend   
   <not supported>      instructions             
   <not supported>      branches                 
   <not supported>      branch-misses            

      28.509297442 seconds time elapsed                                          ( +-  1.83% )


 Performance counter stats for './mandelbrot_omp 0.175 0.375 -0.1 0.1 8192 8' (10 runs):

     106433.485611      task-clock (msec)         #    6.696 CPUs utilized            ( +-  0.21% )
               272      context-switches          #    0.003 K/sec                    ( +-  2.50% )
                 8      cpu-migrations            #    0.000 K/sec                    ( +-  4.67% )
                75      page-faults               #    0.001 K/sec                    ( +-  0.22% )
   <not supported>      cycles                   
   <not supported>      stalled-cycles-frontend  
   <not supported>      stalled-cycles-backend   
   <not supported>      instructions             
   <not supported>      branches                 
   <not supported>      branch-misses            

      15.894412613 seconds time elapsed                                          ( +-  0.72% )


 Performance counter stats for './mandelbrot_omp 0.175 0.375 -0.1 0.1 8192 16' (10 runs):

     111881.806935      task-clock (msec)         #    7.609 CPUs utilized            ( +-  1.09% )
             5,851      context-switches          #    0.052 K/sec                    ( +-  0.72% )
               154      cpu-migrations            #    0.001 K/sec                    ( +-  5.09% )
                92      page-faults               #    0.001 K/sec                    ( +-  0.32% )
   <not supported>      cycles                   
   <not supported>      stalled-cycles-frontend  
   <not supported>      stalled-cycles-backend   
   <not supported>      instructions             
   <not supported>      branches                 
   <not supported>      branch-misses            

      14.703220132 seconds time elapsed                                          ( +-  1.49% )


 Performance counter stats for './mandelbrot_omp 0.175 0.375 -0.1 0.1 8192 32' (10 runs):

     111230.731159      task-clock (msec)         #    7.829 CPUs utilized            ( +-  0.08% )
            12,472      context-switches          #    0.112 K/sec                    ( +-  0.15% )
               236      cpu-migrations            #    0.002 K/sec                    ( +-  2.72% )
               127      page-faults               #    0.001 K/sec                    ( +-  0.22% )
   <not supported>      cycles                   
   <not supported>      stalled-cycles-frontend  
   <not supported>      stalled-cycles-backend   
   <not supported>      instructions             
   <not supported>      branches                 
   <not supported>      branch-misses            

      14.207933415 seconds time elapsed                                          ( +-  0.12% )

