
 Performance counter stats for './mandelbrot_omp -2.5 1.5 -2.0 2.0 16 2' (10 runs):

          0.488547      task-clock (msec)         #    0.151 CPUs utilized            ( +-  2.73% )
                 0      context-switches          #    0.205 K/sec                    ( +-100.00% )
                 1      cpu-migrations            #    0.002 M/sec                  
                62      page-faults               #    0.128 M/sec                    ( +-  0.35% )
   <not supported>      cycles                   
   <not supported>      stalled-cycles-frontend  
   <not supported>      stalled-cycles-backend   
   <not supported>      instructions             
   <not supported>      branches                 
   <not supported>      branch-misses            

       0.003225668 seconds time elapsed                                          ( +- 79.75% )


 Performance counter stats for './mandelbrot_omp -2.5 1.5 -2.0 2.0 16 4' (10 runs):

          0.665466      task-clock (msec)         #    0.988 CPUs utilized            ( +-  2.01% )
                 0      context-switches          #    0.000 K/sec                  
                 3      cpu-migrations            #    0.005 M/sec                  
                66      page-faults               #    0.099 M/sec                    ( +-  0.44% )
   <not supported>      cycles                   
   <not supported>      stalled-cycles-frontend  
   <not supported>      stalled-cycles-backend   
   <not supported>      instructions             
   <not supported>      branches                 
   <not supported>      branch-misses            

       0.000673454 seconds time elapsed                                          ( +-  1.61% )


 Performance counter stats for './mandelbrot_omp -2.5 1.5 -2.0 2.0 16 8' (10 runs):

          1.261615      task-clock (msec)         #    1.692 CPUs utilized            ( +-  0.47% )
                 0      context-switches          #    0.000 K/sec                  
                 7      cpu-migrations            #    0.006 M/sec                  
                75      page-faults               #    0.060 M/sec                    ( +-  0.40% )
   <not supported>      cycles                   
   <not supported>      stalled-cycles-frontend  
   <not supported>      stalled-cycles-backend   
   <not supported>      instructions             
   <not supported>      branches                 
   <not supported>      branch-misses            

       0.000745841 seconds time elapsed                                          ( +-  0.84% )


 Performance counter stats for './mandelbrot_omp -2.5 1.5 -2.0 2.0 16 16' (10 runs):

          1.051289      task-clock (msec)         #    1.036 CPUs utilized            ( +-  1.59% )
                47      context-switches          #    0.045 M/sec                    ( +-  1.90% )
                26      cpu-migrations            #    0.025 M/sec                    ( +-  2.27% )
                92      page-faults               #    0.088 M/sec                    ( +-  0.36% )
   <not supported>      cycles                   
   <not supported>      stalled-cycles-frontend  
   <not supported>      stalled-cycles-backend   
   <not supported>      instructions             
   <not supported>      branches                 
   <not supported>      branch-misses            

       0.001014649 seconds time elapsed                                          ( +-  1.07% )


 Performance counter stats for './mandelbrot_omp -2.5 1.5 -2.0 2.0 16 32' (10 runs):

          1.486383      task-clock (msec)         #    1.138 CPUs utilized            ( +-  1.18% )
                96      context-switches          #    0.065 M/sec                    ( +-  0.16% )
                54      cpu-migrations            #    0.036 M/sec                    ( +-  1.87% )
               126      page-faults               #    0.085 M/sec                    ( +-  0.32% )
   <not supported>      cycles                   
   <not supported>      stalled-cycles-frontend  
   <not supported>      stalled-cycles-backend   
   <not supported>      instructions             
   <not supported>      branches                 
   <not supported>      branch-misses            

       0.001306483 seconds time elapsed                                          ( +-  1.17% )


 Performance counter stats for './mandelbrot_omp -2.5 1.5 -2.0 2.0 32 2' (10 runs):

          0.661777      task-clock (msec)         #    0.898 CPUs utilized            ( +-  0.97% )
                 0      context-switches          #    0.000 K/sec                  
                 1      cpu-migrations            #    0.002 M/sec                  
                62      page-faults               #    0.094 M/sec                    ( +-  0.42% )
   <not supported>      cycles                   
   <not supported>      stalled-cycles-frontend  
   <not supported>      stalled-cycles-backend   
   <not supported>      instructions             
   <not supported>      branches                 
   <not supported>      branch-misses            

       0.000736597 seconds time elapsed                                          ( +-  1.17% )


 Performance counter stats for './mandelbrot_omp -2.5 1.5 -2.0 2.0 32 4' (10 runs):

          1.046785      task-clock (msec)         #    1.336 CPUs utilized            ( +-  1.71% )
                 0      context-switches          #    0.000 K/sec                  
                 3      cpu-migrations            #    0.003 M/sec                  
                66      page-faults               #    0.063 M/sec                    ( +-  0.44% )
   <not supported>      cycles                   
   <not supported>      stalled-cycles-frontend  
   <not supported>      stalled-cycles-backend   
   <not supported>      instructions             
   <not supported>      branches                 
   <not supported>      branch-misses            

       0.000783589 seconds time elapsed                                          ( +-  1.61% )


 Performance counter stats for './mandelbrot_omp -2.5 1.5 -2.0 2.0 32 8' (10 runs):

          1.789268      task-clock (msec)         #    2.217 CPUs utilized            ( +-  0.72% )
                 0      context-switches          #    0.000 K/sec                  
                 7      cpu-migrations            #    0.004 M/sec                  
                74      page-faults               #    0.042 M/sec                    ( +-  0.46% )
   <not supported>      cycles                   
   <not supported>      stalled-cycles-frontend  
   <not supported>      stalled-cycles-backend   
   <not supported>      instructions             
   <not supported>      branches                 
   <not supported>      branch-misses            

       0.000806890 seconds time elapsed                                          ( +-  0.81% )


 Performance counter stats for './mandelbrot_omp -2.5 1.5 -2.0 2.0 32 16' (10 runs):

          1.239952      task-clock (msec)         #    1.088 CPUs utilized            ( +-  1.34% )
                47      context-switches          #    0.038 M/sec                    ( +-  1.48% )
                25      cpu-migrations            #    0.020 M/sec                    ( +-  3.49% )
                92      page-faults               #    0.074 M/sec                    ( +-  0.49% )
   <not supported>      cycles                   
   <not supported>      stalled-cycles-frontend  
   <not supported>      stalled-cycles-backend   
   <not supported>      instructions             
   <not supported>      branches                 
   <not supported>      branch-misses            

       0.001139566 seconds time elapsed                                          ( +-  1.28% )


 Performance counter stats for './mandelbrot_omp -2.5 1.5 -2.0 2.0 32 32' (10 runs):

          1.786563      task-clock (msec)         #    1.170 CPUs utilized            ( +-  1.84% )
                92      context-switches          #    0.052 M/sec                    ( +-  1.72% )
                57      cpu-migrations            #    0.032 M/sec                    ( +-  3.56% )
               127      page-faults               #    0.071 M/sec                    ( +-  0.23% )
   <not supported>      cycles                   
   <not supported>      stalled-cycles-frontend  
   <not supported>      stalled-cycles-backend   
   <not supported>      instructions             
   <not supported>      branches                 
   <not supported>      branch-misses            

       0.001527441 seconds time elapsed                                          ( +-  1.76% )


 Performance counter stats for './mandelbrot_omp -2.5 1.5 -2.0 2.0 64 2' (10 runs):

          1.265520      task-clock (msec)         #    1.225 CPUs utilized            ( +-  0.70% )
                 0      context-switches          #    0.079 K/sec                    ( +-100.00% )
                 1      cpu-migrations            #    0.790 K/sec                  
                62      page-faults               #    0.049 M/sec                    ( +-  0.32% )
   <not supported>      cycles                   
   <not supported>      stalled-cycles-frontend  
   <not supported>      stalled-cycles-backend   
   <not supported>      instructions             
   <not supported>      branches                 
   <not supported>      branch-misses            

       0.001033007 seconds time elapsed                                          ( +-  0.94% )


 Performance counter stats for './mandelbrot_omp -2.5 1.5 -2.0 2.0 64 4' (10 runs):

          2.208116      task-clock (msec)         #    2.108 CPUs utilized            ( +-  0.67% )
                 0      context-switches          #    0.000 K/sec                  
                 3      cpu-migrations            #    0.001 M/sec                  
                66      page-faults               #    0.030 M/sec                    ( +-  0.53% )
   <not supported>      cycles                   
   <not supported>      stalled-cycles-frontend  
   <not supported>      stalled-cycles-backend   
   <not supported>      instructions             
   <not supported>      branches                 
   <not supported>      branch-misses            

       0.001047309 seconds time elapsed                                          ( +-  0.62% )


 Performance counter stats for './mandelbrot_omp -2.5 1.5 -2.0 2.0 64 8' (10 runs):

          3.722333      task-clock (msec)         #    3.530 CPUs utilized            ( +-  0.47% )
                 0      context-switches          #    0.081 K/sec                    ( +- 71.15% )
                 7      cpu-migrations            #    0.002 M/sec                  
                75      page-faults               #    0.020 M/sec                    ( +-  0.39% )
   <not supported>      cycles                   
   <not supported>      stalled-cycles-frontend  
   <not supported>      stalled-cycles-backend   
   <not supported>      instructions             
   <not supported>      branches                 
   <not supported>      branch-misses            

       0.001054410 seconds time elapsed                                          ( +-  0.42% )


 Performance counter stats for './mandelbrot_omp -2.5 1.5 -2.0 2.0 64 16' (10 runs):

          1.828732      task-clock (msec)         #    1.111 CPUs utilized            ( +-  0.85% )
                46      context-switches          #    0.025 M/sec                    ( +-  2.14% )
                24      cpu-migrations            #    0.013 M/sec                    ( +-  2.38% )
                92      page-faults               #    0.050 M/sec                    ( +-  0.39% )
   <not supported>      cycles                   
   <not supported>      stalled-cycles-frontend  
   <not supported>      stalled-cycles-backend   
   <not supported>      instructions             
   <not supported>      branches                 
   <not supported>      branch-misses            

       0.001645580 seconds time elapsed                                          ( +-  1.44% )


 Performance counter stats for './mandelbrot_omp -2.5 1.5 -2.0 2.0 64 32' (10 runs):

          2.326944      task-clock (msec)         #    1.111 CPUs utilized            ( +-  2.24% )
                89      context-switches          #    0.038 M/sec                    ( +-  4.10% )
                53      cpu-migrations            #    0.023 M/sec                    ( +-  4.74% )
               126      page-faults               #    0.054 M/sec                    ( +-  0.24% )
   <not supported>      cycles                   
   <not supported>      stalled-cycles-frontend  
   <not supported>      stalled-cycles-backend   
   <not supported>      instructions             
   <not supported>      branches                 
   <not supported>      branch-misses            

       0.002095298 seconds time elapsed                                          ( +-  0.56% )


 Performance counter stats for './mandelbrot_omp -2.5 1.5 -2.0 2.0 128 2' (10 runs):

          3.692234      task-clock (msec)         #    1.632 CPUs utilized            ( +-  0.20% )
                 0      context-switches          #    0.000 K/sec                  
                 1      cpu-migrations            #    0.271 K/sec                  
                62      page-faults               #    0.017 M/sec                    ( +-  0.26% )
   <not supported>      cycles                   
   <not supported>      stalled-cycles-frontend  
   <not supported>      stalled-cycles-backend   
   <not supported>      instructions             
   <not supported>      branches                 
   <not supported>      branch-misses            

       0.002262842 seconds time elapsed                                          ( +-  0.39% )


 Performance counter stats for './mandelbrot_omp -2.5 1.5 -2.0 2.0 128 4' (10 runs):

          6.969639      task-clock (msec)         #    3.081 CPUs utilized            ( +-  0.22% )
                 0      context-switches          #    0.014 K/sec                    ( +-100.00% )
                 3      cpu-migrations            #    0.430 K/sec                  
                66      page-faults               #    0.009 M/sec                    ( +-  0.57% )
   <not supported>      cycles                   
   <not supported>      stalled-cycles-frontend  
   <not supported>      stalled-cycles-backend   
   <not supported>      instructions             
   <not supported>      branches                 
   <not supported>      branch-misses            

       0.002261874 seconds time elapsed                                          ( +-  0.31% )


 Performance counter stats for './mandelbrot_omp -2.5 1.5 -2.0 2.0 128 8' (10 runs):

         11.361691      task-clock (msec)         #    5.618 CPUs utilized            ( +-  0.67% )
                 1      context-switches          #    0.053 K/sec                    ( +- 50.92% )
                 7      cpu-migrations            #    0.616 K/sec                  
                75      page-faults               #    0.007 M/sec                    ( +-  0.39% )
   <not supported>      cycles                   
   <not supported>      stalled-cycles-frontend  
   <not supported>      stalled-cycles-backend   
   <not supported>      instructions             
   <not supported>      branches                 
   <not supported>      branch-misses            

       0.002022328 seconds time elapsed                                          ( +-  0.56% )


 Performance counter stats for './mandelbrot_omp -2.5 1.5 -2.0 2.0 128 16' (10 runs):

          4.458099      task-clock (msec)         #    1.345 CPUs utilized            ( +-  1.38% )
                47      context-switches          #    0.011 M/sec                    ( +-  0.84% )
                28      cpu-migrations            #    0.006 M/sec                    ( +-  2.32% )
                92      page-faults               #    0.021 M/sec                    ( +-  0.41% )
   <not supported>      cycles                   
   <not supported>      stalled-cycles-frontend  
   <not supported>      stalled-cycles-backend   
   <not supported>      instructions             
   <not supported>      branches                 
   <not supported>      branch-misses            

       0.003315010 seconds time elapsed                                          ( +-  3.30% )


 Performance counter stats for './mandelbrot_omp -2.5 1.5 -2.0 2.0 128 32' (10 runs):

          4.863458      task-clock (msec)         #    1.278 CPUs utilized            ( +-  0.92% )
                88      context-switches          #    0.018 M/sec                    ( +-  2.48% )
                59      cpu-migrations            #    0.012 M/sec                    ( +-  3.27% )
               127      page-faults               #    0.026 M/sec                    ( +-  0.20% )
   <not supported>      cycles                   
   <not supported>      stalled-cycles-frontend  
   <not supported>      stalled-cycles-backend   
   <not supported>      instructions             
   <not supported>      branches                 
   <not supported>      branch-misses            

       0.003804317 seconds time elapsed                                          ( +-  5.40% )


 Performance counter stats for './mandelbrot_omp -2.5 1.5 -2.0 2.0 256 2' (10 runs):

         13.150207      task-clock (msec)         #    1.884 CPUs utilized            ( +-  0.20% )
                 0      context-switches          #    0.000 K/sec                  
                 1      cpu-migrations            #    0.076 K/sec                  
                63      page-faults               #    0.005 M/sec                    ( +-  0.24% )
   <not supported>      cycles                   
   <not supported>      stalled-cycles-frontend  
   <not supported>      stalled-cycles-backend   
   <not supported>      instructions             
   <not supported>      branches                 
   <not supported>      branch-misses            

       0.006980743 seconds time elapsed                                          ( +-  0.26% )


 Performance counter stats for './mandelbrot_omp -2.5 1.5 -2.0 2.0 256 4' (10 runs):

         17.957538      task-clock (msec)         #    2.497 CPUs utilized            ( +-  1.34% )
                 2      context-switches          #    0.123 K/sec                    ( +-  6.06% )
                 3      cpu-migrations            #    0.167 K/sec                  
                66      page-faults               #    0.004 M/sec                    ( +-  0.39% )
   <not supported>      cycles                   
   <not supported>      stalled-cycles-frontend  
   <not supported>      stalled-cycles-backend   
   <not supported>      instructions             
   <not supported>      branches                 
   <not supported>      branch-misses            

       0.007191327 seconds time elapsed                                          ( +-  1.97% )


 Performance counter stats for './mandelbrot_omp -2.5 1.5 -2.0 2.0 256 8' (10 runs):

         27.370834      task-clock (msec)         #    4.697 CPUs utilized            ( +-  0.57% )
                 7      context-switches          #    0.241 K/sec                    ( +-  2.47% )
                 7      cpu-migrations            #    0.259 K/sec                    ( +-  1.41% )
                75      page-faults               #    0.003 M/sec                    ( +-  0.31% )
   <not supported>      cycles                   
   <not supported>      stalled-cycles-frontend  
   <not supported>      stalled-cycles-backend   
   <not supported>      instructions             
   <not supported>      branches                 
   <not supported>      branch-misses            

       0.005826825 seconds time elapsed                                          ( +-  0.62% )


 Performance counter stats for './mandelbrot_omp -2.5 1.5 -2.0 2.0 256 16' (10 runs):

         14.593347      task-clock (msec)         #    1.703 CPUs utilized            ( +-  1.67% )
                46      context-switches          #    0.003 M/sec                    ( +-  1.01% )
                32      cpu-migrations            #    0.002 M/sec                    ( +-  2.60% )
                92      page-faults               #    0.006 M/sec                    ( +-  0.32% )
   <not supported>      cycles                   
   <not supported>      stalled-cycles-frontend  
   <not supported>      stalled-cycles-backend   
   <not supported>      instructions             
   <not supported>      branches                 
   <not supported>      branch-misses            

       0.008567295 seconds time elapsed                                          ( +-  4.84% )


 Performance counter stats for './mandelbrot_omp -2.5 1.5 -2.0 2.0 256 32' (10 runs):

         15.286631      task-clock (msec)         #    1.799 CPUs utilized            ( +-  1.96% )
                94      context-switches          #    0.006 M/sec                    ( +-  1.44% )
                66      cpu-migrations            #    0.004 M/sec                    ( +-  3.00% )
               126      page-faults               #    0.008 M/sec                    ( +-  0.12% )
   <not supported>      cycles                   
   <not supported>      stalled-cycles-frontend  
   <not supported>      stalled-cycles-backend   
   <not supported>      instructions             
   <not supported>      branches                 
   <not supported>      branch-misses            

       0.008496065 seconds time elapsed                                          ( +-  4.02% )


 Performance counter stats for './mandelbrot_omp -2.5 1.5 -2.0 2.0 512 2' (10 runs):

         50.422482      task-clock (msec)         #    1.968 CPUs utilized            ( +-  0.04% )
                 1      context-switches          #    0.012 K/sec                    ( +- 56.66% )
                 1      cpu-migrations            #    0.020 K/sec                  
                62      page-faults               #    0.001 M/sec                    ( +-  0.34% )
   <not supported>      cycles                   
   <not supported>      stalled-cycles-frontend  
   <not supported>      stalled-cycles-backend   
   <not supported>      instructions             
   <not supported>      branches                 
   <not supported>      branch-misses            

       0.025623606 seconds time elapsed                                          ( +-  0.05% )


 Performance counter stats for './mandelbrot_omp -2.5 1.5 -2.0 2.0 512 4' (10 runs):

         55.426667      task-clock (msec)         #    2.212 CPUs utilized            ( +-  0.50% )
                 2      context-switches          #    0.038 K/sec                    ( +-  4.76% )
                 3      cpu-migrations            #    0.054 K/sec                  
                66      page-faults               #    0.001 M/sec                    ( +-  0.52% )
   <not supported>      cycles                   
   <not supported>      stalled-cycles-frontend  
   <not supported>      stalled-cycles-backend   
   <not supported>      instructions             
   <not supported>      branches                 
   <not supported>      branch-misses            

       0.025052878 seconds time elapsed                                          ( +-  0.41% )


 Performance counter stats for './mandelbrot_omp -2.5 1.5 -2.0 2.0 512 8' (10 runs):

         69.943878      task-clock (msec)         #    3.313 CPUs utilized            ( +-  3.91% )
                 8      context-switches          #    0.112 K/sec                    ( +-  9.32% )
                 7      cpu-migrations            #    0.106 K/sec                    ( +-  2.21% )
                75      page-faults               #    0.001 M/sec                    ( +-  0.37% )
   <not supported>      cycles                   
   <not supported>      stalled-cycles-frontend  
   <not supported>      stalled-cycles-backend   
   <not supported>      instructions             
   <not supported>      branches                 
   <not supported>      branch-misses            

       0.021109002 seconds time elapsed                                          ( +-  3.67% )


 Performance counter stats for './mandelbrot_omp -2.5 1.5 -2.0 2.0 512 16' (10 runs):

         54.934280      task-clock (msec)         #    2.845 CPUs utilized            ( +-  0.70% )
                47      context-switches          #    0.857 K/sec                    ( +-  1.69% )
                35      cpu-migrations            #    0.639 K/sec                    ( +-  3.25% )
                92      page-faults               #    0.002 M/sec                    ( +-  0.24% )
   <not supported>      cycles                   
   <not supported>      stalled-cycles-frontend  
   <not supported>      stalled-cycles-backend   
   <not supported>      instructions             
   <not supported>      branches                 
   <not supported>      branch-misses            

       0.019312397 seconds time elapsed                                          ( +-  2.03% )


 Performance counter stats for './mandelbrot_omp -2.5 1.5 -2.0 2.0 512 32' (10 runs):

         57.347918      task-clock (msec)         #    3.189 CPUs utilized            ( +-  2.28% )
                90      context-switches          #    0.002 M/sec                    ( +-  2.90% )
                69      cpu-migrations            #    0.001 M/sec                    ( +-  2.59% )
               127      page-faults               #    0.002 M/sec                    ( +-  0.31% )
   <not supported>      cycles                   
   <not supported>      stalled-cycles-frontend  
   <not supported>      stalled-cycles-backend   
   <not supported>      instructions             
   <not supported>      branches                 
   <not supported>      branch-misses            

       0.017983601 seconds time elapsed                                          ( +-  6.29% )


 Performance counter stats for './mandelbrot_omp -2.5 1.5 -2.0 2.0 1024 2' (10 runs):

        199.452657      task-clock (msec)         #    1.990 CPUs utilized            ( +-  0.11% )
                 1      context-switches          #    0.004 K/sec                    ( +- 47.86% )
                 1      cpu-migrations            #    0.005 K/sec                  
                62      page-faults               #    0.311 K/sec                    ( +-  0.56% )
   <not supported>      cycles                   
   <not supported>      stalled-cycles-frontend  
   <not supported>      stalled-cycles-backend   
   <not supported>      instructions             
   <not supported>      branches                 
   <not supported>      branch-misses            

       0.100250168 seconds time elapsed                                          ( +-  0.13% )


 Performance counter stats for './mandelbrot_omp -2.5 1.5 -2.0 2.0 1024 4' (10 runs):

        202.483150      task-clock (msec)         #    2.101 CPUs utilized            ( +-  0.06% )
                 2      context-switches          #    0.012 K/sec                    ( +- 12.29% )
                 3      cpu-migrations            #    0.015 K/sec                  
                66      page-faults               #    0.328 K/sec                    ( +-  0.46% )
   <not supported>      cycles                   
   <not supported>      stalled-cycles-frontend  
   <not supported>      stalled-cycles-backend   
   <not supported>      instructions             
   <not supported>      branches                 
   <not supported>      branch-misses            

       0.096396637 seconds time elapsed                                          ( +-  0.06% )


 Performance counter stats for './mandelbrot_omp -2.5 1.5 -2.0 2.0 1024 8' (10 runs):

        209.893272      task-clock (msec)         #    2.709 CPUs utilized            ( +-  0.07% )
                 8      context-switches          #    0.038 K/sec                    ( +-  7.42% )
                 8      cpu-migrations            #    0.036 K/sec                    ( +-  2.22% )
                75      page-faults               #    0.358 K/sec                    ( +-  0.24% )
   <not supported>      cycles                   
   <not supported>      stalled-cycles-frontend  
   <not supported>      stalled-cycles-backend   
   <not supported>      instructions             
   <not supported>      branches                 
   <not supported>      branch-misses            

       0.077468246 seconds time elapsed                                          ( +-  0.07% )


 Performance counter stats for './mandelbrot_omp -2.5 1.5 -2.0 2.0 1024 16' (10 runs):

        234.433436      task-clock (msec)         #    4.065 CPUs utilized            ( +-  0.35% )
                47      context-switches          #    0.199 K/sec                    ( +-  2.48% )
                35      cpu-migrations            #    0.147 K/sec                    ( +-  1.99% )
                92      page-faults               #    0.395 K/sec                    ( +-  0.29% )
   <not supported>      cycles                   
   <not supported>      stalled-cycles-frontend  
   <not supported>      stalled-cycles-backend   
   <not supported>      instructions             
   <not supported>      branches                 
   <not supported>      branch-misses            

       0.057673575 seconds time elapsed                                          ( +-  2.05% )


 Performance counter stats for './mandelbrot_omp -2.5 1.5 -2.0 2.0 1024 32' (10 runs):

        238.554526      task-clock (msec)         #    4.742 CPUs utilized            ( +-  0.73% )
                90      context-switches          #    0.378 K/sec                    ( +-  3.33% )
                58      cpu-migrations            #    0.241 K/sec                    ( +-  4.21% )
               127      page-faults               #    0.532 K/sec                    ( +-  0.17% )
   <not supported>      cycles                   
   <not supported>      stalled-cycles-frontend  
   <not supported>      stalled-cycles-backend   
   <not supported>      instructions             
   <not supported>      branches                 
   <not supported>      branch-misses            

       0.050306988 seconds time elapsed                                          ( +-  1.56% )


 Performance counter stats for './mandelbrot_omp -2.5 1.5 -2.0 2.0 2048 2' (10 runs):

        792.080182      task-clock (msec)         #    1.994 CPUs utilized            ( +-  0.04% )
                 2      context-switches          #    0.003 K/sec                    ( +- 26.07% )
                 1      cpu-migrations            #    0.001 K/sec                  
                62      page-faults               #    0.078 K/sec                    ( +-  0.58% )
   <not supported>      cycles                   
   <not supported>      stalled-cycles-frontend  
   <not supported>      stalled-cycles-backend   
   <not supported>      instructions             
   <not supported>      branches                 
   <not supported>      branch-misses            

       0.397245572 seconds time elapsed                                          ( +-  0.07% )


 Performance counter stats for './mandelbrot_omp -2.5 1.5 -2.0 2.0 2048 4' (10 runs):

        800.369027      task-clock (msec)         #    2.074 CPUs utilized            ( +-  0.14% )
                 5      context-switches          #    0.006 K/sec                    ( +-  8.43% )
                 3      cpu-migrations            #    0.004 K/sec                    ( +-  3.23% )
                66      page-faults               #    0.083 K/sec                    ( +-  0.34% )
   <not supported>      cycles                   
   <not supported>      stalled-cycles-frontend  
   <not supported>      stalled-cycles-backend   
   <not supported>      instructions             
   <not supported>      branches                 
   <not supported>      branch-misses            

       0.385961439 seconds time elapsed                                          ( +-  0.16% )


 Performance counter stats for './mandelbrot_omp -2.5 1.5 -2.0 2.0 2048 8' (10 runs):

        810.435220      task-clock (msec)         #    2.645 CPUs utilized            ( +-  0.27% )
                12      context-switches          #    0.015 K/sec                    ( +-  7.56% )
                 7      cpu-migrations            #    0.009 K/sec                    ( +-  1.85% )
                75      page-faults               #    0.093 K/sec                    ( +-  0.31% )
   <not supported>      cycles                   
   <not supported>      stalled-cycles-frontend  
   <not supported>      stalled-cycles-backend   
   <not supported>      instructions             
   <not supported>      branches                 
   <not supported>      branch-misses            

       0.306367376 seconds time elapsed                                          ( +-  0.27% )


 Performance counter stats for './mandelbrot_omp -2.5 1.5 -2.0 2.0 2048 16' (10 runs):

        925.867134      task-clock (msec)         #    4.354 CPUs utilized            ( +-  0.60% )
                59      context-switches          #    0.064 K/sec                    ( +-  2.59% )
                38      cpu-migrations            #    0.041 K/sec                    ( +-  3.26% )
                92      page-faults               #    0.100 K/sec                    ( +-  0.17% )
   <not supported>      cycles                   
   <not supported>      stalled-cycles-frontend  
   <not supported>      stalled-cycles-backend   
   <not supported>      instructions             
   <not supported>      branches                 
   <not supported>      branch-misses            

       0.212654559 seconds time elapsed                                          ( +-  0.45% )


 Performance counter stats for './mandelbrot_omp -2.5 1.5 -2.0 2.0 2048 32' (10 runs):

       1031.590860      task-clock (msec)         #    6.288 CPUs utilized            ( +-  1.11% )
               127      context-switches          #    0.123 K/sec                    ( +-  1.47% )
                78      cpu-migrations            #    0.076 K/sec                    ( +-  3.74% )
               126      page-faults               #    0.123 K/sec                    ( +-  0.13% )
   <not supported>      cycles                   
   <not supported>      stalled-cycles-frontend  
   <not supported>      stalled-cycles-backend   
   <not supported>      instructions             
   <not supported>      branches                 
   <not supported>      branch-misses            

       0.164052000 seconds time elapsed                                          ( +-  2.07% )


 Performance counter stats for './mandelbrot_omp -2.5 1.5 -2.0 2.0 4096 2' (10 runs):

       3159.909638      task-clock (msec)         #    1.998 CPUs utilized            ( +-  0.06% )
                 7      context-switches          #    0.002 K/sec                    ( +-  9.37% )
                 1      cpu-migrations            #    0.000 K/sec                    ( +-  9.09% )
                62      page-faults               #    0.020 K/sec                    ( +-  0.49% )
   <not supported>      cycles                   
   <not supported>      stalled-cycles-frontend  
   <not supported>      stalled-cycles-backend   
   <not supported>      instructions             
   <not supported>      branches                 
   <not supported>      branch-misses            

       1.581857942 seconds time elapsed                                          ( +-  0.06% )


 Performance counter stats for './mandelbrot_omp -2.5 1.5 -2.0 2.0 4096 4' (10 runs):

       3222.019267      task-clock (msec)         #    2.054 CPUs utilized            ( +-  0.38% )
                11      context-switches          #    0.003 K/sec                    ( +-  7.53% )
                 3      cpu-migrations            #    0.001 K/sec                    ( +-  3.23% )
                66      page-faults               #    0.021 K/sec                    ( +-  0.53% )
   <not supported>      cycles                   
   <not supported>      stalled-cycles-frontend  
   <not supported>      stalled-cycles-backend   
   <not supported>      instructions             
   <not supported>      branches                 
   <not supported>      branch-misses            

       1.568559160 seconds time elapsed                                          ( +-  0.62% )


 Performance counter stats for './mandelbrot_omp -2.5 1.5 -2.0 2.0 4096 8' (10 runs):

       3179.184725      task-clock (msec)         #    2.610 CPUs utilized            ( +-  0.08% )
                24      context-switches          #    0.007 K/sec                    ( +-  2.82% )
                 8      cpu-migrations            #    0.002 K/sec                    ( +-  2.91% )
                75      page-faults               #    0.023 K/sec                    ( +-  0.35% )
   <not supported>      cycles                   
   <not supported>      stalled-cycles-frontend  
   <not supported>      stalled-cycles-backend   
   <not supported>      instructions             
   <not supported>      branches                 
   <not supported>      branch-misses            

       1.218185921 seconds time elapsed                                          ( +-  0.09% )


 Performance counter stats for './mandelbrot_omp -2.5 1.5 -2.0 2.0 4096 16' (10 runs):

       3806.963464      task-clock (msec)         #    4.397 CPUs utilized            ( +-  0.63% )
                90      context-switches          #    0.024 K/sec                    ( +-  1.20% )
                39      cpu-migrations            #    0.010 K/sec                    ( +-  3.50% )
                92      page-faults               #    0.024 K/sec                    ( +-  0.39% )
   <not supported>      cycles                   
   <not supported>      stalled-cycles-frontend  
   <not supported>      stalled-cycles-backend   
   <not supported>      instructions             
   <not supported>      branches                 
   <not supported>      branch-misses            

       0.865815792 seconds time elapsed                                          ( +-  1.47% )


 Performance counter stats for './mandelbrot_omp -2.5 1.5 -2.0 2.0 4096 32' (10 runs):

       4076.257776      task-clock (msec)         #    6.551 CPUs utilized            ( +-  0.18% )
               204      context-switches          #    0.050 K/sec                    ( +-  1.45% )
                96      cpu-migrations            #    0.024 K/sec                    ( +-  2.46% )
               127      page-faults               #    0.031 K/sec                    ( +-  0.31% )
   <not supported>      cycles                   
   <not supported>      stalled-cycles-frontend  
   <not supported>      stalled-cycles-backend   
   <not supported>      instructions             
   <not supported>      branches                 
   <not supported>      branch-misses            

       0.622203478 seconds time elapsed                                          ( +-  0.97% )


 Performance counter stats for './mandelbrot_omp -2.5 1.5 -2.0 2.0 8192 2' (10 runs):

      12599.074934      task-clock (msec)         #    1.999 CPUs utilized            ( +-  0.02% )
                23      context-switches          #    0.002 K/sec                    ( +-  2.00% )
                 1      cpu-migrations            #    0.000 K/sec                  
                62      page-faults               #    0.005 K/sec                    ( +-  0.27% )
   <not supported>      cycles                   
   <not supported>      stalled-cycles-frontend  
   <not supported>      stalled-cycles-backend   
   <not supported>      instructions             
   <not supported>      branches                 
   <not supported>      branch-misses            

       6.303343153 seconds time elapsed                                          ( +-  0.02% )


 Performance counter stats for './mandelbrot_omp -2.5 1.5 -2.0 2.0 8192 4' (10 runs):

      12635.340670      task-clock (msec)         #    2.078 CPUs utilized            ( +-  0.05% )
                27      context-switches          #    0.002 K/sec                    ( +-  1.83% )
                 3      cpu-migrations            #    0.000 K/sec                    ( +-  4.63% )
                66      page-faults               #    0.005 K/sec                    ( +-  0.32% )
   <not supported>      cycles                   
   <not supported>      stalled-cycles-frontend  
   <not supported>      stalled-cycles-backend   
   <not supported>      instructions             
   <not supported>      branches                 
   <not supported>      branch-misses            

       6.081205815 seconds time elapsed                                          ( +-  0.04% )


 Performance counter stats for './mandelbrot_omp -2.5 1.5 -2.0 2.0 8192 8' (10 runs):

      13348.048005      task-clock (msec)         #    2.703 CPUs utilized            ( +-  0.17% )
                57      context-switches          #    0.004 K/sec                    ( +-  3.33% )
                 7      cpu-migrations            #    0.001 K/sec                    ( +-  2.21% )
                75      page-faults               #    0.006 K/sec                    ( +-  0.20% )
   <not supported>      cycles                   
   <not supported>      stalled-cycles-frontend  
   <not supported>      stalled-cycles-backend   
   <not supported>      instructions             
   <not supported>      branches                 
   <not supported>      branch-misses            

       4.938923668 seconds time elapsed                                          ( +-  0.47% )


 Performance counter stats for './mandelbrot_omp -2.5 1.5 -2.0 2.0 8192 16' (10 runs):

      15211.738660      task-clock (msec)         #    4.344 CPUs utilized            ( +-  0.74% )
               171      context-switches          #    0.011 K/sec                    ( +-  2.23% )
                42      cpu-migrations            #    0.003 K/sec                    ( +-  2.08% )
                93      page-faults               #    0.006 K/sec                    ( +-  0.29% )
   <not supported>      cycles                   
   <not supported>      stalled-cycles-frontend  
   <not supported>      stalled-cycles-backend   
   <not supported>      instructions             
   <not supported>      branches                 
   <not supported>      branch-misses            

       3.501524652 seconds time elapsed                                          ( +-  1.69% )


 Performance counter stats for './mandelbrot_omp -2.5 1.5 -2.0 2.0 8192 32' (10 runs):

      16631.047479      task-clock (msec)         #    6.659 CPUs utilized            ( +-  0.95% )
               542      context-switches          #    0.033 K/sec                    ( +-  1.30% )
               126      cpu-migrations            #    0.008 K/sec                    ( +-  2.74% )
               126      page-faults               #    0.008 K/sec                    ( +-  0.27% )
   <not supported>      cycles                   
   <not supported>      stalled-cycles-frontend  
   <not supported>      stalled-cycles-backend   
   <not supported>      instructions             
   <not supported>      branches                 
   <not supported>      branch-misses            

       2.497680929 seconds time elapsed                                          ( +-  1.89% )

