
 Performance counter stats for './mandelbrot_omp -0.188 -0.012 0.554 0.754 16 2' (10 runs):

          0.856085      task-clock (msec)         #    1.033 CPUs utilized            ( +-  1.42% )
                 0      context-switches          #    0.000 K/sec                  
                 1      cpu-migrations            #    0.001 M/sec                  
                62      page-faults               #    0.073 M/sec                    ( +-  0.29% )
   <not supported>      cycles                   
   <not supported>      stalled-cycles-frontend  
   <not supported>      stalled-cycles-backend   
   <not supported>      instructions             
   <not supported>      branches                 
   <not supported>      branch-misses            

       0.000828594 seconds time elapsed                                          ( +-  1.63% )


 Performance counter stats for './mandelbrot_omp -0.188 -0.012 0.554 0.754 16 4' (10 runs):

          1.077882      task-clock (msec)         #    1.406 CPUs utilized            ( +-  0.77% )
                 0      context-switches          #    0.000 K/sec                  
                 3      cpu-migrations            #    0.003 M/sec                  
                66      page-faults               #    0.062 M/sec                    ( +-  0.25% )
   <not supported>      cycles                   
   <not supported>      stalled-cycles-frontend  
   <not supported>      stalled-cycles-backend   
   <not supported>      instructions             
   <not supported>      branches                 
   <not supported>      branch-misses            

       0.000766826 seconds time elapsed                                          ( +-  0.96% )


 Performance counter stats for './mandelbrot_omp -0.188 -0.012 0.554 0.754 16 8' (10 runs):

          1.581986      task-clock (msec)         #    2.030 CPUs utilized            ( +-  0.69% )
                 0      context-switches          #    0.000 K/sec                  
                 7      cpu-migrations            #    0.004 M/sec                  
                75      page-faults               #    0.048 M/sec                    ( +-  0.41% )
   <not supported>      cycles                   
   <not supported>      stalled-cycles-frontend  
   <not supported>      stalled-cycles-backend   
   <not supported>      instructions             
   <not supported>      branches                 
   <not supported>      branch-misses            

       0.000779390 seconds time elapsed                                          ( +-  0.67% )


 Performance counter stats for './mandelbrot_omp -0.188 -0.012 0.554 0.754 16 16' (10 runs):

          1.394073      task-clock (msec)         #    1.190 CPUs utilized            ( +-  1.20% )
                48      context-switches          #    0.034 M/sec                    ( +-  0.65% )
                26      cpu-migrations            #    0.018 M/sec                    ( +-  2.98% )
                92      page-faults               #    0.066 M/sec                    ( +-  0.25% )
   <not supported>      cycles                   
   <not supported>      stalled-cycles-frontend  
   <not supported>      stalled-cycles-backend   
   <not supported>      instructions             
   <not supported>      branches                 
   <not supported>      branch-misses            

       0.001171499 seconds time elapsed                                          ( +-  1.24% )


 Performance counter stats for './mandelbrot_omp -0.188 -0.012 0.554 0.754 16 32' (10 runs):

          1.809503      task-clock (msec)         #    1.166 CPUs utilized            ( +-  1.71% )
                85      context-switches          #    0.047 M/sec                    ( +-  4.02% )
                49      cpu-migrations            #    0.027 M/sec                    ( +-  4.65% )
               127      page-faults               #    0.070 M/sec                    ( +-  0.23% )
   <not supported>      cycles                   
   <not supported>      stalled-cycles-frontend  
   <not supported>      stalled-cycles-backend   
   <not supported>      instructions             
   <not supported>      branches                 
   <not supported>      branch-misses            

       0.001552228 seconds time elapsed                                          ( +-  1.63% )


 Performance counter stats for './mandelbrot_omp -0.188 -0.012 0.554 0.754 32 2' (10 runs):

          2.162895      task-clock (msec)         #    1.449 CPUs utilized            ( +-  0.16% )
                 0      context-switches          #    0.000 K/sec                  
                 1      cpu-migrations            #    0.462 K/sec                  
                62      page-faults               #    0.029 M/sec                    ( +-  0.45% )
   <not supported>      cycles                   
   <not supported>      stalled-cycles-frontend  
   <not supported>      stalled-cycles-backend   
   <not supported>      instructions             
   <not supported>      branches                 
   <not supported>      branch-misses            

       0.001492716 seconds time elapsed                                          ( +-  0.51% )


 Performance counter stats for './mandelbrot_omp -0.188 -0.012 0.554 0.754 32 4' (10 runs):

          2.270015      task-clock (msec)         #    2.174 CPUs utilized            ( +-  0.46% )
                 0      context-switches          #    0.000 K/sec                  
                 3      cpu-migrations            #    0.001 M/sec                  
                66      page-faults               #    0.029 M/sec                    ( +-  0.38% )
   <not supported>      cycles                   
   <not supported>      stalled-cycles-frontend  
   <not supported>      stalled-cycles-backend   
   <not supported>      instructions             
   <not supported>      branches                 
   <not supported>      branch-misses            

       0.001044225 seconds time elapsed                                          ( +-  0.75% )


 Performance counter stats for './mandelbrot_omp -0.188 -0.012 0.554 0.754 32 8' (10 runs):

          3.314267      task-clock (msec)         #    3.274 CPUs utilized            ( +-  0.95% )
                 0      context-switches          #    0.030 K/sec                    ( +-100.00% )
                 7      cpu-migrations            #    0.002 M/sec                  
                75      page-faults               #    0.023 M/sec                    ( +-  0.40% )
   <not supported>      cycles                   
   <not supported>      stalled-cycles-frontend  
   <not supported>      stalled-cycles-backend   
   <not supported>      instructions             
   <not supported>      branches                 
   <not supported>      branch-misses            

       0.001012227 seconds time elapsed                                          ( +-  0.60% )


 Performance counter stats for './mandelbrot_omp -0.188 -0.012 0.554 0.754 32 16' (10 runs):

          2.823745      task-clock (msec)         #    1.483 CPUs utilized            ( +-  0.82% )
                48      context-switches          #    0.017 M/sec                    ( +-  0.42% )
                27      cpu-migrations            #    0.010 M/sec                    ( +-  1.66% )
                92      page-faults               #    0.033 M/sec                    ( +-  0.25% )
   <not supported>      cycles                   
   <not supported>      stalled-cycles-frontend  
   <not supported>      stalled-cycles-backend   
   <not supported>      instructions             
   <not supported>      branches                 
   <not supported>      branch-misses            

       0.001904570 seconds time elapsed                                          ( +-  1.51% )


 Performance counter stats for './mandelbrot_omp -0.188 -0.012 0.554 0.754 32 32' (10 runs):

          3.315793      task-clock (msec)         #    1.346 CPUs utilized            ( +-  0.85% )
                94      context-switches          #    0.028 M/sec                    ( +-  1.81% )
                59      cpu-migrations            #    0.018 M/sec                    ( +-  2.81% )
               127      page-faults               #    0.038 M/sec                    ( +-  0.14% )
   <not supported>      cycles                   
   <not supported>      stalled-cycles-frontend  
   <not supported>      stalled-cycles-backend   
   <not supported>      instructions             
   <not supported>      branches                 
   <not supported>      branch-misses            

       0.002462695 seconds time elapsed                                          ( +-  1.47% )


 Performance counter stats for './mandelbrot_omp -0.188 -0.012 0.554 0.754 64 2' (10 runs):

          7.356189      task-clock (msec)         #    1.794 CPUs utilized            ( +-  0.08% )
                 0      context-switches          #    0.000 K/sec                  
                 1      cpu-migrations            #    0.136 K/sec                  
                62      page-faults               #    0.008 M/sec                    ( +-  0.27% )
   <not supported>      cycles                   
   <not supported>      stalled-cycles-frontend  
   <not supported>      stalled-cycles-backend   
   <not supported>      instructions             
   <not supported>      branches                 
   <not supported>      branch-misses            

       0.004099578 seconds time elapsed                                          ( +-  0.21% )


 Performance counter stats for './mandelbrot_omp -0.188 -0.012 0.554 0.754 64 4' (10 runs):

          7.946914      task-clock (msec)         #    3.206 CPUs utilized            ( +-  1.41% )
                 0      context-switches          #    0.000 K/sec                  
                 3      cpu-migrations            #    0.378 K/sec                  
                66      page-faults               #    0.008 M/sec                    ( +-  0.63% )
   <not supported>      cycles                   
   <not supported>      stalled-cycles-frontend  
   <not supported>      stalled-cycles-backend   
   <not supported>      instructions             
   <not supported>      branches                 
   <not supported>      branch-misses            

       0.002479118 seconds time elapsed                                          ( +-  1.30% )


 Performance counter stats for './mandelbrot_omp -0.188 -0.012 0.554 0.754 64 8' (10 runs):

          9.998625      task-clock (msec)         #    5.434 CPUs utilized            ( +-  0.11% )
                 0      context-switches          #    0.040 K/sec                    ( +- 55.28% )
                 7      cpu-migrations            #    0.700 K/sec                  
                75      page-faults               #    0.008 M/sec                    ( +-  0.20% )
   <not supported>      cycles                   
   <not supported>      stalled-cycles-frontend  
   <not supported>      stalled-cycles-backend   
   <not supported>      instructions             
   <not supported>      branches                 
   <not supported>      branch-misses            

       0.001840166 seconds time elapsed                                          ( +-  0.23% )


 Performance counter stats for './mandelbrot_omp -0.188 -0.012 0.554 0.754 64 16' (10 runs):

          8.481488      task-clock (msec)         #    3.158 CPUs utilized            ( +-  1.02% )
                45      context-switches          #    0.005 M/sec                    ( +-  2.49% )
                33      cpu-migrations            #    0.004 M/sec                    ( +-  3.03% )
                92      page-faults               #    0.011 M/sec                    ( +-  0.24% )
   <not supported>      cycles                   
   <not supported>      stalled-cycles-frontend  
   <not supported>      stalled-cycles-backend   
   <not supported>      instructions             
   <not supported>      branches                 
   <not supported>      branch-misses            

       0.002686132 seconds time elapsed                                          ( +-  2.37% )


 Performance counter stats for './mandelbrot_omp -0.188 -0.012 0.554 0.754 64 32' (10 runs):

          8.829796      task-clock (msec)         #    2.052 CPUs utilized            ( +-  0.93% )
                90      context-switches          #    0.010 M/sec                    ( +-  2.70% )
                61      cpu-migrations            #    0.007 M/sec                    ( +-  5.09% )
               126      page-faults               #    0.014 M/sec                    ( +-  0.17% )
   <not supported>      cycles                   
   <not supported>      stalled-cycles-frontend  
   <not supported>      stalled-cycles-backend   
   <not supported>      instructions             
   <not supported>      branches                 
   <not supported>      branch-misses            

       0.004304015 seconds time elapsed                                          ( +-  6.42% )


 Performance counter stats for './mandelbrot_omp -0.188 -0.012 0.554 0.754 128 2' (10 runs):

         27.895449      task-clock (msec)         #    1.931 CPUs utilized            ( +-  0.06% )
                 1      context-switches          #    0.039 K/sec                    ( +-  9.09% )
                 1      cpu-migrations            #    0.036 K/sec                  
                62      page-faults               #    0.002 M/sec                    ( +-  0.21% )
   <not supported>      cycles                   
   <not supported>      stalled-cycles-frontend  
   <not supported>      stalled-cycles-backend   
   <not supported>      instructions             
   <not supported>      branches                 
   <not supported>      branch-misses            

       0.014445258 seconds time elapsed                                          ( +-  0.06% )


 Performance counter stats for './mandelbrot_omp -0.188 -0.012 0.554 0.754 128 4' (10 runs):

         29.462037      task-clock (msec)         #    3.706 CPUs utilized            ( +-  1.76% )
                 1      context-switches          #    0.044 K/sec                    ( +- 16.42% )
                 3      cpu-migrations            #    0.102 K/sec                  
                67      page-faults               #    0.002 M/sec                    ( +-  0.23% )
   <not supported>      cycles                   
   <not supported>      stalled-cycles-frontend  
   <not supported>      stalled-cycles-backend   
   <not supported>      instructions             
   <not supported>      branches                 
   <not supported>      branch-misses            

       0.007949833 seconds time elapsed                                          ( +-  2.25% )


 Performance counter stats for './mandelbrot_omp -0.188 -0.012 0.554 0.754 128 8' (10 runs):

         39.013555      task-clock (msec)         #    6.561 CPUs utilized            ( +-  5.52% )
                 2      context-switches          #    0.059 K/sec                    ( +- 51.87% )
                 7      cpu-migrations            #    0.179 K/sec                  
                75      page-faults               #    0.002 M/sec                    ( +-  0.22% )
   <not supported>      cycles                   
   <not supported>      stalled-cycles-frontend  
   <not supported>      stalled-cycles-backend   
   <not supported>      instructions             
   <not supported>      branches                 
   <not supported>      branch-misses            

       0.005946712 seconds time elapsed                                          ( +- 12.47% )


 Performance counter stats for './mandelbrot_omp -0.188 -0.012 0.554 0.754 128 16' (10 runs):

         31.089910      task-clock (msec)         #    3.830 CPUs utilized            ( +-  1.20% )
                47      context-switches          #    0.002 M/sec                    ( +-  0.82% )
                32      cpu-migrations            #    0.001 M/sec                    ( +-  4.13% )
                92      page-faults               #    0.003 M/sec                    ( +-  0.22% )
   <not supported>      cycles                   
   <not supported>      stalled-cycles-frontend  
   <not supported>      stalled-cycles-backend   
   <not supported>      instructions             
   <not supported>      branches                 
   <not supported>      branch-misses            

       0.008116637 seconds time elapsed                                          ( +-  7.60% )


 Performance counter stats for './mandelbrot_omp -0.188 -0.012 0.554 0.754 128 32' (10 runs):

         31.855305      task-clock (msec)         #    3.956 CPUs utilized            ( +-  1.13% )
                86      context-switches          #    0.003 M/sec                    ( +-  2.44% )
                69      cpu-migrations            #    0.002 M/sec                    ( +-  6.65% )
               126      page-faults               #    0.004 M/sec                    ( +-  0.12% )
   <not supported>      cycles                   
   <not supported>      stalled-cycles-frontend  
   <not supported>      stalled-cycles-backend   
   <not supported>      instructions             
   <not supported>      branches                 
   <not supported>      branch-misses            

       0.008051687 seconds time elapsed                                          ( +-  4.31% )


 Performance counter stats for './mandelbrot_omp -0.188 -0.012 0.554 0.754 256 2' (10 runs):

        105.559151      task-clock (msec)         #    1.891 CPUs utilized            ( +-  0.08% )
                 1      context-switches          #    0.010 K/sec                    ( +-  9.09% )
                 1      cpu-migrations            #    0.010 K/sec                    ( +-  9.09% )
                62      page-faults               #    0.586 K/sec                    ( +-  0.51% )
   <not supported>      cycles                   
   <not supported>      stalled-cycles-frontend  
   <not supported>      stalled-cycles-backend   
   <not supported>      instructions             
   <not supported>      branches                 
   <not supported>      branch-misses            

       0.055836067 seconds time elapsed                                          ( +-  0.08% )


 Performance counter stats for './mandelbrot_omp -0.188 -0.012 0.554 0.754 256 4' (10 runs):

        112.462833      task-clock (msec)         #    3.678 CPUs utilized            ( +-  1.20% )
                 2      context-switches          #    0.020 K/sec                    ( +- 16.32% )
                 3      cpu-migrations            #    0.027 K/sec                  
                66      page-faults               #    0.583 K/sec                    ( +-  0.65% )
   <not supported>      cycles                   
   <not supported>      stalled-cycles-frontend  
   <not supported>      stalled-cycles-backend   
   <not supported>      instructions             
   <not supported>      branches                 
   <not supported>      branch-misses            

       0.030581285 seconds time elapsed                                          ( +-  1.88% )


 Performance counter stats for './mandelbrot_omp -0.188 -0.012 0.554 0.754 256 8' (10 runs):

        139.676797      task-clock (msec)         #    7.419 CPUs utilized            ( +-  0.25% )
                 8      context-switches          #    0.060 K/sec                    ( +-  4.05% )
                 7      cpu-migrations            #    0.052 K/sec                    ( +-  1.85% )
                75      page-faults               #    0.538 K/sec                    ( +-  0.24% )
   <not supported>      cycles                   
   <not supported>      stalled-cycles-frontend  
   <not supported>      stalled-cycles-backend   
   <not supported>      instructions             
   <not supported>      branches                 
   <not supported>      branch-misses            

       0.018827059 seconds time elapsed                                          ( +-  0.22% )


 Performance counter stats for './mandelbrot_omp -0.188 -0.012 0.554 0.754 256 16' (10 runs):

        127.030367      task-clock (msec)         #    6.001 CPUs utilized            ( +-  0.50% )
                46      context-switches          #    0.365 K/sec                    ( +-  3.37% )
                34      cpu-migrations            #    0.266 K/sec                    ( +-  4.04% )
                92      page-faults               #    0.724 K/sec                    ( +-  0.32% )
   <not supported>      cycles                   
   <not supported>      stalled-cycles-frontend  
   <not supported>      stalled-cycles-backend   
   <not supported>      instructions             
   <not supported>      branches                 
   <not supported>      branch-misses            

       0.021169026 seconds time elapsed                                          ( +-  1.74% )


 Performance counter stats for './mandelbrot_omp -0.188 -0.012 0.554 0.754 256 32' (10 runs):

        131.077088      task-clock (msec)         #    6.664 CPUs utilized            ( +-  0.21% )
                85      context-switches          #    0.646 K/sec                    ( +-  3.07% )
                70      cpu-migrations            #    0.537 K/sec                    ( +-  3.68% )
               127      page-faults               #    0.967 K/sec                    ( +-  0.17% )
   <not supported>      cycles                   
   <not supported>      stalled-cycles-frontend  
   <not supported>      stalled-cycles-backend   
   <not supported>      instructions             
   <not supported>      branches                 
   <not supported>      branch-misses            

       0.019668388 seconds time elapsed                                          ( +-  1.26% )


 Performance counter stats for './mandelbrot_omp -0.188 -0.012 0.554 0.754 512 2' (10 runs):

        415.877467      task-clock (msec)         #    1.882 CPUs utilized            ( +-  0.02% )
                 2      context-switches          #    0.005 K/sec                    ( +- 25.05% )
                 1      cpu-migrations            #    0.002 K/sec                  
                62      page-faults               #    0.150 K/sec                    ( +-  0.40% )
   <not supported>      cycles                   
   <not supported>      stalled-cycles-frontend  
   <not supported>      stalled-cycles-backend   
   <not supported>      instructions             
   <not supported>      branches                 
   <not supported>      branch-misses            

       0.220954367 seconds time elapsed                                          ( +-  0.02% )


 Performance counter stats for './mandelbrot_omp -0.188 -0.012 0.554 0.754 512 4' (10 runs):

        431.334365      task-clock (msec)         #    3.684 CPUs utilized            ( +-  1.43% )
                 3      context-switches          #    0.008 K/sec                    ( +- 11.76% )
                 3      cpu-migrations            #    0.007 K/sec                  
                66      page-faults               #    0.152 K/sec                    ( +-  0.34% )
   <not supported>      cycles                   
   <not supported>      stalled-cycles-frontend  
   <not supported>      stalled-cycles-backend   
   <not supported>      instructions             
   <not supported>      branches                 
   <not supported>      branch-misses            

       0.117082652 seconds time elapsed                                          ( +-  1.74% )


 Performance counter stats for './mandelbrot_omp -0.188 -0.012 0.554 0.754 512 8' (10 runs):

        520.377530      task-clock (msec)         #    7.295 CPUs utilized            ( +-  0.13% )
                21      context-switches          #    0.041 K/sec                    ( +-  2.71% )
                 7      cpu-migrations            #    0.013 K/sec                  
                75      page-faults               #    0.145 K/sec                    ( +-  0.28% )
   <not supported>      cycles                   
   <not supported>      stalled-cycles-frontend  
   <not supported>      stalled-cycles-backend   
   <not supported>      instructions             
   <not supported>      branches                 
   <not supported>      branch-misses            

       0.071333938 seconds time elapsed                                          ( +-  0.21% )


 Performance counter stats for './mandelbrot_omp -0.188 -0.012 0.554 0.754 512 16' (10 runs):

        520.568280      task-clock (msec)         #    6.653 CPUs utilized            ( +-  0.95% )
                66      context-switches          #    0.127 K/sec                    ( +-  1.51% )
                40      cpu-migrations            #    0.076 K/sec                    ( +-  2.51% )
                92      page-faults               #    0.177 K/sec                    ( +-  0.28% )
   <not supported>      cycles                   
   <not supported>      stalled-cycles-frontend  
   <not supported>      stalled-cycles-backend   
   <not supported>      instructions             
   <not supported>      branches                 
   <not supported>      branch-misses            

       0.078245329 seconds time elapsed                                          ( +-  2.17% )


 Performance counter stats for './mandelbrot_omp -0.188 -0.012 0.554 0.754 512 32' (10 runs):

        522.665045      task-clock (msec)         #    7.254 CPUs utilized            ( +-  0.22% )
               122      context-switches          #    0.233 K/sec                    ( +-  3.00% )
                87      cpu-migrations            #    0.167 K/sec                    ( +-  2.87% )
               127      page-faults               #    0.242 K/sec                    ( +-  0.17% )
   <not supported>      cycles                   
   <not supported>      stalled-cycles-frontend  
   <not supported>      stalled-cycles-backend   
   <not supported>      instructions             
   <not supported>      branches                 
   <not supported>      branch-misses            

       0.072055449 seconds time elapsed                                          ( +-  0.76% )


 Performance counter stats for './mandelbrot_omp -0.188 -0.012 0.554 0.754 1024 2' (10 runs):

       1656.270859      task-clock (msec)         #    1.879 CPUs utilized            ( +-  0.03% )
                 4      context-switches          #    0.002 K/sec                    ( +- 12.91% )
                 1      cpu-migrations            #    0.001 K/sec                  
                62      page-faults               #    0.038 K/sec                    ( +-  0.35% )
   <not supported>      cycles                   
   <not supported>      stalled-cycles-frontend  
   <not supported>      stalled-cycles-backend   
   <not supported>      instructions             
   <not supported>      branches                 
   <not supported>      branch-misses            

       0.881346448 seconds time elapsed                                          ( +-  0.03% )


 Performance counter stats for './mandelbrot_omp -0.188 -0.012 0.554 0.754 1024 4' (10 runs):

       1662.918248      task-clock (msec)         #    3.682 CPUs utilized            ( +-  0.05% )
                 7      context-switches          #    0.004 K/sec                    ( +- 15.35% )
                 3      cpu-migrations            #    0.002 K/sec                  
                66      page-faults               #    0.040 K/sec                    ( +-  0.44% )
   <not supported>      cycles                   
   <not supported>      stalled-cycles-frontend  
   <not supported>      stalled-cycles-backend   
   <not supported>      instructions             
   <not supported>      branches                 
   <not supported>      branch-misses            

       0.451631929 seconds time elapsed                                          ( +-  0.02% )


 Performance counter stats for './mandelbrot_omp -0.188 -0.012 0.554 0.754 1024 8' (10 runs):

       2042.009440      task-clock (msec)         #    7.168 CPUs utilized            ( +-  0.33% )
                35      context-switches          #    0.017 K/sec                    ( +-  5.71% )
                 7      cpu-migrations            #    0.003 K/sec                  
                75      page-faults               #    0.037 K/sec                    ( +-  0.43% )
   <not supported>      cycles                   
   <not supported>      stalled-cycles-frontend  
   <not supported>      stalled-cycles-backend   
   <not supported>      instructions             
   <not supported>      branches                 
   <not supported>      branch-misses            

       0.284887278 seconds time elapsed                                          ( +-  0.18% )


 Performance counter stats for './mandelbrot_omp -0.188 -0.012 0.554 0.754 1024 16' (10 runs):

       2063.847730      task-clock (msec)         #    7.352 CPUs utilized            ( +-  0.13% )
               128      context-switches          #    0.062 K/sec                    ( +-  2.21% )
                43      cpu-migrations            #    0.021 K/sec                    ( +-  3.45% )
                92      page-faults               #    0.045 K/sec                    ( +-  0.41% )
   <not supported>      cycles                   
   <not supported>      stalled-cycles-frontend  
   <not supported>      stalled-cycles-backend   
   <not supported>      instructions             
   <not supported>      branches                 
   <not supported>      branch-misses            

       0.280721340 seconds time elapsed                                          ( +-  0.71% )


 Performance counter stats for './mandelbrot_omp -0.188 -0.012 0.554 0.754 1024 32' (10 runs):

       2091.766539      task-clock (msec)         #    7.641 CPUs utilized            ( +-  0.06% )
               246      context-switches          #    0.118 K/sec                    ( +-  1.41% )
                92      cpu-migrations            #    0.044 K/sec                    ( +-  2.74% )
               127      page-faults               #    0.061 K/sec                    ( +-  0.21% )
   <not supported>      cycles                   
   <not supported>      stalled-cycles-frontend  
   <not supported>      stalled-cycles-backend   
   <not supported>      instructions             
   <not supported>      branches                 
   <not supported>      branch-misses            

       0.273768929 seconds time elapsed                                          ( +-  0.38% )


 Performance counter stats for './mandelbrot_omp -0.188 -0.012 0.554 0.754 2048 2' (10 runs):

       6627.159026      task-clock (msec)         #    1.877 CPUs utilized            ( +-  0.10% )
                13      context-switches          #    0.002 K/sec                    ( +-  3.39% )
                 1      cpu-migrations            #    0.000 K/sec                  
                62      page-faults               #    0.009 K/sec                    ( +-  0.32% )
   <not supported>      cycles                   
   <not supported>      stalled-cycles-frontend  
   <not supported>      stalled-cycles-backend   
   <not supported>      instructions             
   <not supported>      branches                 
   <not supported>      branch-misses            

       3.530220050 seconds time elapsed                                          ( +-  0.18% )


 Performance counter stats for './mandelbrot_omp -0.188 -0.012 0.554 0.754 2048 4' (10 runs):

       7219.215750      task-clock (msec)         #    3.596 CPUs utilized            ( +-  1.47% )
                18      context-switches          #    0.002 K/sec                    ( +-  4.22% )
                 3      cpu-migrations            #    0.000 K/sec                    ( +-  3.23% )
                66      page-faults               #    0.009 K/sec                    ( +-  0.34% )
   <not supported>      cycles                   
   <not supported>      stalled-cycles-frontend  
   <not supported>      stalled-cycles-backend   
   <not supported>      instructions             
   <not supported>      branches                 
   <not supported>      branch-misses            

       2.007455381 seconds time elapsed                                          ( +-  1.93% )


 Performance counter stats for './mandelbrot_omp -0.188 -0.012 0.554 0.754 2048 8' (10 runs):

       8201.584015      task-clock (msec)         #    7.100 CPUs utilized            ( +-  0.94% )
                54      context-switches          #    0.007 K/sec                    ( +-  7.49% )
                 7      cpu-migrations            #    0.001 K/sec                    ( +-  4.11% )
                75      page-faults               #    0.009 K/sec                    ( +-  0.33% )
   <not supported>      cycles                   
   <not supported>      stalled-cycles-frontend  
   <not supported>      stalled-cycles-backend   
   <not supported>      instructions             
   <not supported>      branches                 
   <not supported>      branch-misses            

       1.155197219 seconds time elapsed                                          ( +-  2.96% )


 Performance counter stats for './mandelbrot_omp -0.188 -0.012 0.554 0.754 2048 16' (10 runs):

       8298.994796      task-clock (msec)         #    7.600 CPUs utilized            ( +-  0.21% )
               460      context-switches          #    0.055 K/sec                    ( +-  3.00% )
                54      cpu-migrations            #    0.006 K/sec                    ( +-  6.06% )
                92      page-faults               #    0.011 K/sec                    ( +-  0.24% )
   <not supported>      cycles                   
   <not supported>      stalled-cycles-frontend  
   <not supported>      stalled-cycles-backend   
   <not supported>      instructions             
   <not supported>      branches                 
   <not supported>      branch-misses            

       1.091952143 seconds time elapsed                                          ( +-  0.47% )


 Performance counter stats for './mandelbrot_omp -0.188 -0.012 0.554 0.754 2048 32' (10 runs):

       8381.346198      task-clock (msec)         #    7.841 CPUs utilized            ( +-  0.05% )
               855      context-switches          #    0.102 K/sec                    ( +-  2.57% )
               115      cpu-migrations            #    0.014 K/sec                    ( +-  4.30% )
               126      page-faults               #    0.015 K/sec                    ( +-  0.34% )
   <not supported>      cycles                   
   <not supported>      stalled-cycles-frontend  
   <not supported>      stalled-cycles-backend   
   <not supported>      instructions             
   <not supported>      branches                 
   <not supported>      branch-misses            

       1.068861517 seconds time elapsed                                          ( +-  0.17% )


 Performance counter stats for './mandelbrot_omp -0.188 -0.012 0.554 0.754 4096 2' (10 runs):

      26545.894591      task-clock (msec)         #    1.884 CPUs utilized            ( +-  0.03% )
                47      context-switches          #    0.002 K/sec                    ( +-  1.47% )
                 1      cpu-migrations            #    0.000 K/sec                  
                62      page-faults               #    0.002 K/sec                    ( +-  0.47% )
   <not supported>      cycles                   
   <not supported>      stalled-cycles-frontend  
   <not supported>      stalled-cycles-backend   
   <not supported>      instructions             
   <not supported>      branches                 
   <not supported>      branch-misses            

      14.087414908 seconds time elapsed                                          ( +-  0.02% )


 Performance counter stats for './mandelbrot_omp -0.188 -0.012 0.554 0.754 4096 4' (10 runs):

      27437.499810      task-clock (msec)         #    3.567 CPUs utilized            ( +-  0.81% )
                50      context-switches          #    0.002 K/sec                    ( +-  1.23% )
                 4      cpu-migrations            #    0.000 K/sec                    ( +-  6.39% )
                66      page-faults               #    0.002 K/sec                    ( +-  0.25% )
   <not supported>      cycles                   
   <not supported>      stalled-cycles-frontend  
   <not supported>      stalled-cycles-backend   
   <not supported>      instructions             
   <not supported>      branches                 
   <not supported>      branch-misses            

       7.691577257 seconds time elapsed                                          ( +-  1.38% )


 Performance counter stats for './mandelbrot_omp -0.188 -0.012 0.554 0.754 4096 8' (10 runs):

      32621.114547      task-clock (msec)         #    7.071 CPUs utilized            ( +-  0.69% )
               109      context-switches          #    0.003 K/sec                    ( +-  6.01% )
                 7      cpu-migrations            #    0.000 K/sec                    ( +-  4.13% )
                75      page-faults               #    0.002 K/sec                    ( +-  0.28% )
   <not supported>      cycles                   
   <not supported>      stalled-cycles-frontend  
   <not supported>      stalled-cycles-backend   
   <not supported>      instructions             
   <not supported>      branches                 
   <not supported>      branch-misses            

       4.613387261 seconds time elapsed                                          ( +-  2.76% )


 Performance counter stats for './mandelbrot_omp -0.188 -0.012 0.554 0.754 4096 16' (10 runs):

      33210.258218      task-clock (msec)         #    7.779 CPUs utilized            ( +-  0.11% )
             1,913      context-switches          #    0.058 K/sec                    ( +-  0.40% )
                68      cpu-migrations            #    0.002 K/sec                    ( +-  4.34% )
                92      page-faults               #    0.003 K/sec                    ( +-  0.28% )
   <not supported>      cycles                   
   <not supported>      stalled-cycles-frontend  
   <not supported>      stalled-cycles-backend   
   <not supported>      instructions             
   <not supported>      branches                 
   <not supported>      branch-misses            

       4.269091492 seconds time elapsed                                          ( +-  0.24% )


 Performance counter stats for './mandelbrot_omp -0.188 -0.012 0.554 0.754 4096 32' (10 runs):

      33853.188087      task-clock (msec)         #    7.884 CPUs utilized            ( +-  0.93% )
             3,787      context-switches          #    0.112 K/sec                    ( +-  0.73% )
               144      cpu-migrations            #    0.004 K/sec                    ( +-  2.99% )
               126      page-faults               #    0.004 K/sec                    ( +-  0.24% )
   <not supported>      cycles                   
   <not supported>      stalled-cycles-frontend  
   <not supported>      stalled-cycles-backend   
   <not supported>      instructions             
   <not supported>      branches                 
   <not supported>      branch-misses            

       4.294009318 seconds time elapsed                                          ( +-  1.32% )


 Performance counter stats for './mandelbrot_omp -0.188 -0.012 0.554 0.754 8192 2' (10 runs):

     106064.294055      task-clock (msec)         #    1.875 CPUs utilized            ( +-  0.02% )
               182      context-switches          #    0.002 K/sec                    ( +-  1.02% )
                 1      cpu-migrations            #    0.000 K/sec                  
                62      page-faults               #    0.001 K/sec                    ( +-  0.56% )
   <not supported>      cycles                   
   <not supported>      stalled-cycles-frontend  
   <not supported>      stalled-cycles-backend   
   <not supported>      instructions             
   <not supported>      branches                 
   <not supported>      branch-misses            

      56.580773511 seconds time elapsed                                          ( +-  0.03% )


 Performance counter stats for './mandelbrot_omp -0.188 -0.012 0.554 0.754 8192 4' (10 runs):

     110554.877180      task-clock (msec)         #    3.545 CPUs utilized            ( +-  0.45% )
               187      context-switches          #    0.002 K/sec                    ( +-  1.49% )
                 4      cpu-migrations            #    0.000 K/sec                    ( +-  9.91% )
                66      page-faults               #    0.001 K/sec                    ( +-  0.35% )
   <not supported>      cycles                   
   <not supported>      stalled-cycles-frontend  
   <not supported>      stalled-cycles-backend   
   <not supported>      instructions             
   <not supported>      branches                 
   <not supported>      branch-misses            

      31.186438588 seconds time elapsed                                          ( +-  0.79% )


 Performance counter stats for './mandelbrot_omp -0.188 -0.012 0.554 0.754 8192 8' (10 runs):

     131675.729105      task-clock (msec)         #    6.938 CPUs utilized            ( +-  1.09% )
               322      context-switches          #    0.002 K/sec                    ( +-  2.99% )
                10      cpu-migrations            #    0.000 K/sec                    ( +-  5.20% )
                75      page-faults               #    0.001 K/sec                    ( +-  0.40% )
   <not supported>      cycles                   
   <not supported>      stalled-cycles-frontend  
   <not supported>      stalled-cycles-backend   
   <not supported>      instructions             
   <not supported>      branches                 
   <not supported>      branch-misses            

      18.978205603 seconds time elapsed                                          ( +-  2.88% )


 Performance counter stats for './mandelbrot_omp -0.188 -0.012 0.554 0.754 8192 16' (10 runs):

     132847.613934      task-clock (msec)         #    7.871 CPUs utilized            ( +-  0.03% )
             7,565      context-switches          #    0.057 K/sec                    ( +-  0.30% )
               147      cpu-migrations            #    0.001 K/sec                    ( +-  3.07% )
                92      page-faults               #    0.001 K/sec                    ( +-  0.36% )
   <not supported>      cycles                   
   <not supported>      stalled-cycles-frontend  
   <not supported>      stalled-cycles-backend   
   <not supported>      instructions             
   <not supported>      branches                 
   <not supported>      branch-misses            

      16.877308796 seconds time elapsed                                          ( +-  0.10% )


 Performance counter stats for './mandelbrot_omp -0.188 -0.012 0.554 0.754 8192 32' (10 runs):

     135513.414694      task-clock (msec)         #    7.930 CPUs utilized            ( +-  0.97% )
            15,357      context-switches          #    0.113 K/sec                    ( +-  1.00% )
               254      cpu-migrations            #    0.002 K/sec                    ( +-  3.99% )
               126      page-faults               #    0.001 K/sec                    ( +-  0.26% )
   <not supported>      cycles                   
   <not supported>      stalled-cycles-frontend  
   <not supported>      stalled-cycles-backend   
   <not supported>      instructions             
   <not supported>      branches                 
   <not supported>      branch-misses            

      17.089449182 seconds time elapsed                                          ( +-  1.22% )

